<?xml version="1.0" encoding="UTF-8"?>
<testsuite xmlns:xsi="http://www.w3.org/2001/XMLSchema-instance" xsi:schemaLocation="https://maven.apache.org/surefire/maven-surefire-plugin/xsd/surefire-test-report.xsd" name="TestLoginLogout" time="143.418" tests="7" errors="1" skipped="0" failures="0">
  <properties>
    <property name="java.runtime.name" value="Java(TM) SE Runtime Environment"/>
    <property name="sun.boot.library.path" value="/Library/Java/JavaVirtualMachines/jdk1.8.0_202.jdk/Contents/Home/jre/lib"/>
    <property name="java.vm.version" value="25.202-b08"/>
    <property name="user.country.format" value="RO"/>
    <property name="gopherProxySet" value="false"/>
    <property name="java.vm.vendor" value="Oracle Corporation"/>
    <property name="maven.multiModuleProjectDirectory" value="/Users/marius/Downloads/Automation-Testing-master"/>
    <property name="java.vendor.url" value="http://java.oracle.com/"/>
    <property name="path.separator" value=":"/>
    <property name="guice.disable.misplaced.annotation.check" value="true"/>
    <property name="java.vm.name" value="Java HotSpot(TM) 64-Bit Server VM"/>
    <property name="file.encoding.pkg" value="sun.io"/>
    <property name="user.country" value="GB"/>
    <property name="sun.java.launcher" value="SUN_STANDARD"/>
    <property name="sun.os.patch.level" value="unknown"/>
    <property name="java.vm.specification.name" value="Java Virtual Machine Specification"/>
    <property name="user.dir" value="/Users/marius/Downloads/Automation-Testing-master"/>
    <property name="webdriver.driver" value="chrome"/>
    <property name="java.runtime.version" value="1.8.0_202-b08"/>
    <property name="java.awt.graphicsenv" value="sun.awt.CGraphicsEnvironment"/>
    <property name="java.endorsed.dirs" value="/Library/Java/JavaVirtualMachines/jdk1.8.0_202.jdk/Contents/Home/jre/lib/endorsed"/>
    <property name="os.arch" value="x86_64"/>
    <property name="java.io.tmpdir" value="/var/folders/7d/47gfp1b50wbddm8c05sqpt6r0000gn/T/"/>
    <property name="line.separator" value="&#10;"/>
    <property name="java.vm.specification.vendor" value="Oracle Corporation"/>
    <property name="os.name" value="Mac OS X"/>
    <property name="classworlds.conf" value="/usr/local/apache-maven/apache-maven-3.6.0/bin/m2.conf"/>
    <property name="sun.jnu.encoding" value="UTF-8"/>
    <property name="java.library.path" value="/Users/marius/Library/Java/Extensions:/Library/Java/Extensions:/Network/Library/Java/Extensions:/System/Library/Java/Extensions:/usr/lib/java:."/>
    <property name="maven.conf" value="/usr/local/apache-maven/apache-maven-3.6.0/conf"/>
    <property name="java.specification.name" value="Java Platform API Specification"/>
    <property name="java.class.version" value="52.0"/>
    <property name="sun.management.compiler" value="HotSpot 64-Bit Tiered Compilers"/>
    <property name="os.version" value="10.14.3"/>
    <property name="http.nonProxyHosts" value="local|*.local|169.254/16|*.169.254/16"/>
    <property name="library.jansi.path" value="/usr/local/apache-maven/apache-maven-3.6.0/lib/jansi-native"/>
    <property name="user.home" value="/Users/marius"/>
    <property name="user.timezone" value="Europe/Bucharest"/>
    <property name="java.awt.printerjob" value="sun.lwawt.macosx.CPrinterJob"/>
    <property name="java.specification.version" value="1.8"/>
    <property name="file.encoding" value="UTF-8"/>
    <property name="user.name" value="marius"/>
    <property name="java.class.path" value="/usr/local/apache-maven/apache-maven-3.6.0/boot/plexus-classworlds-2.5.2.jar"/>
    <property name="java.vm.specification.version" value="1.8"/>
    <property name="sun.arch.data.model" value="64"/>
    <property name="java.home" value="/Library/Java/JavaVirtualMachines/jdk1.8.0_202.jdk/Contents/Home/jre"/>
    <property name="sun.java.command" value="org.codehaus.plexus.classworlds.launcher.Launcher verify -Dwebdriver.driver=chrome -Dcontext=android"/>
    <property name="java.specification.vendor" value="Oracle Corporation"/>
    <property name="user.language" value="en"/>
    <property name="awt.toolkit" value="sun.lwawt.macosx.LWCToolkit"/>
    <property name="java.vm.info" value="mixed mode"/>
    <property name="java.version" value="1.8.0_202"/>
    <property name="java.ext.dirs" value="/Users/marius/Library/Java/Extensions:/Library/Java/JavaVirtualMachines/jdk1.8.0_202.jdk/Contents/Home/jre/lib/ext:/Library/Java/Extensions:/Network/Library/Java/Extensions:/System/Library/Java/Extensions:/usr/lib/java"/>
    <property name="sun.boot.class.path" value="/Library/Java/JavaVirtualMachines/jdk1.8.0_202.jdk/Contents/Home/jre/lib/resources.jar:/Library/Java/JavaVirtualMachines/jdk1.8.0_202.jdk/Contents/Home/jre/lib/rt.jar:/Library/Java/JavaVirtualMachines/jdk1.8.0_202.jdk/Contents/Home/jre/lib/sunrsasign.jar:/Library/Java/JavaVirtualMachines/jdk1.8.0_202.jdk/Contents/Home/jre/lib/jsse.jar:/Library/Java/JavaVirtualMachines/jdk1.8.0_202.jdk/Contents/Home/jre/lib/jce.jar:/Library/Java/JavaVirtualMachines/jdk1.8.0_202.jdk/Contents/Home/jre/lib/charsets.jar:/Library/Java/JavaVirtualMachines/jdk1.8.0_202.jdk/Contents/Home/jre/lib/jfr.jar:/Library/Java/JavaVirtualMachines/jdk1.8.0_202.jdk/Contents/Home/jre/classes"/>
    <property name="java.vendor" value="Oracle Corporation"/>
    <property name="maven.home" value="/usr/local/apache-maven/apache-maven-3.6.0"/>
    <property name="file.separator" value="/"/>
    <property name="java.vendor.url.bug" value="http://bugreport.sun.com/bugreport/"/>
    <property name="sun.cpu.endian" value="little"/>
    <property name="sun.io.unicode.encoding" value="UnicodeBig"/>
    <property name="socksNonProxyHosts" value="local|*.local|169.254/16|*.169.254/16"/>
    <property name="context" value="android"/>
    <property name="ftp.nonProxyHosts" value="local|*.local|169.254/16|*.169.254/16"/>
    <property name="sun.cpu.isalist" value=""/>
  </properties>
  <testcase name="emptyUsernameLogin[0]" classname="TestLoginLogout" time="17.388"/>
  <testcase name="successfulLogin[0]" classname="TestLoginLogout" time="45.321">
    <error message="Timed out after 15 seconds waiting for By.cssSelector: a.nav-link[data-target*=&quot;#logInModal&quot;] to be displayed&#10;Build info: version: &apos;3.4.0&apos;, revision: &apos;unknown&apos;, time: &apos;unknown&apos;&#10;System info: host: &apos;Mariuss-MacBook-Air.local&apos;, ip: &apos;fe80:0:0:0:caa:bcce:1620:ed6d%en0&apos;, os.name: &apos;Mac OS X&apos;, os.arch: &apos;x86_64&apos;, os.version: &apos;10.14.3&apos;, java.version: &apos;1.8.0_202&apos;&#10;Driver info: driver.version: unknown&#10;Build info: version: &apos;3.4.0&apos;, revision: &apos;unknown&apos;, time: &apos;unknown&apos;&#10;System info: host: &apos;Mariuss-MacBook-Air.local&apos;, ip: &apos;fe80:0:0:0:caa:bcce:1620:ed6d%en0&apos;, os.name: &apos;Mac OS X&apos;, os.arch: &apos;x86_64&apos;, os.version: &apos;10.14.3&apos;, java.version: &apos;1.8.0_202&apos;&#10;Driver info: driver.version: unknown" type="net.thucydides.core.webdriver.exceptions.ElementShouldBeVisibleException">net.thucydides.core.webdriver.exceptions.ElementShouldBeVisibleException: 
Timed out after 15 seconds waiting for By.cssSelector: a.nav-link[data-target*="#logInModal"] to be displayed
Build info: version: '3.4.0', revision: 'unknown', time: 'unknown'
System info: host: 'Mariuss-MacBook-Air.local', ip: 'fe80:0:0:0:caa:bcce:1620:ed6d%en0', os.name: 'Mac OS X', os.arch: 'x86_64', os.version: '10.14.3', java.version: '1.8.0_202'
Driver info: driver.version: unknown
Build info: version: '3.4.0', revision: 'unknown', time: 'unknown'
System info: host: 'Mariuss-MacBook-Air.local', ip: 'fe80:0:0:0:caa:bcce:1620:ed6d%en0', os.name: 'Mac OS X', os.arch: 'x86_64', os.version: '10.14.3', java.version: '1.8.0_202'
Driver info: driver.version: unknown
	at TestLoginLogout.successfulLogin(TestLoginLogout.java:61)
</error>
    <system-err><![CDATA[[main] INFO net.serenitybdd.core.Serenity - 
        __    _____ _____ ____ _____   ____   _    ____  ____  _____ ____  
  _     \ \  |_   _| ____/ ___|_   _| |  _ \ / \  / ___|/ ___|| ____|  _ \ 
 (_)_____| |   | | |  _| \___ \ | |   | |_) / _ \ \___ \\___ \|  _| | | | |
  _|_____| |   | | | |___ ___) || |   |  __/ ___ \ ___) |___) | |___| |_| |
 (_)     | |   |_| |_____|____/ |_|   |_| /_/   \_\____/|____/|_____|____/ 
        /_/                                                                

TEST PASSED: Empty field for username
----------------------------------------------------------------------------
[main] INFO net.serenitybdd.core.Serenity - 
 _____ _____ ____ _____   ____ _____  _    ____ _____ _____ ____  
|_   _| ____/ ___|_   _| / ___|_   _|/ \  |  _ \_   _| ____|  _ \ 
  | | |  _| \___ \ | |   \___ \ | | / _ \ | |_) || | |  _| | | | |
  | | | |___ ___) || |    ___) || |/ ___ \|  _ < | | | |___| |_| |
  |_| |_____|____/ |_|   |____/ |_/_/   \_\_| \_\|_| |_____|____/ 
                                                                  

TEST STARTED: successfulLogin[0]
-------------------------------------------------------------------
[main] INFO net.serenitybdd.core.Serenity - TEST NUMBER: 14
Feb 26, 2019 2:03:34 PM org.openqa.selenium.remote.ProtocolHandshake createSession
INFO: Detected dialect: OSS
2019-02-26 14:03:45.441 chromedriver[1291:357105] pid(1291)/euid(501) is calling TIS/TSM in non-main thread environment, ERROR : This is NOT allowed. Please call TIS/TSM in main thread!!!
2019-02-26 14:03:45.441 chromedriver[1291:357105] pid(1291)/euid(501) is calling TIS/TSM in non-main thread environment, ERROR : This is NOT allowed. Please call TIS/TSM in main thread!!!
2019-02-26 14:03:45.441 chromedriver[1291:357105] pid(1291)/euid(501) is calling TIS/TSM in non-main thread environment, ERROR : This is NOT allowed. Please call TIS/TSM in main thread!!!
2019-02-26 14:03:45.441 chromedriver[1291:357105] pid(1291)/euid(501) is calling TIS/TSM in non-main thread environment, ERROR : This is NOT allowed. Please call TIS/TSM in main thread!!!
2019-02-26 14:03:45.441 chromedriver[1291:357105] pid(1291)/euid(501) is calling TIS/TSM in non-main thread environment, ERROR : This is NOT allowed. Please call TIS/TSM in main thread!!!
2019-02-26 14:03:45.441 chromedriver[1291:357105] pid(1291)/euid(501) is calling TIS/TSM in non-main thread environment, ERROR : This is NOT allowed. Please call TIS/TSM in main thread!!!
2019-02-26 14:03:45.442 chromedriver[1291:357105] pid(1291)/euid(501) is calling TIS/TSM in non-main thread environment, ERROR : This is NOT allowed. Please call TIS/TSM in main thread!!!
2019-02-26 14:03:45.442 chromedriver[1291:357105] pid(1291)/euid(501) is calling TIS/TSM in non-main thread environment, ERROR : This is NOT allowed. Please call TIS/TSM in main thread!!!
2019-02-26 14:03:45.442 chromedriver[1291:357105] pid(1291)/euid(501) is calling TIS/TSM in non-main thread environment, ERROR : This is NOT allowed. Please call TIS/TSM in main thread!!!
2019-02-26 14:03:45.442 chromedriver[1291:357105] pid(1291)/euid(501) is calling TIS/TSM in non-main thread environment, ERROR : This is NOT allowed. Please call TIS/TSM in main thread!!!
2019-02-26 14:03:45.442 chromedriver[1291:357105] pid(1291)/euid(501) is calling TIS/TSM in non-main thread environment, ERROR : This is NOT allowed. Please call TIS/TSM in main thread!!!
2019-02-26 14:03:45.442 chromedriver[1291:357105] pid(1291)/euid(501) is calling TIS/TSM in non-main thread environment, ERROR : This is NOT allowed. Please call TIS/TSM in main thread!!!
2019-02-26 14:03:45.442 chromedriver[1291:357105] pid(1291)/euid(501) is calling TIS/TSM in non-main thread environment, ERROR : This is NOT allowed. Please call TIS/TSM in main thread!!!
2019-02-26 14:03:45.442 chromedriver[1291:357105] pid(1291)/euid(501) is calling TIS/TSM in non-main thread environment, ERROR : This is NOT allowed. Please call TIS/TSM in main thread!!!
2019-02-26 14:03:45.442 chromedriver[1291:357105] pid(1291)/euid(501) is calling TIS/TSM in non-main thread environment, ERROR : This is NOT allowed. Please call TIS/TSM in main thread!!!
2019-02-26 14:03:45.442 chromedriver[1291:357105] pid(1291)/euid(501) is calling TIS/TSM in non-main thread environment, ERROR : This is NOT allowed. Please call TIS/TSM in main thread!!!
2019-02-26 14:03:45.442 chromedriver[1291:357105] pid(1291)/euid(501) is calling TIS/TSM in non-main thread environment, ERROR : This is NOT allowed. Please call TIS/TSM in main thread!!!
2019-02-26 14:03:45.442 chromedriver[1291:357105] pid(1291)/euid(501) is calling TIS/TSM in non-main thread environment, ERROR : This is NOT allowed. Please call TIS/TSM in main thread!!!
2019-02-26 14:03:45.442 chromedriver[1291:357105] pid(1291)/euid(501) is calling TIS/TSM in non-main thread environment, ERROR : This is NOT allowed. Please call TIS/TSM in main thread!!!
2019-02-26 14:03:45.442 chromedriver[1291:357105] pid(1291)/euid(501) is calling TIS/TSM in non-main thread environment, ERROR : This is NOT allowed. Please call TIS/TSM in main thread!!!
2019-02-26 14:03:45.442 chromedriver[1291:357105] pid(1291)/euid(501) is calling TIS/TSM in non-main thread environment, ERROR : This is NOT allowed. Please call TIS/TSM in main thread!!!
2019-02-26 14:03:45.442 chromedriver[1291:357105] pid(1291)/euid(501) is calling TIS/TSM in non-main thread environment, ERROR : This is NOT allowed. Please call TIS/TSM in main thread!!!
2019-02-26 14:03:45.442 chromedriver[1291:357105] pid(1291)/euid(501) is calling TIS/TSM in non-main thread environment, ERROR : This is NOT allowed. Please call TIS/TSM in main thread!!!
2019-02-26 14:03:45.442 chromedriver[1291:357105] pid(1291)/euid(501) is calling TIS/TSM in non-main thread environment, ERROR : This is NOT allowed. Please call TIS/TSM in main thread!!!
2019-02-26 14:03:45.442 chromedriver[1291:357105] pid(1291)/euid(501) is calling TIS/TSM in non-main thread environment, ERROR : This is NOT allowed. Please call TIS/TSM in main thread!!!
2019-02-26 14:03:45.442 chromedriver[1291:357105] pid(1291)/euid(501) is calling TIS/TSM in non-main thread environment, ERROR : This is NOT allowed. Please call TIS/TSM in main thread!!!
2019-02-26 14:03:45.442 chromedriver[1291:357105] pid(1291)/euid(501) is calling TIS/TSM in non-main thread environment, ERROR : This is NOT allowed. Please call TIS/TSM in main thread!!!
2019-02-26 14:03:45.442 chromedriver[1291:357105] pid(1291)/euid(501) is calling TIS/TSM in non-main thread environment, ERROR : This is NOT allowed. Please call TIS/TSM in main thread!!!
2019-02-26 14:03:45.442 chromedriver[1291:357105] pid(1291)/euid(501) is calling TIS/TSM in non-main thread environment, ERROR : This is NOT allowed. Please call TIS/TSM in main thread!!!
2019-02-26 14:03:45.442 chromedriver[1291:357105] pid(1291)/euid(501) is calling TIS/TSM in non-main thread environment, ERROR : This is NOT allowed. Please call TIS/TSM in main thread!!!
2019-02-26 14:03:45.442 chromedriver[1291:357105] pid(1291)/euid(501) is calling TIS/TSM in non-main thread environment, ERROR : This is NOT allowed. Please call TIS/TSM in main thread!!!
2019-02-26 14:03:45.442 chromedriver[1291:357105] pid(1291)/euid(501) is calling TIS/TSM in non-main thread environment, ERROR : This is NOT allowed. Please call TIS/TSM in main thread!!!
2019-02-26 14:03:45.442 chromedriver[1291:357105] pid(1291)/euid(501) is calling TIS/TSM in non-main thread environment, ERROR : This is NOT allowed. Please call TIS/TSM in main thread!!!
2019-02-26 14:03:45.443 chromedriver[1291:357105] pid(1291)/euid(501) is calling TIS/TSM in non-main thread environment, ERROR : This is NOT allowed. Please call TIS/TSM in main thread!!!
2019-02-26 14:03:45.443 chromedriver[1291:357105] pid(1291)/euid(501) is calling TIS/TSM in non-main thread environment, ERROR : This is NOT allowed. Please call TIS/TSM in main thread!!!
2019-02-26 14:03:45.443 chromedriver[1291:357105] pid(1291)/euid(501) is calling TIS/TSM in non-main thread environment, ERROR : This is NOT allowed. Please call TIS/TSM in main thread!!!
2019-02-26 14:03:45.443 chromedriver[1291:357105] pid(1291)/euid(501) is calling TIS/TSM in non-main thread environment, ERROR : This is NOT allowed. Please call TIS/TSM in main thread!!!
2019-02-26 14:03:45.443 chromedriver[1291:357105] pid(1291)/euid(501) is calling TIS/TSM in non-main thread environment, ERROR : This is NOT allowed. Please call TIS/TSM in main thread!!!
2019-02-26 14:03:45.443 chromedriver[1291:357105] pid(1291)/euid(501) is calling TIS/TSM in non-main thread environment, ERROR : This is NOT allowed. Please call TIS/TSM in main thread!!!
2019-02-26 14:03:45.443 chromedriver[1291:357105] pid(1291)/euid(501) is calling TIS/TSM in non-main thread environment, ERROR : This is NOT allowed. Please call TIS/TSM in main thread!!!
2019-02-26 14:03:45.443 chromedriver[1291:357105] pid(1291)/euid(501) is calling TIS/TSM in non-main thread environment, ERROR : This is NOT allowed. Please call TIS/TSM in main thread!!!
2019-02-26 14:03:45.443 chromedriver[1291:357105] pid(1291)/euid(501) is calling TIS/TSM in non-main thread environment, ERROR : This is NOT allowed. Please call TIS/TSM in main thread!!!
2019-02-26 14:03:45.443 chromedriver[1291:357105] pid(1291)/euid(501) is calling TIS/TSM in non-main thread environment, ERROR : This is NOT allowed. Please call TIS/TSM in main thread!!!
2019-02-26 14:03:45.443 chromedriver[1291:357105] pid(1291)/euid(501) is calling TIS/TSM in non-main thread environment, ERROR : This is NOT allowed. Please call TIS/TSM in main thread!!!
2019-02-26 14:03:45.443 chromedriver[1291:357105] pid(1291)/euid(501) is calling TIS/TSM in non-main thread environment, ERROR : This is NOT allowed. Please call TIS/TSM in main thread!!!
2019-02-26 14:03:45.443 chromedriver[1291:357105] pid(1291)/euid(501) is calling TIS/TSM in non-main thread environment, ERROR : This is NOT allowed. Please call TIS/TSM in main thread!!!
2019-02-26 14:03:45.443 chromedriver[1291:357105] pid(1291)/euid(501) is calling TIS/TSM in non-main thread environment, ERROR : This is NOT allowed. Please call TIS/TSM in main thread!!!
2019-02-26 14:03:45.443 chromedriver[1291:357105] pid(1291)/euid(501) is calling TIS/TSM in non-main thread environment, ERROR : This is NOT allowed. Please call TIS/TSM in main thread!!!
2019-02-26 14:03:45.443 chromedriver[1291:357105] pid(1291)/euid(501) is calling TIS/TSM in non-main thread environment, ERROR : This is NOT allowed. Please call TIS/TSM in main thread!!!
2019-02-26 14:03:45.443 chromedriver[1291:357105] pid(1291)/euid(501) is calling TIS/TSM in non-main thread environment, ERROR : This is NOT allowed. Please call TIS/TSM in main thread!!!
2019-02-26 14:03:45.443 chromedriver[1291:357105] pid(1291)/euid(501) is calling TIS/TSM in non-main thread environment, ERROR : This is NOT allowed. Please call TIS/TSM in main thread!!!
2019-02-26 14:03:45.444 chromedriver[1291:357105] pid(1291)/euid(501) is calling TIS/TSM in non-main thread environment, ERROR : This is NOT allowed. Please call TIS/TSM in main thread!!!
2019-02-26 14:03:45.444 chromedriver[1291:357105] pid(1291)/euid(501) is calling TIS/TSM in non-main thread environment, ERROR : This is NOT allowed. Please call TIS/TSM in main thread!!!
2019-02-26 14:03:45.444 chromedriver[1291:357105] pid(1291)/euid(501) is calling TIS/TSM in non-main thread environment, ERROR : This is NOT allowed. Please call TIS/TSM in main thread!!!
2019-02-26 14:03:45.444 chromedriver[1291:357105] pid(1291)/euid(501) is calling TIS/TSM in non-main thread environment, ERROR : This is NOT allowed. Please call TIS/TSM in main thread!!!
2019-02-26 14:03:45.444 chromedriver[1291:357105] pid(1291)/euid(501) is calling TIS/TSM in non-main thread environment, ERROR : This is NOT allowed. Please call TIS/TSM in main thread!!!
2019-02-26 14:03:45.444 chromedriver[1291:357105] pid(1291)/euid(501) is calling TIS/TSM in non-main thread environment, ERROR : This is NOT allowed. Please call TIS/TSM in main thread!!!
2019-02-26 14:03:45.444 chromedriver[1291:357105] pid(1291)/euid(501) is calling TIS/TSM in non-main thread environment, ERROR : This is NOT allowed. Please call TIS/TSM in main thread!!!
2019-02-26 14:03:45.444 chromedriver[1291:357105] pid(1291)/euid(501) is calling TIS/TSM in non-main thread environment, ERROR : This is NOT allowed. Please call TIS/TSM in main thread!!!
2019-02-26 14:03:45.444 chromedriver[1291:357105] pid(1291)/euid(501) is calling TIS/TSM in non-main thread environment, ERROR : This is NOT allowed. Please call TIS/TSM in main thread!!!
2019-02-26 14:03:45.444 chromedriver[1291:357105] pid(1291)/euid(501) is calling TIS/TSM in non-main thread environment, ERROR : This is NOT allowed. Please call TIS/TSM in main thread!!!
2019-02-26 14:03:45.444 chromedriver[1291:357105] pid(1291)/euid(501) is calling TIS/TSM in non-main thread environment, ERROR : This is NOT allowed. Please call TIS/TSM in main thread!!!
2019-02-26 14:03:45.444 chromedriver[1291:357105] pid(1291)/euid(501) is calling TIS/TSM in non-main thread environment, ERROR : This is NOT allowed. Please call TIS/TSM in main thread!!!
2019-02-26 14:03:45.444 chromedriver[1291:357105] pid(1291)/euid(501) is calling TIS/TSM in non-main thread environment, ERROR : This is NOT allowed. Please call TIS/TSM in main thread!!!
2019-02-26 14:03:45.444 chromedriver[1291:357105] pid(1291)/euid(501) is calling TIS/TSM in non-main thread environment, ERROR : This is NOT allowed. Please call TIS/TSM in main thread!!!
2019-02-26 14:03:45.444 chromedriver[1291:357105] pid(1291)/euid(501) is calling TIS/TSM in non-main thread environment, ERROR : This is NOT allowed. Please call TIS/TSM in main thread!!!
2019-02-26 14:03:45.444 chromedriver[1291:357105] pid(1291)/euid(501) is calling TIS/TSM in non-main thread environment, ERROR : This is NOT allowed. Please call TIS/TSM in main thread!!!
2019-02-26 14:03:45.444 chromedriver[1291:357105] pid(1291)/euid(501) is calling TIS/TSM in non-main thread environment, ERROR : This is NOT allowed. Please call TIS/TSM in main thread!!!
2019-02-26 14:03:45.444 chromedriver[1291:357105] pid(1291)/euid(501) is calling TIS/TSM in non-main thread environment, ERROR : This is NOT allowed. Please call TIS/TSM in main thread!!!
2019-02-26 14:03:45.445 chromedriver[1291:357105] pid(1291)/euid(501) is calling TIS/TSM in non-main thread environment, ERROR : This is NOT allowed. Please call TIS/TSM in main thread!!!
2019-02-26 14:03:45.445 chromedriver[1291:357105] pid(1291)/euid(501) is calling TIS/TSM in non-main thread environment, ERROR : This is NOT allowed. Please call TIS/TSM in main thread!!!
2019-02-26 14:03:45.445 chromedriver[1291:357105] pid(1291)/euid(501) is calling TIS/TSM in non-main thread environment, ERROR : This is NOT allowed. Please call TIS/TSM in main thread!!!
2019-02-26 14:03:45.445 chromedriver[1291:357105] pid(1291)/euid(501) is calling TIS/TSM in non-main thread environment, ERROR : This is NOT allowed. Please call TIS/TSM in main thread!!!
2019-02-26 14:03:45.445 chromedriver[1291:357105] pid(1291)/euid(501) is calling TIS/TSM in non-main thread environment, ERROR : This is NOT allowed. Please call TIS/TSM in main thread!!!
2019-02-26 14:03:45.445 chromedriver[1291:357105] pid(1291)/euid(501) is calling TIS/TSM in non-main thread environment, ERROR : This is NOT allowed. Please call TIS/TSM in main thread!!!
2019-02-26 14:03:45.445 chromedriver[1291:357105] pid(1291)/euid(501) is calling TIS/TSM in non-main thread environment, ERROR : This is NOT allowed. Please call TIS/TSM in main thread!!!
2019-02-26 14:03:45.445 chromedriver[1291:357105] pid(1291)/euid(501) is calling TIS/TSM in non-main thread environment, ERROR : This is NOT allowed. Please call TIS/TSM in main thread!!!
2019-02-26 14:03:45.445 chromedriver[1291:357105] pid(1291)/euid(501) is calling TIS/TSM in non-main thread environment, ERROR : This is NOT allowed. Please call TIS/TSM in main thread!!!
2019-02-26 14:03:45.445 chromedriver[1291:357105] pid(1291)/euid(501) is calling TIS/TSM in non-main thread environment, ERROR : This is NOT allowed. Please call TIS/TSM in main thread!!!
2019-02-26 14:03:45.445 chromedriver[1291:357105] pid(1291)/euid(501) is calling TIS/TSM in non-main thread environment, ERROR : This is NOT allowed. Please call TIS/TSM in main thread!!!
2019-02-26 14:03:45.445 chromedriver[1291:357105] pid(1291)/euid(501) is calling TIS/TSM in non-main thread environment, ERROR : This is NOT allowed. Please call TIS/TSM in main thread!!!
2019-02-26 14:03:45.445 chromedriver[1291:357105] pid(1291)/euid(501) is calling TIS/TSM in non-main thread environment, ERROR : This is NOT allowed. Please call TIS/TSM in main thread!!!
2019-02-26 14:03:45.445 chromedriver[1291:357105] pid(1291)/euid(501) is calling TIS/TSM in non-main thread environment, ERROR : This is NOT allowed. Please call TIS/TSM in main thread!!!
2019-02-26 14:03:45.445 chromedriver[1291:357105] pid(1291)/euid(501) is calling TIS/TSM in non-main thread environment, ERROR : This is NOT allowed. Please call TIS/TSM in main thread!!!
2019-02-26 14:03:45.445 chromedriver[1291:357105] pid(1291)/euid(501) is calling TIS/TSM in non-main thread environment, ERROR : This is NOT allowed. Please call TIS/TSM in main thread!!!
2019-02-26 14:03:45.445 chromedriver[1291:357105] pid(1291)/euid(501) is calling TIS/TSM in non-main thread environment, ERROR : This is NOT allowed. Please call TIS/TSM in main thread!!!
2019-02-26 14:03:45.445 chromedriver[1291:357105] pid(1291)/euid(501) is calling TIS/TSM in non-main thread environment, ERROR : This is NOT allowed. Please call TIS/TSM in main thread!!!
2019-02-26 14:03:45.445 chromedriver[1291:357105] pid(1291)/euid(501) is calling TIS/TSM in non-main thread environment, ERROR : This is NOT allowed. Please call TIS/TSM in main thread!!!
2019-02-26 14:03:45.445 chromedriver[1291:357105] pid(1291)/euid(501) is calling TIS/TSM in non-main thread environment, ERROR : This is NOT allowed. Please call TIS/TSM in main thread!!!
2019-02-26 14:03:45.445 chromedriver[1291:357105] pid(1291)/euid(501) is calling TIS/TSM in non-main thread environment, ERROR : This is NOT allowed. Please call TIS/TSM in main thread!!!
2019-02-26 14:03:45.445 chromedriver[1291:357105] pid(1291)/euid(501) is calling TIS/TSM in non-main thread environment, ERROR : This is NOT allowed. Please call TIS/TSM in main thread!!!
2019-02-26 14:03:45.446 chromedriver[1291:357105] pid(1291)/euid(501) is calling TIS/TSM in non-main thread environment, ERROR : This is NOT allowed. Please call TIS/TSM in main thread!!!
2019-02-26 14:03:45.446 chromedriver[1291:357105] pid(1291)/euid(501) is calling TIS/TSM in non-main thread environment, ERROR : This is NOT allowed. Please call TIS/TSM in main thread!!!
2019-02-26 14:03:45.446 chromedriver[1291:357105] pid(1291)/euid(501) is calling TIS/TSM in non-main thread environment, ERROR : This is NOT allowed. Please call TIS/TSM in main thread!!!
2019-02-26 14:03:45.446 chromedriver[1291:357105] pid(1291)/euid(501) is calling TIS/TSM in non-main thread environment, ERROR : This is NOT allowed. Please call TIS/TSM in main thread!!!
2019-02-26 14:03:45.446 chromedriver[1291:357105] pid(1291)/euid(501) is calling TIS/TSM in non-main thread environment, ERROR : This is NOT allowed. Please call TIS/TSM in main thread!!!
2019-02-26 14:03:45.446 chromedriver[1291:357105] pid(1291)/euid(501) is calling TIS/TSM in non-main thread environment, ERROR : This is NOT allowed. Please call TIS/TSM in main thread!!!
2019-02-26 14:03:45.446 chromedriver[1291:357105] pid(1291)/euid(501) is calling TIS/TSM in non-main thread environment, ERROR : This is NOT allowed. Please call TIS/TSM in main thread!!!
2019-02-26 14:03:45.446 chromedriver[1291:357105] pid(1291)/euid(501) is calling TIS/TSM in non-main thread environment, ERROR : This is NOT allowed. Please call TIS/TSM in main thread!!!
2019-02-26 14:03:45.446 chromedriver[1291:357105] pid(1291)/euid(501) is calling TIS/TSM in non-main thread environment, ERROR : This is NOT allowed. Please call TIS/TSM in main thread!!!
2019-02-26 14:03:45.446 chromedriver[1291:357105] pid(1291)/euid(501) is calling TIS/TSM in non-main thread environment, ERROR : This is NOT allowed. Please call TIS/TSM in main thread!!!
2019-02-26 14:03:45.446 chromedriver[1291:357105] pid(1291)/euid(501) is calling TIS/TSM in non-main thread environment, ERROR : This is NOT allowed. Please call TIS/TSM in main thread!!!
2019-02-26 14:03:45.446 chromedriver[1291:357105] pid(1291)/euid(501) is calling TIS/TSM in non-main thread environment, ERROR : This is NOT allowed. Please call TIS/TSM in main thread!!!
2019-02-26 14:03:45.446 chromedriver[1291:357105] pid(1291)/euid(501) is calling TIS/TSM in non-main thread environment, ERROR : This is NOT allowed. Please call TIS/TSM in main thread!!!
2019-02-26 14:03:45.446 chromedriver[1291:357105] pid(1291)/euid(501) is calling TIS/TSM in non-main thread environment, ERROR : This is NOT allowed. Please call TIS/TSM in main thread!!!
2019-02-26 14:03:45.446 chromedriver[1291:357105] pid(1291)/euid(501) is calling TIS/TSM in non-main thread environment, ERROR : This is NOT allowed. Please call TIS/TSM in main thread!!!
2019-02-26 14:03:45.446 chromedriver[1291:357105] pid(1291)/euid(501) is calling TIS/TSM in non-main thread environment, ERROR : This is NOT allowed. Please call TIS/TSM in main thread!!!
2019-02-26 14:03:45.446 chromedriver[1291:357105] pid(1291)/euid(501) is calling TIS/TSM in non-main thread environment, ERROR : This is NOT allowed. Please call TIS/TSM in main thread!!!
2019-02-26 14:03:45.446 chromedriver[1291:357105] pid(1291)/euid(501) is calling TIS/TSM in non-main thread environment, ERROR : This is NOT allowed. Please call TIS/TSM in main thread!!!
2019-02-26 14:03:45.446 chromedriver[1291:357105] pid(1291)/euid(501) is calling TIS/TSM in non-main thread environment, ERROR : This is NOT allowed. Please call TIS/TSM in main thread!!!
2019-02-26 14:03:45.446 chromedriver[1291:357105] pid(1291)/euid(501) is calling TIS/TSM in non-main thread environment, ERROR : This is NOT allowed. Please call TIS/TSM in main thread!!!
2019-02-26 14:03:45.446 chromedriver[1291:357105] pid(1291)/euid(501) is calling TIS/TSM in non-main thread environment, ERROR : This is NOT allowed. Please call TIS/TSM in main thread!!!
2019-02-26 14:03:45.446 chromedriver[1291:357105] pid(1291)/euid(501) is calling TIS/TSM in non-main thread environment, ERROR : This is NOT allowed. Please call TIS/TSM in main thread!!!
2019-02-26 14:03:45.446 chromedriver[1291:357105] pid(1291)/euid(501) is calling TIS/TSM in non-main thread environment, ERROR : This is NOT allowed. Please call TIS/TSM in main thread!!!
2019-02-26 14:03:45.446 chromedriver[1291:357105] pid(1291)/euid(501) is calling TIS/TSM in non-main thread environment, ERROR : This is NOT allowed. Please call TIS/TSM in main thread!!!
2019-02-26 14:03:45.447 chromedriver[1291:357105] pid(1291)/euid(501) is calling TIS/TSM in non-main thread environment, ERROR : This is NOT allowed. Please call TIS/TSM in main thread!!!
2019-02-26 14:03:45.447 chromedriver[1291:357105] pid(1291)/euid(501) is calling TIS/TSM in non-main thread environment, ERROR : This is NOT allowed. Please call TIS/TSM in main thread!!!
2019-02-26 14:03:45.447 chromedriver[1291:357105] pid(1291)/euid(501) is calling TIS/TSM in non-main thread environment, ERROR : This is NOT allowed. Please call TIS/TSM in main thread!!!
2019-02-26 14:03:45.447 chromedriver[1291:357105] pid(1291)/euid(501) is calling TIS/TSM in non-main thread environment, ERROR : This is NOT allowed. Please call TIS/TSM in main thread!!!
2019-02-26 14:03:45.447 chromedriver[1291:357105] pid(1291)/euid(501) is calling TIS/TSM in non-main thread environment, ERROR : This is NOT allowed. Please call TIS/TSM in main thread!!!
2019-02-26 14:03:45.447 chromedriver[1291:357105] pid(1291)/euid(501) is calling TIS/TSM in non-main thread environment, ERROR : This is NOT allowed. Please call TIS/TSM in main thread!!!
2019-02-26 14:03:45.447 chromedriver[1291:357105] pid(1291)/euid(501) is calling TIS/TSM in non-main thread environment, ERROR : This is NOT allowed. Please call TIS/TSM in main thread!!!
2019-02-26 14:03:45.447 chromedriver[1291:357105] pid(1291)/euid(501) is calling TIS/TSM in non-main thread environment, ERROR : This is NOT allowed. Please call TIS/TSM in main thread!!!
2019-02-26 14:03:45.447 chromedriver[1291:357105] pid(1291)/euid(501) is calling TIS/TSM in non-main thread environment, ERROR : This is NOT allowed. Please call TIS/TSM in main thread!!!
2019-02-26 14:03:45.447 chromedriver[1291:357105] pid(1291)/euid(501) is calling TIS/TSM in non-main thread environment, ERROR : This is NOT allowed. Please call TIS/TSM in main thread!!!
2019-02-26 14:03:45.447 chromedriver[1291:357105] pid(1291)/euid(501) is calling TIS/TSM in non-main thread environment, ERROR : This is NOT allowed. Please call TIS/TSM in main thread!!!
2019-02-26 14:03:45.447 chromedriver[1291:357105] pid(1291)/euid(501) is calling TIS/TSM in non-main thread environment, ERROR : This is NOT allowed. Please call TIS/TSM in main thread!!!
2019-02-26 14:03:45.447 chromedriver[1291:357105] pid(1291)/euid(501) is calling TIS/TSM in non-main thread environment, ERROR : This is NOT allowed. Please call TIS/TSM in main thread!!!
2019-02-26 14:03:45.447 chromedriver[1291:357105] pid(1291)/euid(501) is calling TIS/TSM in non-main thread environment, ERROR : This is NOT allowed. Please call TIS/TSM in main thread!!!
2019-02-26 14:03:45.447 chromedriver[1291:357105] pid(1291)/euid(501) is calling TIS/TSM in non-main thread environment, ERROR : This is NOT allowed. Please call TIS/TSM in main thread!!!
2019-02-26 14:03:45.447 chromedriver[1291:357105] pid(1291)/euid(501) is calling TIS/TSM in non-main thread environment, ERROR : This is NOT allowed. Please call TIS/TSM in main thread!!!
2019-02-26 14:03:45.447 chromedriver[1291:357105] pid(1291)/euid(501) is calling TIS/TSM in non-main thread environment, ERROR : This is NOT allowed. Please call TIS/TSM in main thread!!!
2019-02-26 14:03:45.447 chromedriver[1291:357105] pid(1291)/euid(501) is calling TIS/TSM in non-main thread environment, ERROR : This is NOT allowed. Please call TIS/TSM in main thread!!!
2019-02-26 14:03:45.447 chromedriver[1291:357105] pid(1291)/euid(501) is calling TIS/TSM in non-main thread environment, ERROR : This is NOT allowed. Please call TIS/TSM in main thread!!!
2019-02-26 14:03:45.447 chromedriver[1291:357105] pid(1291)/euid(501) is calling TIS/TSM in non-main thread environment, ERROR : This is NOT allowed. Please call TIS/TSM in main thread!!!
2019-02-26 14:03:45.447 chromedriver[1291:357105] pid(1291)/euid(501) is calling TIS/TSM in non-main thread environment, ERROR : This is NOT allowed. Please call TIS/TSM in main thread!!!
2019-02-26 14:03:45.447 chromedriver[1291:357105] pid(1291)/euid(501) is calling TIS/TSM in non-main thread environment, ERROR : This is NOT allowed. Please call TIS/TSM in main thread!!!
2019-02-26 14:03:45.448 chromedriver[1291:357105] pid(1291)/euid(501) is calling TIS/TSM in non-main thread environment, ERROR : This is NOT allowed. Please call TIS/TSM in main thread!!!
2019-02-26 14:03:45.448 chromedriver[1291:357105] pid(1291)/euid(501) is calling TIS/TSM in non-main thread environment, ERROR : This is NOT allowed. Please call TIS/TSM in main thread!!!
2019-02-26 14:03:45.448 chromedriver[1291:357105] pid(1291)/euid(501) is calling TIS/TSM in non-main thread environment, ERROR : This is NOT allowed. Please call TIS/TSM in main thread!!!
2019-02-26 14:03:45.448 chromedriver[1291:357105] pid(1291)/euid(501) is calling TIS/TSM in non-main thread environment, ERROR : This is NOT allowed. Please call TIS/TSM in main thread!!!
2019-02-26 14:03:45.448 chromedriver[1291:357105] pid(1291)/euid(501) is calling TIS/TSM in non-main thread environment, ERROR : This is NOT allowed. Please call TIS/TSM in main thread!!!
2019-02-26 14:03:45.448 chromedriver[1291:357105] pid(1291)/euid(501) is calling TIS/TSM in non-main thread environment, ERROR : This is NOT allowed. Please call TIS/TSM in main thread!!!
2019-02-26 14:03:45.448 chromedriver[1291:357105] pid(1291)/euid(501) is calling TIS/TSM in non-main thread environment, ERROR : This is NOT allowed. Please call TIS/TSM in main thread!!!
2019-02-26 14:03:45.448 chromedriver[1291:357105] pid(1291)/euid(501) is calling TIS/TSM in non-main thread environment, ERROR : This is NOT allowed. Please call TIS/TSM in main thread!!!
2019-02-26 14:03:45.448 chromedriver[1291:357105] pid(1291)/euid(501) is calling TIS/TSM in non-main thread environment, ERROR : This is NOT allowed. Please call TIS/TSM in main thread!!!
2019-02-26 14:03:45.448 chromedriver[1291:357105] pid(1291)/euid(501) is calling TIS/TSM in non-main thread environment, ERROR : This is NOT allowed. Please call TIS/TSM in main thread!!!
2019-02-26 14:03:45.448 chromedriver[1291:357105] pid(1291)/euid(501) is calling TIS/TSM in non-main thread environment, ERROR : This is NOT allowed. Please call TIS/TSM in main thread!!!
2019-02-26 14:03:45.448 chromedriver[1291:357105] pid(1291)/euid(501) is calling TIS/TSM in non-main thread environment, ERROR : This is NOT allowed. Please call TIS/TSM in main thread!!!
2019-02-26 14:03:45.448 chromedriver[1291:357105] pid(1291)/euid(501) is calling TIS/TSM in non-main thread environment, ERROR : This is NOT allowed. Please call TIS/TSM in main thread!!!
2019-02-26 14:03:45.448 chromedriver[1291:357105] pid(1291)/euid(501) is calling TIS/TSM in non-main thread environment, ERROR : This is NOT allowed. Please call TIS/TSM in main thread!!!
2019-02-26 14:03:45.448 chromedriver[1291:357105] pid(1291)/euid(501) is calling TIS/TSM in non-main thread environment, ERROR : This is NOT allowed. Please call TIS/TSM in main thread!!!
2019-02-26 14:03:45.448 chromedriver[1291:357105] pid(1291)/euid(501) is calling TIS/TSM in non-main thread environment, ERROR : This is NOT allowed. Please call TIS/TSM in main thread!!!
2019-02-26 14:03:45.448 chromedriver[1291:357105] pid(1291)/euid(501) is calling TIS/TSM in non-main thread environment, ERROR : This is NOT allowed. Please call TIS/TSM in main thread!!!
2019-02-26 14:03:45.448 chromedriver[1291:357105] pid(1291)/euid(501) is calling TIS/TSM in non-main thread environment, ERROR : This is NOT allowed. Please call TIS/TSM in main thread!!!
2019-02-26 14:03:45.448 chromedriver[1291:357105] pid(1291)/euid(501) is calling TIS/TSM in non-main thread environment, ERROR : This is NOT allowed. Please call TIS/TSM in main thread!!!
2019-02-26 14:03:45.448 chromedriver[1291:357105] pid(1291)/euid(501) is calling TIS/TSM in non-main thread environment, ERROR : This is NOT allowed. Please call TIS/TSM in main thread!!!
2019-02-26 14:03:45.448 chromedriver[1291:357105] pid(1291)/euid(501) is calling TIS/TSM in non-main thread environment, ERROR : This is NOT allowed. Please call TIS/TSM in main thread!!!
2019-02-26 14:03:45.448 chromedriver[1291:357105] pid(1291)/euid(501) is calling TIS/TSM in non-main thread environment, ERROR : This is NOT allowed. Please call TIS/TSM in main thread!!!
2019-02-26 14:03:45.448 chromedriver[1291:357105] pid(1291)/euid(501) is calling TIS/TSM in non-main thread environment, ERROR : This is NOT allowed. Please call TIS/TSM in main thread!!!
2019-02-26 14:03:45.449 chromedriver[1291:357105] pid(1291)/euid(501) is calling TIS/TSM in non-main thread environment, ERROR : This is NOT allowed. Please call TIS/TSM in main thread!!!
2019-02-26 14:03:45.449 chromedriver[1291:357105] pid(1291)/euid(501) is calling TIS/TSM in non-main thread environment, ERROR : This is NOT allowed. Please call TIS/TSM in main thread!!!
2019-02-26 14:03:45.449 chromedriver[1291:357105] pid(1291)/euid(501) is calling TIS/TSM in non-main thread environment, ERROR : This is NOT allowed. Please call TIS/TSM in main thread!!!
2019-02-26 14:03:45.449 chromedriver[1291:357105] pid(1291)/euid(501) is calling TIS/TSM in non-main thread environment, ERROR : This is NOT allowed. Please call TIS/TSM in main thread!!!
2019-02-26 14:03:45.449 chromedriver[1291:357105] pid(1291)/euid(501) is calling TIS/TSM in non-main thread environment, ERROR : This is NOT allowed. Please call TIS/TSM in main thread!!!
2019-02-26 14:03:45.449 chromedriver[1291:357105] pid(1291)/euid(501) is calling TIS/TSM in non-main thread environment, ERROR : This is NOT allowed. Please call TIS/TSM in main thread!!!
2019-02-26 14:03:45.449 chromedriver[1291:357105] pid(1291)/euid(501) is calling TIS/TSM in non-main thread environment, ERROR : This is NOT allowed. Please call TIS/TSM in main thread!!!
2019-02-26 14:03:45.449 chromedriver[1291:357105] pid(1291)/euid(501) is calling TIS/TSM in non-main thread environment, ERROR : This is NOT allowed. Please call TIS/TSM in main thread!!!
2019-02-26 14:03:45.449 chromedriver[1291:357105] pid(1291)/euid(501) is calling TIS/TSM in non-main thread environment, ERROR : This is NOT allowed. Please call TIS/TSM in main thread!!!
2019-02-26 14:03:45.449 chromedriver[1291:357105] pid(1291)/euid(501) is calling TIS/TSM in non-main thread environment, ERROR : This is NOT allowed. Please call TIS/TSM in main thread!!!
2019-02-26 14:03:45.449 chromedriver[1291:357105] pid(1291)/euid(501) is calling TIS/TSM in non-main thread environment, ERROR : This is NOT allowed. Please call TIS/TSM in main thread!!!
2019-02-26 14:03:45.449 chromedriver[1291:357105] pid(1291)/euid(501) is calling TIS/TSM in non-main thread environment, ERROR : This is NOT allowed. Please call TIS/TSM in main thread!!!
2019-02-26 14:03:45.449 chromedriver[1291:357105] pid(1291)/euid(501) is calling TIS/TSM in non-main thread environment, ERROR : This is NOT allowed. Please call TIS/TSM in main thread!!!
2019-02-26 14:03:45.449 chromedriver[1291:357105] pid(1291)/euid(501) is calling TIS/TSM in non-main thread environment, ERROR : This is NOT allowed. Please call TIS/TSM in main thread!!!
2019-02-26 14:03:45.449 chromedriver[1291:357105] pid(1291)/euid(501) is calling TIS/TSM in non-main thread environment, ERROR : This is NOT allowed. Please call TIS/TSM in main thread!!!
2019-02-26 14:03:45.449 chromedriver[1291:357105] pid(1291)/euid(501) is calling TIS/TSM in non-main thread environment, ERROR : This is NOT allowed. Please call TIS/TSM in main thread!!!
2019-02-26 14:03:45.449 chromedriver[1291:357105] pid(1291)/euid(501) is calling TIS/TSM in non-main thread environment, ERROR : This is NOT allowed. Please call TIS/TSM in main thread!!!
2019-02-26 14:03:45.449 chromedriver[1291:357105] pid(1291)/euid(501) is calling TIS/TSM in non-main thread environment, ERROR : This is NOT allowed. Please call TIS/TSM in main thread!!!
2019-02-26 14:03:45.449 chromedriver[1291:357105] pid(1291)/euid(501) is calling TIS/TSM in non-main thread environment, ERROR : This is NOT allowed. Please call TIS/TSM in main thread!!!
2019-02-26 14:03:45.449 chromedriver[1291:357105] pid(1291)/euid(501) is calling TIS/TSM in non-main thread environment, ERROR : This is NOT allowed. Please call TIS/TSM in main thread!!!
2019-02-26 14:03:45.449 chromedriver[1291:357105] pid(1291)/euid(501) is calling TIS/TSM in non-main thread environment, ERROR : This is NOT allowed. Please call TIS/TSM in main thread!!!
2019-02-26 14:03:45.449 chromedriver[1291:357105] pid(1291)/euid(501) is calling TIS/TSM in non-main thread environment, ERROR : This is NOT allowed. Please call TIS/TSM in main thread!!!
2019-02-26 14:03:45.449 chromedriver[1291:357105] pid(1291)/euid(501) is calling TIS/TSM in non-main thread environment, ERROR : This is NOT allowed. Please call TIS/TSM in main thread!!!
2019-02-26 14:03:45.449 chromedriver[1291:357105] pid(1291)/euid(501) is calling TIS/TSM in non-main thread environment, ERROR : This is NOT allowed. Please call TIS/TSM in main thread!!!
2019-02-26 14:03:45.449 chromedriver[1291:357105] pid(1291)/euid(501) is calling TIS/TSM in non-main thread environment, ERROR : This is NOT allowed. Please call TIS/TSM in main thread!!!
2019-02-26 14:03:45.449 chromedriver[1291:357105] pid(1291)/euid(501) is calling TIS/TSM in non-main thread environment, ERROR : This is NOT allowed. Please call TIS/TSM in main thread!!!
2019-02-26 14:03:45.449 chromedriver[1291:357105] pid(1291)/euid(501) is calling TIS/TSM in non-main thread environment, ERROR : This is NOT allowed. Please call TIS/TSM in main thread!!!
2019-02-26 14:03:45.449 chromedriver[1291:357105] pid(1291)/euid(501) is calling TIS/TSM in non-main thread environment, ERROR : This is NOT allowed. Please call TIS/TSM in main thread!!!
2019-02-26 14:03:45.449 chromedriver[1291:357105] pid(1291)/euid(501) is calling TIS/TSM in non-main thread environment, ERROR : This is NOT allowed. Please call TIS/TSM in main thread!!!
2019-02-26 14:03:45.450 chromedriver[1291:357105] pid(1291)/euid(501) is calling TIS/TSM in non-main thread environment, ERROR : This is NOT allowed. Please call TIS/TSM in main thread!!!
2019-02-26 14:03:45.450 chromedriver[1291:357105] pid(1291)/euid(501) is calling TIS/TSM in non-main thread environment, ERROR : This is NOT allowed. Please call TIS/TSM in main thread!!!
2019-02-26 14:03:45.450 chromedriver[1291:357105] pid(1291)/euid(501) is calling TIS/TSM in non-main thread environment, ERROR : This is NOT allowed. Please call TIS/TSM in main thread!!!
2019-02-26 14:03:45.450 chromedriver[1291:357105] pid(1291)/euid(501) is calling TIS/TSM in non-main thread environment, ERROR : This is NOT allowed. Please call TIS/TSM in main thread!!!
2019-02-26 14:03:45.450 chromedriver[1291:357105] pid(1291)/euid(501) is calling TIS/TSM in non-main thread environment, ERROR : This is NOT allowed. Please call TIS/TSM in main thread!!!
2019-02-26 14:03:45.450 chromedriver[1291:357105] pid(1291)/euid(501) is calling TIS/TSM in non-main thread environment, ERROR : This is NOT allowed. Please call TIS/TSM in main thread!!!
2019-02-26 14:03:45.450 chromedriver[1291:357105] pid(1291)/euid(501) is calling TIS/TSM in non-main thread environment, ERROR : This is NOT allowed. Please call TIS/TSM in main thread!!!
2019-02-26 14:03:45.450 chromedriver[1291:357105] pid(1291)/euid(501) is calling TIS/TSM in non-main thread environment, ERROR : This is NOT allowed. Please call TIS/TSM in main thread!!!
2019-02-26 14:03:45.450 chromedriver[1291:357105] pid(1291)/euid(501) is calling TIS/TSM in non-main thread environment, ERROR : This is NOT allowed. Please call TIS/TSM in main thread!!!
2019-02-26 14:03:45.450 chromedriver[1291:357105] pid(1291)/euid(501) is calling TIS/TSM in non-main thread environment, ERROR : This is NOT allowed. Please call TIS/TSM in main thread!!!
2019-02-26 14:03:45.450 chromedriver[1291:357105] pid(1291)/euid(501) is calling TIS/TSM in non-main thread environment, ERROR : This is NOT allowed. Please call TIS/TSM in main thread!!!
2019-02-26 14:03:45.450 chromedriver[1291:357105] pid(1291)/euid(501) is calling TIS/TSM in non-main thread environment, ERROR : This is NOT allowed. Please call TIS/TSM in main thread!!!
2019-02-26 14:03:45.450 chromedriver[1291:357105] pid(1291)/euid(501) is calling TIS/TSM in non-main thread environment, ERROR : This is NOT allowed. Please call TIS/TSM in main thread!!!
2019-02-26 14:03:45.450 chromedriver[1291:357105] pid(1291)/euid(501) is calling TIS/TSM in non-main thread environment, ERROR : This is NOT allowed. Please call TIS/TSM in main thread!!!
2019-02-26 14:03:45.450 chromedriver[1291:357105] pid(1291)/euid(501) is calling TIS/TSM in non-main thread environment, ERROR : This is NOT allowed. Please call TIS/TSM in main thread!!!
2019-02-26 14:03:45.450 chromedriver[1291:357105] pid(1291)/euid(501) is calling TIS/TSM in non-main thread environment, ERROR : This is NOT allowed. Please call TIS/TSM in main thread!!!
2019-02-26 14:03:45.450 chromedriver[1291:357105] pid(1291)/euid(501) is calling TIS/TSM in non-main thread environment, ERROR : This is NOT allowed. Please call TIS/TSM in main thread!!!
2019-02-26 14:03:45.450 chromedriver[1291:357105] pid(1291)/euid(501) is calling TIS/TSM in non-main thread environment, ERROR : This is NOT allowed. Please call TIS/TSM in main thread!!!
2019-02-26 14:03:45.450 chromedriver[1291:357105] pid(1291)/euid(501) is calling TIS/TSM in non-main thread environment, ERROR : This is NOT allowed. Please call TIS/TSM in main thread!!!
2019-02-26 14:03:45.450 chromedriver[1291:357105] pid(1291)/euid(501) is calling TIS/TSM in non-main thread environment, ERROR : This is NOT allowed. Please call TIS/TSM in main thread!!!
2019-02-26 14:03:45.450 chromedriver[1291:357105] pid(1291)/euid(501) is calling TIS/TSM in non-main thread environment, ERROR : This is NOT allowed. Please call TIS/TSM in main thread!!!
2019-02-26 14:03:45.450 chromedriver[1291:357105] pid(1291)/euid(501) is calling TIS/TSM in non-main thread environment, ERROR : This is NOT allowed. Please call TIS/TSM in main thread!!!
2019-02-26 14:03:45.450 chromedriver[1291:357105] pid(1291)/euid(501) is calling TIS/TSM in non-main thread environment, ERROR : This is NOT allowed. Please call TIS/TSM in main thread!!!
2019-02-26 14:03:45.450 chromedriver[1291:357105] pid(1291)/euid(501) is calling TIS/TSM in non-main thread environment, ERROR : This is NOT allowed. Please call TIS/TSM in main thread!!!
2019-02-26 14:03:45.450 chromedriver[1291:357105] pid(1291)/euid(501) is calling TIS/TSM in non-main thread environment, ERROR : This is NOT allowed. Please call TIS/TSM in main thread!!!
2019-02-26 14:03:45.450 chromedriver[1291:357105] pid(1291)/euid(501) is calling TIS/TSM in non-main thread environment, ERROR : This is NOT allowed. Please call TIS/TSM in main thread!!!
2019-02-26 14:03:45.450 chromedriver[1291:357105] pid(1291)/euid(501) is calling TIS/TSM in non-main thread environment, ERROR : This is NOT allowed. Please call TIS/TSM in main thread!!!
2019-02-26 14:03:45.450 chromedriver[1291:357105] pid(1291)/euid(501) is calling TIS/TSM in non-main thread environment, ERROR : This is NOT allowed. Please call TIS/TSM in main thread!!!
2019-02-26 14:03:45.450 chromedriver[1291:357105] pid(1291)/euid(501) is calling TIS/TSM in non-main thread environment, ERROR : This is NOT allowed. Please call TIS/TSM in main thread!!!
2019-02-26 14:03:45.450 chromedriver[1291:357105] pid(1291)/euid(501) is calling TIS/TSM in non-main thread environment, ERROR : This is NOT allowed. Please call TIS/TSM in main thread!!!
2019-02-26 14:03:45.450 chromedriver[1291:357105] pid(1291)/euid(501) is calling TIS/TSM in non-main thread environment, ERROR : This is NOT allowed. Please call TIS/TSM in main thread!!!
2019-02-26 14:03:45.451 chromedriver[1291:357105] pid(1291)/euid(501) is calling TIS/TSM in non-main thread environment, ERROR : This is NOT allowed. Please call TIS/TSM in main thread!!!
2019-02-26 14:03:45.451 chromedriver[1291:357105] pid(1291)/euid(501) is calling TIS/TSM in non-main thread environment, ERROR : This is NOT allowed. Please call TIS/TSM in main thread!!!
2019-02-26 14:03:45.451 chromedriver[1291:357105] pid(1291)/euid(501) is calling TIS/TSM in non-main thread environment, ERROR : This is NOT allowed. Please call TIS/TSM in main thread!!!
2019-02-26 14:03:45.451 chromedriver[1291:357105] pid(1291)/euid(501) is calling TIS/TSM in non-main thread environment, ERROR : This is NOT allowed. Please call TIS/TSM in main thread!!!
2019-02-26 14:03:45.451 chromedriver[1291:357105] pid(1291)/euid(501) is calling TIS/TSM in non-main thread environment, ERROR : This is NOT allowed. Please call TIS/TSM in main thread!!!
2019-02-26 14:03:45.451 chromedriver[1291:357105] pid(1291)/euid(501) is calling TIS/TSM in non-main thread environment, ERROR : This is NOT allowed. Please call TIS/TSM in main thread!!!
2019-02-26 14:03:45.451 chromedriver[1291:357105] pid(1291)/euid(501) is calling TIS/TSM in non-main thread environment, ERROR : This is NOT allowed. Please call TIS/TSM in main thread!!!
2019-02-26 14:03:45.451 chromedriver[1291:357105] pid(1291)/euid(501) is calling TIS/TSM in non-main thread environment, ERROR : This is NOT allowed. Please call TIS/TSM in main thread!!!
2019-02-26 14:03:45.451 chromedriver[1291:357105] pid(1291)/euid(501) is calling TIS/TSM in non-main thread environment, ERROR : This is NOT allowed. Please call TIS/TSM in main thread!!!
2019-02-26 14:03:45.451 chromedriver[1291:357105] pid(1291)/euid(501) is calling TIS/TSM in non-main thread environment, ERROR : This is NOT allowed. Please call TIS/TSM in main thread!!!
2019-02-26 14:03:45.451 chromedriver[1291:357105] pid(1291)/euid(501) is calling TIS/TSM in non-main thread environment, ERROR : This is NOT allowed. Please call TIS/TSM in main thread!!!
2019-02-26 14:03:45.451 chromedriver[1291:357105] pid(1291)/euid(501) is calling TIS/TSM in non-main thread environment, ERROR : This is NOT allowed. Please call TIS/TSM in main thread!!!
2019-02-26 14:03:45.451 chromedriver[1291:357105] pid(1291)/euid(501) is calling TIS/TSM in non-main thread environment, ERROR : This is NOT allowed. Please call TIS/TSM in main thread!!!
2019-02-26 14:03:45.451 chromedriver[1291:357105] pid(1291)/euid(501) is calling TIS/TSM in non-main thread environment, ERROR : This is NOT allowed. Please call TIS/TSM in main thread!!!
2019-02-26 14:03:45.451 chromedriver[1291:357105] pid(1291)/euid(501) is calling TIS/TSM in non-main thread environment, ERROR : This is NOT allowed. Please call TIS/TSM in main thread!!!
2019-02-26 14:03:45.451 chromedriver[1291:357105] pid(1291)/euid(501) is calling TIS/TSM in non-main thread environment, ERROR : This is NOT allowed. Please call TIS/TSM in main thread!!!
2019-02-26 14:03:45.451 chromedriver[1291:357105] pid(1291)/euid(501) is calling TIS/TSM in non-main thread environment, ERROR : This is NOT allowed. Please call TIS/TSM in main thread!!!
2019-02-26 14:03:45.451 chromedriver[1291:357105] pid(1291)/euid(501) is calling TIS/TSM in non-main thread environment, ERROR : This is NOT allowed. Please call TIS/TSM in main thread!!!
2019-02-26 14:03:45.451 chromedriver[1291:357105] pid(1291)/euid(501) is calling TIS/TSM in non-main thread environment, ERROR : This is NOT allowed. Please call TIS/TSM in main thread!!!
2019-02-26 14:03:45.451 chromedriver[1291:357105] pid(1291)/euid(501) is calling TIS/TSM in non-main thread environment, ERROR : This is NOT allowed. Please call TIS/TSM in main thread!!!
2019-02-26 14:03:45.451 chromedriver[1291:357105] pid(1291)/euid(501) is calling TIS/TSM in non-main thread environment, ERROR : This is NOT allowed. Please call TIS/TSM in main thread!!!
2019-02-26 14:03:45.451 chromedriver[1291:357105] pid(1291)/euid(501) is calling TIS/TSM in non-main thread environment, ERROR : This is NOT allowed. Please call TIS/TSM in main thread!!!
2019-02-26 14:03:45.451 chromedriver[1291:357105] pid(1291)/euid(501) is calling TIS/TSM in non-main thread environment, ERROR : This is NOT allowed. Please call TIS/TSM in main thread!!!
2019-02-26 14:03:45.451 chromedriver[1291:357105] pid(1291)/euid(501) is calling TIS/TSM in non-main thread environment, ERROR : This is NOT allowed. Please call TIS/TSM in main thread!!!
2019-02-26 14:03:45.451 chromedriver[1291:357105] pid(1291)/euid(501) is calling TIS/TSM in non-main thread environment, ERROR : This is NOT allowed. Please call TIS/TSM in main thread!!!
2019-02-26 14:03:45.451 chromedriver[1291:357105] pid(1291)/euid(501) is calling TIS/TSM in non-main thread environment, ERROR : This is NOT allowed. Please call TIS/TSM in main thread!!!
2019-02-26 14:03:45.451 chromedriver[1291:357105] pid(1291)/euid(501) is calling TIS/TSM in non-main thread environment, ERROR : This is NOT allowed. Please call TIS/TSM in main thread!!!
2019-02-26 14:03:45.451 chromedriver[1291:357105] pid(1291)/euid(501) is calling TIS/TSM in non-main thread environment, ERROR : This is NOT allowed. Please call TIS/TSM in main thread!!!
2019-02-26 14:03:45.452 chromedriver[1291:357105] pid(1291)/euid(501) is calling TIS/TSM in non-main thread environment, ERROR : This is NOT allowed. Please call TIS/TSM in main thread!!!
2019-02-26 14:03:45.452 chromedriver[1291:357105] pid(1291)/euid(501) is calling TIS/TSM in non-main thread environment, ERROR : This is NOT allowed. Please call TIS/TSM in main thread!!!
2019-02-26 14:03:45.452 chromedriver[1291:357105] pid(1291)/euid(501) is calling TIS/TSM in non-main thread environment, ERROR : This is NOT allowed. Please call TIS/TSM in main thread!!!
2019-02-26 14:03:45.452 chromedriver[1291:357105] pid(1291)/euid(501) is calling TIS/TSM in non-main thread environment, ERROR : This is NOT allowed. Please call TIS/TSM in main thread!!!
2019-02-26 14:03:45.452 chromedriver[1291:357105] pid(1291)/euid(501) is calling TIS/TSM in non-main thread environment, ERROR : This is NOT allowed. Please call TIS/TSM in main thread!!!
2019-02-26 14:03:45.452 chromedriver[1291:357105] pid(1291)/euid(501) is calling TIS/TSM in non-main thread environment, ERROR : This is NOT allowed. Please call TIS/TSM in main thread!!!
2019-02-26 14:03:45.452 chromedriver[1291:357105] pid(1291)/euid(501) is calling TIS/TSM in non-main thread environment, ERROR : This is NOT allowed. Please call TIS/TSM in main thread!!!
2019-02-26 14:03:45.452 chromedriver[1291:357105] pid(1291)/euid(501) is calling TIS/TSM in non-main thread environment, ERROR : This is NOT allowed. Please call TIS/TSM in main thread!!!
2019-02-26 14:03:45.452 chromedriver[1291:357105] pid(1291)/euid(501) is calling TIS/TSM in non-main thread environment, ERROR : This is NOT allowed. Please call TIS/TSM in main thread!!!
2019-02-26 14:03:45.452 chromedriver[1291:357105] pid(1291)/euid(501) is calling TIS/TSM in non-main thread environment, ERROR : This is NOT allowed. Please call TIS/TSM in main thread!!!
2019-02-26 14:03:45.452 chromedriver[1291:357105] pid(1291)/euid(501) is calling TIS/TSM in non-main thread environment, ERROR : This is NOT allowed. Please call TIS/TSM in main thread!!!
2019-02-26 14:03:45.452 chromedriver[1291:357105] pid(1291)/euid(501) is calling TIS/TSM in non-main thread environment, ERROR : This is NOT allowed. Please call TIS/TSM in main thread!!!
2019-02-26 14:03:45.452 chromedriver[1291:357105] pid(1291)/euid(501) is calling TIS/TSM in non-main thread environment, ERROR : This is NOT allowed. Please call TIS/TSM in main thread!!!
2019-02-26 14:03:45.452 chromedriver[1291:357105] pid(1291)/euid(501) is calling TIS/TSM in non-main thread environment, ERROR : This is NOT allowed. Please call TIS/TSM in main thread!!!
2019-02-26 14:03:45.452 chromedriver[1291:357105] pid(1291)/euid(501) is calling TIS/TSM in non-main thread environment, ERROR : This is NOT allowed. Please call TIS/TSM in main thread!!!
2019-02-26 14:03:45.452 chromedriver[1291:357105] pid(1291)/euid(501) is calling TIS/TSM in non-main thread environment, ERROR : This is NOT allowed. Please call TIS/TSM in main thread!!!
2019-02-26 14:03:45.452 chromedriver[1291:357105] pid(1291)/euid(501) is calling TIS/TSM in non-main thread environment, ERROR : This is NOT allowed. Please call TIS/TSM in main thread!!!
2019-02-26 14:03:45.452 chromedriver[1291:357105] pid(1291)/euid(501) is calling TIS/TSM in non-main thread environment, ERROR : This is NOT allowed. Please call TIS/TSM in main thread!!!
2019-02-26 14:03:45.452 chromedriver[1291:357105] pid(1291)/euid(501) is calling TIS/TSM in non-main thread environment, ERROR : This is NOT allowed. Please call TIS/TSM in main thread!!!
2019-02-26 14:03:45.452 chromedriver[1291:357105] pid(1291)/euid(501) is calling TIS/TSM in non-main thread environment, ERROR : This is NOT allowed. Please call TIS/TSM in main thread!!!
2019-02-26 14:03:45.452 chromedriver[1291:357105] pid(1291)/euid(501) is calling TIS/TSM in non-main thread environment, ERROR : This is NOT allowed. Please call TIS/TSM in main thread!!!
2019-02-26 14:03:45.452 chromedriver[1291:357105] pid(1291)/euid(501) is calling TIS/TSM in non-main thread environment, ERROR : This is NOT allowed. Please call TIS/TSM in main thread!!!
2019-02-26 14:03:45.452 chromedriver[1291:357105] pid(1291)/euid(501) is calling TIS/TSM in non-main thread environment, ERROR : This is NOT allowed. Please call TIS/TSM in main thread!!!
2019-02-26 14:03:45.452 chromedriver[1291:357105] pid(1291)/euid(501) is calling TIS/TSM in non-main thread environment, ERROR : This is NOT allowed. Please call TIS/TSM in main thread!!!
2019-02-26 14:03:45.452 chromedriver[1291:357105] pid(1291)/euid(501) is calling TIS/TSM in non-main thread environment, ERROR : This is NOT allowed. Please call TIS/TSM in main thread!!!
2019-02-26 14:03:45.452 chromedriver[1291:357105] pid(1291)/euid(501) is calling TIS/TSM in non-main thread environment, ERROR : This is NOT allowed. Please call TIS/TSM in main thread!!!
2019-02-26 14:03:45.452 chromedriver[1291:357105] pid(1291)/euid(501) is calling TIS/TSM in non-main thread environment, ERROR : This is NOT allowed. Please call TIS/TSM in main thread!!!
2019-02-26 14:03:45.452 chromedriver[1291:357105] pid(1291)/euid(501) is calling TIS/TSM in non-main thread environment, ERROR : This is NOT allowed. Please call TIS/TSM in main thread!!!
2019-02-26 14:03:45.452 chromedriver[1291:357105] pid(1291)/euid(501) is calling TIS/TSM in non-main thread environment, ERROR : This is NOT allowed. Please call TIS/TSM in main thread!!!
2019-02-26 14:03:45.452 chromedriver[1291:357105] pid(1291)/euid(501) is calling TIS/TSM in non-main thread environment, ERROR : This is NOT allowed. Please call TIS/TSM in main thread!!!
2019-02-26 14:03:45.452 chromedriver[1291:357105] pid(1291)/euid(501) is calling TIS/TSM in non-main thread environment, ERROR : This is NOT allowed. Please call TIS/TSM in main thread!!!
2019-02-26 14:03:45.452 chromedriver[1291:357105] pid(1291)/euid(501) is calling TIS/TSM in non-main thread environment, ERROR : This is NOT allowed. Please call TIS/TSM in main thread!!!
2019-02-26 14:03:45.453 chromedriver[1291:357105] pid(1291)/euid(501) is calling TIS/TSM in non-main thread environment, ERROR : This is NOT allowed. Please call TIS/TSM in main thread!!!
2019-02-26 14:03:45.453 chromedriver[1291:357105] pid(1291)/euid(501) is calling TIS/TSM in non-main thread environment, ERROR : This is NOT allowed. Please call TIS/TSM in main thread!!!
2019-02-26 14:03:45.453 chromedriver[1291:357105] pid(1291)/euid(501) is calling TIS/TSM in non-main thread environment, ERROR : This is NOT allowed. Please call TIS/TSM in main thread!!!
2019-02-26 14:03:45.453 chromedriver[1291:357105] pid(1291)/euid(501) is calling TIS/TSM in non-main thread environment, ERROR : This is NOT allowed. Please call TIS/TSM in main thread!!!
2019-02-26 14:03:45.453 chromedriver[1291:357105] pid(1291)/euid(501) is calling TIS/TSM in non-main thread environment, ERROR : This is NOT allowed. Please call TIS/TSM in main thread!!!
2019-02-26 14:03:45.453 chromedriver[1291:357105] pid(1291)/euid(501) is calling TIS/TSM in non-main thread environment, ERROR : This is NOT allowed. Please call TIS/TSM in main thread!!!
2019-02-26 14:03:45.453 chromedriver[1291:357105] pid(1291)/euid(501) is calling TIS/TSM in non-main thread environment, ERROR : This is NOT allowed. Please call TIS/TSM in main thread!!!
2019-02-26 14:03:45.453 chromedriver[1291:357105] pid(1291)/euid(501) is calling TIS/TSM in non-main thread environment, ERROR : This is NOT allowed. Please call TIS/TSM in main thread!!!
2019-02-26 14:03:45.453 chromedriver[1291:357105] pid(1291)/euid(501) is calling TIS/TSM in non-main thread environment, ERROR : This is NOT allowed. Please call TIS/TSM in main thread!!!
2019-02-26 14:03:45.453 chromedriver[1291:357105] pid(1291)/euid(501) is calling TIS/TSM in non-main thread environment, ERROR : This is NOT allowed. Please call TIS/TSM in main thread!!!
2019-02-26 14:03:45.453 chromedriver[1291:357105] pid(1291)/euid(501) is calling TIS/TSM in non-main thread environment, ERROR : This is NOT allowed. Please call TIS/TSM in main thread!!!
2019-02-26 14:03:45.453 chromedriver[1291:357105] pid(1291)/euid(501) is calling TIS/TSM in non-main thread environment, ERROR : This is NOT allowed. Please call TIS/TSM in main thread!!!
2019-02-26 14:03:45.453 chromedriver[1291:357105] pid(1291)/euid(501) is calling TIS/TSM in non-main thread environment, ERROR : This is NOT allowed. Please call TIS/TSM in main thread!!!
2019-02-26 14:03:45.453 chromedriver[1291:357105] pid(1291)/euid(501) is calling TIS/TSM in non-main thread environment, ERROR : This is NOT allowed. Please call TIS/TSM in main thread!!!
2019-02-26 14:03:45.453 chromedriver[1291:357105] pid(1291)/euid(501) is calling TIS/TSM in non-main thread environment, ERROR : This is NOT allowed. Please call TIS/TSM in main thread!!!
2019-02-26 14:03:45.453 chromedriver[1291:357105] pid(1291)/euid(501) is calling TIS/TSM in non-main thread environment, ERROR : This is NOT allowed. Please call TIS/TSM in main thread!!!
2019-02-26 14:03:45.453 chromedriver[1291:357105] pid(1291)/euid(501) is calling TIS/TSM in non-main thread environment, ERROR : This is NOT allowed. Please call TIS/TSM in main thread!!!
2019-02-26 14:03:45.453 chromedriver[1291:357105] pid(1291)/euid(501) is calling TIS/TSM in non-main thread environment, ERROR : This is NOT allowed. Please call TIS/TSM in main thread!!!
2019-02-26 14:03:45.453 chromedriver[1291:357105] pid(1291)/euid(501) is calling TIS/TSM in non-main thread environment, ERROR : This is NOT allowed. Please call TIS/TSM in main thread!!!
2019-02-26 14:03:45.453 chromedriver[1291:357105] pid(1291)/euid(501) is calling TIS/TSM in non-main thread environment, ERROR : This is NOT allowed. Please call TIS/TSM in main thread!!!
2019-02-26 14:03:45.453 chromedriver[1291:357105] pid(1291)/euid(501) is calling TIS/TSM in non-main thread environment, ERROR : This is NOT allowed. Please call TIS/TSM in main thread!!!
2019-02-26 14:03:45.453 chromedriver[1291:357105] pid(1291)/euid(501) is calling TIS/TSM in non-main thread environment, ERROR : This is NOT allowed. Please call TIS/TSM in main thread!!!
2019-02-26 14:03:45.453 chromedriver[1291:357105] pid(1291)/euid(501) is calling TIS/TSM in non-main thread environment, ERROR : This is NOT allowed. Please call TIS/TSM in main thread!!!
2019-02-26 14:03:45.453 chromedriver[1291:357105] pid(1291)/euid(501) is calling TIS/TSM in non-main thread environment, ERROR : This is NOT allowed. Please call TIS/TSM in main thread!!!
2019-02-26 14:03:45.453 chromedriver[1291:357105] pid(1291)/euid(501) is calling TIS/TSM in non-main thread environment, ERROR : This is NOT allowed. Please call TIS/TSM in main thread!!!
2019-02-26 14:03:45.453 chromedriver[1291:357105] pid(1291)/euid(501) is calling TIS/TSM in non-main thread environment, ERROR : This is NOT allowed. Please call TIS/TSM in main thread!!!
2019-02-26 14:03:45.453 chromedriver[1291:357105] pid(1291)/euid(501) is calling TIS/TSM in non-main thread environment, ERROR : This is NOT allowed. Please call TIS/TSM in main thread!!!
2019-02-26 14:03:45.453 chromedriver[1291:357105] pid(1291)/euid(501) is calling TIS/TSM in non-main thread environment, ERROR : This is NOT allowed. Please call TIS/TSM in main thread!!!
2019-02-26 14:03:45.453 chromedriver[1291:357105] pid(1291)/euid(501) is calling TIS/TSM in non-main thread environment, ERROR : This is NOT allowed. Please call TIS/TSM in main thread!!!
2019-02-26 14:03:45.453 chromedriver[1291:357105] pid(1291)/euid(501) is calling TIS/TSM in non-main thread environment, ERROR : This is NOT allowed. Please call TIS/TSM in main thread!!!
2019-02-26 14:03:45.453 chromedriver[1291:357105] pid(1291)/euid(501) is calling TIS/TSM in non-main thread environment, ERROR : This is NOT allowed. Please call TIS/TSM in main thread!!!
2019-02-26 14:03:45.453 chromedriver[1291:357105] pid(1291)/euid(501) is calling TIS/TSM in non-main thread environment, ERROR : This is NOT allowed. Please call TIS/TSM in main thread!!!
2019-02-26 14:03:45.453 chromedriver[1291:357105] pid(1291)/euid(501) is calling TIS/TSM in non-main thread environment, ERROR : This is NOT allowed. Please call TIS/TSM in main thread!!!
2019-02-26 14:03:45.453 chromedriver[1291:357105] pid(1291)/euid(501) is calling TIS/TSM in non-main thread environment, ERROR : This is NOT allowed. Please call TIS/TSM in main thread!!!
2019-02-26 14:03:45.454 chromedriver[1291:357105] pid(1291)/euid(501) is calling TIS/TSM in non-main thread environment, ERROR : This is NOT allowed. Please call TIS/TSM in main thread!!!
2019-02-26 14:03:45.454 chromedriver[1291:357105] pid(1291)/euid(501) is calling TIS/TSM in non-main thread environment, ERROR : This is NOT allowed. Please call TIS/TSM in main thread!!!
2019-02-26 14:03:45.454 chromedriver[1291:357105] pid(1291)/euid(501) is calling TIS/TSM in non-main thread environment, ERROR : This is NOT allowed. Please call TIS/TSM in main thread!!!
2019-02-26 14:03:45.454 chromedriver[1291:357105] pid(1291)/euid(501) is calling TIS/TSM in non-main thread environment, ERROR : This is NOT allowed. Please call TIS/TSM in main thread!!!
2019-02-26 14:03:45.454 chromedriver[1291:357105] pid(1291)/euid(501) is calling TIS/TSM in non-main thread environment, ERROR : This is NOT allowed. Please call TIS/TSM in main thread!!!
2019-02-26 14:03:45.454 chromedriver[1291:357105] pid(1291)/euid(501) is calling TIS/TSM in non-main thread environment, ERROR : This is NOT allowed. Please call TIS/TSM in main thread!!!
2019-02-26 14:03:45.454 chromedriver[1291:357105] pid(1291)/euid(501) is calling TIS/TSM in non-main thread environment, ERROR : This is NOT allowed. Please call TIS/TSM in main thread!!!
2019-02-26 14:03:45.454 chromedriver[1291:357105] pid(1291)/euid(501) is calling TIS/TSM in non-main thread environment, ERROR : This is NOT allowed. Please call TIS/TSM in main thread!!!
2019-02-26 14:03:45.454 chromedriver[1291:357105] pid(1291)/euid(501) is calling TIS/TSM in non-main thread environment, ERROR : This is NOT allowed. Please call TIS/TSM in main thread!!!
2019-02-26 14:03:45.454 chromedriver[1291:357105] pid(1291)/euid(501) is calling TIS/TSM in non-main thread environment, ERROR : This is NOT allowed. Please call TIS/TSM in main thread!!!
2019-02-26 14:03:45.454 chromedriver[1291:357105] pid(1291)/euid(501) is calling TIS/TSM in non-main thread environment, ERROR : This is NOT allowed. Please call TIS/TSM in main thread!!!
2019-02-26 14:03:45.454 chromedriver[1291:357105] pid(1291)/euid(501) is calling TIS/TSM in non-main thread environment, ERROR : This is NOT allowed. Please call TIS/TSM in main thread!!!
2019-02-26 14:03:45.454 chromedriver[1291:357105] pid(1291)/euid(501) is calling TIS/TSM in non-main thread environment, ERROR : This is NOT allowed. Please call TIS/TSM in main thread!!!
2019-02-26 14:03:45.454 chromedriver[1291:357105] pid(1291)/euid(501) is calling TIS/TSM in non-main thread environment, ERROR : This is NOT allowed. Please call TIS/TSM in main thread!!!
2019-02-26 14:03:45.454 chromedriver[1291:357105] pid(1291)/euid(501) is calling TIS/TSM in non-main thread environment, ERROR : This is NOT allowed. Please call TIS/TSM in main thread!!!
2019-02-26 14:03:45.454 chromedriver[1291:357105] pid(1291)/euid(501) is calling TIS/TSM in non-main thread environment, ERROR : This is NOT allowed. Please call TIS/TSM in main thread!!!
2019-02-26 14:03:45.454 chromedriver[1291:357105] pid(1291)/euid(501) is calling TIS/TSM in non-main thread environment, ERROR : This is NOT allowed. Please call TIS/TSM in main thread!!!
2019-02-26 14:03:45.454 chromedriver[1291:357105] pid(1291)/euid(501) is calling TIS/TSM in non-main thread environment, ERROR : This is NOT allowed. Please call TIS/TSM in main thread!!!
2019-02-26 14:03:45.454 chromedriver[1291:357105] pid(1291)/euid(501) is calling TIS/TSM in non-main thread environment, ERROR : This is NOT allowed. Please call TIS/TSM in main thread!!!
2019-02-26 14:03:45.454 chromedriver[1291:357105] pid(1291)/euid(501) is calling TIS/TSM in non-main thread environment, ERROR : This is NOT allowed. Please call TIS/TSM in main thread!!!
2019-02-26 14:03:45.454 chromedriver[1291:357105] pid(1291)/euid(501) is calling TIS/TSM in non-main thread environment, ERROR : This is NOT allowed. Please call TIS/TSM in main thread!!!
2019-02-26 14:03:45.454 chromedriver[1291:357105] pid(1291)/euid(501) is calling TIS/TSM in non-main thread environment, ERROR : This is NOT allowed. Please call TIS/TSM in main thread!!!
2019-02-26 14:03:45.454 chromedriver[1291:357105] pid(1291)/euid(501) is calling TIS/TSM in non-main thread environment, ERROR : This is NOT allowed. Please call TIS/TSM in main thread!!!
2019-02-26 14:03:45.454 chromedriver[1291:357105] pid(1291)/euid(501) is calling TIS/TSM in non-main thread environment, ERROR : This is NOT allowed. Please call TIS/TSM in main thread!!!
2019-02-26 14:03:45.454 chromedriver[1291:357105] pid(1291)/euid(501) is calling TIS/TSM in non-main thread environment, ERROR : This is NOT allowed. Please call TIS/TSM in main thread!!!
2019-02-26 14:03:45.454 chromedriver[1291:357105] pid(1291)/euid(501) is calling TIS/TSM in non-main thread environment, ERROR : This is NOT allowed. Please call TIS/TSM in main thread!!!
2019-02-26 14:03:45.454 chromedriver[1291:357105] pid(1291)/euid(501) is calling TIS/TSM in non-main thread environment, ERROR : This is NOT allowed. Please call TIS/TSM in main thread!!!
2019-02-26 14:03:45.454 chromedriver[1291:357105] pid(1291)/euid(501) is calling TIS/TSM in non-main thread environment, ERROR : This is NOT allowed. Please call TIS/TSM in main thread!!!
2019-02-26 14:03:45.454 chromedriver[1291:357105] pid(1291)/euid(501) is calling TIS/TSM in non-main thread environment, ERROR : This is NOT allowed. Please call TIS/TSM in main thread!!!
2019-02-26 14:03:45.454 chromedriver[1291:357105] pid(1291)/euid(501) is calling TIS/TSM in non-main thread environment, ERROR : This is NOT allowed. Please call TIS/TSM in main thread!!!
2019-02-26 14:03:45.454 chromedriver[1291:357105] pid(1291)/euid(501) is calling TIS/TSM in non-main thread environment, ERROR : This is NOT allowed. Please call TIS/TSM in main thread!!!
2019-02-26 14:03:45.454 chromedriver[1291:357105] pid(1291)/euid(501) is calling TIS/TSM in non-main thread environment, ERROR : This is NOT allowed. Please call TIS/TSM in main thread!!!
2019-02-26 14:03:45.454 chromedriver[1291:357105] pid(1291)/euid(501) is calling TIS/TSM in non-main thread environment, ERROR : This is NOT allowed. Please call TIS/TSM in main thread!!!
2019-02-26 14:03:45.454 chromedriver[1291:357105] pid(1291)/euid(501) is calling TIS/TSM in non-main thread environment, ERROR : This is NOT allowed. Please call TIS/TSM in main thread!!!
2019-02-26 14:03:45.454 chromedriver[1291:357105] pid(1291)/euid(501) is calling TIS/TSM in non-main thread environment, ERROR : This is NOT allowed. Please call TIS/TSM in main thread!!!
2019-02-26 14:03:45.454 chromedriver[1291:357105] pid(1291)/euid(501) is calling TIS/TSM in non-main thread environment, ERROR : This is NOT allowed. Please call TIS/TSM in main thread!!!
2019-02-26 14:03:45.454 chromedriver[1291:357105] pid(1291)/euid(501) is calling TIS/TSM in non-main thread environment, ERROR : This is NOT allowed. Please call TIS/TSM in main thread!!!
2019-02-26 14:03:45.455 chromedriver[1291:357105] pid(1291)/euid(501) is calling TIS/TSM in non-main thread environment, ERROR : This is NOT allowed. Please call TIS/TSM in main thread!!!
2019-02-26 14:03:45.455 chromedriver[1291:357105] pid(1291)/euid(501) is calling TIS/TSM in non-main thread environment, ERROR : This is NOT allowed. Please call TIS/TSM in main thread!!!
2019-02-26 14:03:45.455 chromedriver[1291:357105] pid(1291)/euid(501) is calling TIS/TSM in non-main thread environment, ERROR : This is NOT allowed. Please call TIS/TSM in main thread!!!
2019-02-26 14:03:45.455 chromedriver[1291:357105] pid(1291)/euid(501) is calling TIS/TSM in non-main thread environment, ERROR : This is NOT allowed. Please call TIS/TSM in main thread!!!
2019-02-26 14:03:45.455 chromedriver[1291:357105] pid(1291)/euid(501) is calling TIS/TSM in non-main thread environment, ERROR : This is NOT allowed. Please call TIS/TSM in main thread!!!
2019-02-26 14:03:45.455 chromedriver[1291:357105] pid(1291)/euid(501) is calling TIS/TSM in non-main thread environment, ERROR : This is NOT allowed. Please call TIS/TSM in main thread!!!
2019-02-26 14:03:45.455 chromedriver[1291:357105] pid(1291)/euid(501) is calling TIS/TSM in non-main thread environment, ERROR : This is NOT allowed. Please call TIS/TSM in main thread!!!
2019-02-26 14:03:45.455 chromedriver[1291:357105] pid(1291)/euid(501) is calling TIS/TSM in non-main thread environment, ERROR : This is NOT allowed. Please call TIS/TSM in main thread!!!
2019-02-26 14:03:45.455 chromedriver[1291:357105] pid(1291)/euid(501) is calling TIS/TSM in non-main thread environment, ERROR : This is NOT allowed. Please call TIS/TSM in main thread!!!
2019-02-26 14:03:45.455 chromedriver[1291:357105] pid(1291)/euid(501) is calling TIS/TSM in non-main thread environment, ERROR : This is NOT allowed. Please call TIS/TSM in main thread!!!
2019-02-26 14:03:45.455 chromedriver[1291:357105] pid(1291)/euid(501) is calling TIS/TSM in non-main thread environment, ERROR : This is NOT allowed. Please call TIS/TSM in main thread!!!
2019-02-26 14:03:45.455 chromedriver[1291:357105] pid(1291)/euid(501) is calling TIS/TSM in non-main thread environment, ERROR : This is NOT allowed. Please call TIS/TSM in main thread!!!
2019-02-26 14:03:45.455 chromedriver[1291:357105] pid(1291)/euid(501) is calling TIS/TSM in non-main thread environment, ERROR : This is NOT allowed. Please call TIS/TSM in main thread!!!
2019-02-26 14:03:45.455 chromedriver[1291:357105] pid(1291)/euid(501) is calling TIS/TSM in non-main thread environment, ERROR : This is NOT allowed. Please call TIS/TSM in main thread!!!
2019-02-26 14:03:45.455 chromedriver[1291:357105] pid(1291)/euid(501) is calling TIS/TSM in non-main thread environment, ERROR : This is NOT allowed. Please call TIS/TSM in main thread!!!
2019-02-26 14:03:45.455 chromedriver[1291:357105] pid(1291)/euid(501) is calling TIS/TSM in non-main thread environment, ERROR : This is NOT allowed. Please call TIS/TSM in main thread!!!
2019-02-26 14:03:45.455 chromedriver[1291:357105] pid(1291)/euid(501) is calling TIS/TSM in non-main thread environment, ERROR : This is NOT allowed. Please call TIS/TSM in main thread!!!
2019-02-26 14:03:45.455 chromedriver[1291:357105] pid(1291)/euid(501) is calling TIS/TSM in non-main thread environment, ERROR : This is NOT allowed. Please call TIS/TSM in main thread!!!
2019-02-26 14:03:45.455 chromedriver[1291:357105] pid(1291)/euid(501) is calling TIS/TSM in non-main thread environment, ERROR : This is NOT allowed. Please call TIS/TSM in main thread!!!
2019-02-26 14:03:45.455 chromedriver[1291:357105] pid(1291)/euid(501) is calling TIS/TSM in non-main thread environment, ERROR : This is NOT allowed. Please call TIS/TSM in main thread!!!
2019-02-26 14:03:45.455 chromedriver[1291:357105] pid(1291)/euid(501) is calling TIS/TSM in non-main thread environment, ERROR : This is NOT allowed. Please call TIS/TSM in main thread!!!
2019-02-26 14:03:45.455 chromedriver[1291:357105] pid(1291)/euid(501) is calling TIS/TSM in non-main thread environment, ERROR : This is NOT allowed. Please call TIS/TSM in main thread!!!
2019-02-26 14:03:45.455 chromedriver[1291:357105] pid(1291)/euid(501) is calling TIS/TSM in non-main thread environment, ERROR : This is NOT allowed. Please call TIS/TSM in main thread!!!
2019-02-26 14:03:45.455 chromedriver[1291:357105] pid(1291)/euid(501) is calling TIS/TSM in non-main thread environment, ERROR : This is NOT allowed. Please call TIS/TSM in main thread!!!
2019-02-26 14:03:45.455 chromedriver[1291:357105] pid(1291)/euid(501) is calling TIS/TSM in non-main thread environment, ERROR : This is NOT allowed. Please call TIS/TSM in main thread!!!
2019-02-26 14:03:45.455 chromedriver[1291:357105] pid(1291)/euid(501) is calling TIS/TSM in non-main thread environment, ERROR : This is NOT allowed. Please call TIS/TSM in main thread!!!
2019-02-26 14:03:45.455 chromedriver[1291:357105] pid(1291)/euid(501) is calling TIS/TSM in non-main thread environment, ERROR : This is NOT allowed. Please call TIS/TSM in main thread!!!
2019-02-26 14:03:45.455 chromedriver[1291:357105] pid(1291)/euid(501) is calling TIS/TSM in non-main thread environment, ERROR : This is NOT allowed. Please call TIS/TSM in main thread!!!
2019-02-26 14:03:45.455 chromedriver[1291:357105] pid(1291)/euid(501) is calling TIS/TSM in non-main thread environment, ERROR : This is NOT allowed. Please call TIS/TSM in main thread!!!
2019-02-26 14:03:45.455 chromedriver[1291:357105] pid(1291)/euid(501) is calling TIS/TSM in non-main thread environment, ERROR : This is NOT allowed. Please call TIS/TSM in main thread!!!
2019-02-26 14:03:45.455 chromedriver[1291:357105] pid(1291)/euid(501) is calling TIS/TSM in non-main thread environment, ERROR : This is NOT allowed. Please call TIS/TSM in main thread!!!
2019-02-26 14:03:45.455 chromedriver[1291:357105] pid(1291)/euid(501) is calling TIS/TSM in non-main thread environment, ERROR : This is NOT allowed. Please call TIS/TSM in main thread!!!
2019-02-26 14:03:45.455 chromedriver[1291:357105] pid(1291)/euid(501) is calling TIS/TSM in non-main thread environment, ERROR : This is NOT allowed. Please call TIS/TSM in main thread!!!
2019-02-26 14:03:45.455 chromedriver[1291:357105] pid(1291)/euid(501) is calling TIS/TSM in non-main thread environment, ERROR : This is NOT allowed. Please call TIS/TSM in main thread!!!
2019-02-26 14:03:45.456 chromedriver[1291:357105] pid(1291)/euid(501) is calling TIS/TSM in non-main thread environment, ERROR : This is NOT allowed. Please call TIS/TSM in main thread!!!
2019-02-26 14:03:45.456 chromedriver[1291:357105] pid(1291)/euid(501) is calling TIS/TSM in non-main thread environment, ERROR : This is NOT allowed. Please call TIS/TSM in main thread!!!
2019-02-26 14:03:45.456 chromedriver[1291:357105] pid(1291)/euid(501) is calling TIS/TSM in non-main thread environment, ERROR : This is NOT allowed. Please call TIS/TSM in main thread!!!
2019-02-26 14:03:45.456 chromedriver[1291:357105] pid(1291)/euid(501) is calling TIS/TSM in non-main thread environment, ERROR : This is NOT allowed. Please call TIS/TSM in main thread!!!
2019-02-26 14:03:45.456 chromedriver[1291:357105] pid(1291)/euid(501) is calling TIS/TSM in non-main thread environment, ERROR : This is NOT allowed. Please call TIS/TSM in main thread!!!
2019-02-26 14:03:45.456 chromedriver[1291:357105] pid(1291)/euid(501) is calling TIS/TSM in non-main thread environment, ERROR : This is NOT allowed. Please call TIS/TSM in main thread!!!
2019-02-26 14:03:45.456 chromedriver[1291:357105] pid(1291)/euid(501) is calling TIS/TSM in non-main thread environment, ERROR : This is NOT allowed. Please call TIS/TSM in main thread!!!
2019-02-26 14:03:45.456 chromedriver[1291:357105] pid(1291)/euid(501) is calling TIS/TSM in non-main thread environment, ERROR : This is NOT allowed. Please call TIS/TSM in main thread!!!
2019-02-26 14:03:45.456 chromedriver[1291:357105] pid(1291)/euid(501) is calling TIS/TSM in non-main thread environment, ERROR : This is NOT allowed. Please call TIS/TSM in main thread!!!
2019-02-26 14:03:45.456 chromedriver[1291:357105] pid(1291)/euid(501) is calling TIS/TSM in non-main thread environment, ERROR : This is NOT allowed. Please call TIS/TSM in main thread!!!
2019-02-26 14:03:45.499 chromedriver[1291:357105] pid(1291)/euid(501) is calling TIS/TSM in non-main thread environment, ERROR : This is NOT allowed. Please call TIS/TSM in main thread!!!
2019-02-26 14:03:45.499 chromedriver[1291:357105] pid(1291)/euid(501) is calling TIS/TSM in non-main thread environment, ERROR : This is NOT allowed. Please call TIS/TSM in main thread!!!
2019-02-26 14:03:45.499 chromedriver[1291:357105] pid(1291)/euid(501) is calling TIS/TSM in non-main thread environment, ERROR : This is NOT allowed. Please call TIS/TSM in main thread!!!
2019-02-26 14:03:45.499 chromedriver[1291:357105] pid(1291)/euid(501) is calling TIS/TSM in non-main thread environment, ERROR : This is NOT allowed. Please call TIS/TSM in main thread!!!
2019-02-26 14:03:45.499 chromedriver[1291:357105] pid(1291)/euid(501) is calling TIS/TSM in non-main thread environment, ERROR : This is NOT allowed. Please call TIS/TSM in main thread!!!
2019-02-26 14:03:45.499 chromedriver[1291:357105] pid(1291)/euid(501) is calling TIS/TSM in non-main thread environment, ERROR : This is NOT allowed. Please call TIS/TSM in main thread!!!
2019-02-26 14:03:45.499 chromedriver[1291:357105] pid(1291)/euid(501) is calling TIS/TSM in non-main thread environment, ERROR : This is NOT allowed. Please call TIS/TSM in main thread!!!
2019-02-26 14:03:45.499 chromedriver[1291:357105] pid(1291)/euid(501) is calling TIS/TSM in non-main thread environment, ERROR : This is NOT allowed. Please call TIS/TSM in main thread!!!
2019-02-26 14:03:45.499 chromedriver[1291:357105] pid(1291)/euid(501) is calling TIS/TSM in non-main thread environment, ERROR : This is NOT allowed. Please call TIS/TSM in main thread!!!
2019-02-26 14:03:45.499 chromedriver[1291:357105] pid(1291)/euid(501) is calling TIS/TSM in non-main thread environment, ERROR : This is NOT allowed. Please call TIS/TSM in main thread!!!
2019-02-26 14:03:45.499 chromedriver[1291:357105] pid(1291)/euid(501) is calling TIS/TSM in non-main thread environment, ERROR : This is NOT allowed. Please call TIS/TSM in main thread!!!
2019-02-26 14:03:45.499 chromedriver[1291:357105] pid(1291)/euid(501) is calling TIS/TSM in non-main thread environment, ERROR : This is NOT allowed. Please call TIS/TSM in main thread!!!
2019-02-26 14:03:45.499 chromedriver[1291:357105] pid(1291)/euid(501) is calling TIS/TSM in non-main thread environment, ERROR : This is NOT allowed. Please call TIS/TSM in main thread!!!
2019-02-26 14:03:45.499 chromedriver[1291:357105] pid(1291)/euid(501) is calling TIS/TSM in non-main thread environment, ERROR : This is NOT allowed. Please call TIS/TSM in main thread!!!
2019-02-26 14:03:45.499 chromedriver[1291:357105] pid(1291)/euid(501) is calling TIS/TSM in non-main thread environment, ERROR : This is NOT allowed. Please call TIS/TSM in main thread!!!
2019-02-26 14:03:45.499 chromedriver[1291:357105] pid(1291)/euid(501) is calling TIS/TSM in non-main thread environment, ERROR : This is NOT allowed. Please call TIS/TSM in main thread!!!
2019-02-26 14:03:45.500 chromedriver[1291:357105] pid(1291)/euid(501) is calling TIS/TSM in non-main thread environment, ERROR : This is NOT allowed. Please call TIS/TSM in main thread!!!
2019-02-26 14:03:45.500 chromedriver[1291:357105] pid(1291)/euid(501) is calling TIS/TSM in non-main thread environment, ERROR : This is NOT allowed. Please call TIS/TSM in main thread!!!
2019-02-26 14:03:45.500 chromedriver[1291:357105] pid(1291)/euid(501) is calling TIS/TSM in non-main thread environment, ERROR : This is NOT allowed. Please call TIS/TSM in main thread!!!
2019-02-26 14:03:45.500 chromedriver[1291:357105] pid(1291)/euid(501) is calling TIS/TSM in non-main thread environment, ERROR : This is NOT allowed. Please call TIS/TSM in main thread!!!
2019-02-26 14:03:45.500 chromedriver[1291:357105] pid(1291)/euid(501) is calling TIS/TSM in non-main thread environment, ERROR : This is NOT allowed. Please call TIS/TSM in main thread!!!
2019-02-26 14:03:45.500 chromedriver[1291:357105] pid(1291)/euid(501) is calling TIS/TSM in non-main thread environment, ERROR : This is NOT allowed. Please call TIS/TSM in main thread!!!
2019-02-26 14:03:45.500 chromedriver[1291:357105] pid(1291)/euid(501) is calling TIS/TSM in non-main thread environment, ERROR : This is NOT allowed. Please call TIS/TSM in main thread!!!
2019-02-26 14:03:45.500 chromedriver[1291:357105] pid(1291)/euid(501) is calling TIS/TSM in non-main thread environment, ERROR : This is NOT allowed. Please call TIS/TSM in main thread!!!
2019-02-26 14:03:45.500 chromedriver[1291:357105] pid(1291)/euid(501) is calling TIS/TSM in non-main thread environment, ERROR : This is NOT allowed. Please call TIS/TSM in main thread!!!
2019-02-26 14:03:45.500 chromedriver[1291:357105] pid(1291)/euid(501) is calling TIS/TSM in non-main thread environment, ERROR : This is NOT allowed. Please call TIS/TSM in main thread!!!
2019-02-26 14:03:45.500 chromedriver[1291:357105] pid(1291)/euid(501) is calling TIS/TSM in non-main thread environment, ERROR : This is NOT allowed. Please call TIS/TSM in main thread!!!
2019-02-26 14:03:45.500 chromedriver[1291:357105] pid(1291)/euid(501) is calling TIS/TSM in non-main thread environment, ERROR : This is NOT allowed. Please call TIS/TSM in main thread!!!
2019-02-26 14:03:45.500 chromedriver[1291:357105] pid(1291)/euid(501) is calling TIS/TSM in non-main thread environment, ERROR : This is NOT allowed. Please call TIS/TSM in main thread!!!
2019-02-26 14:03:45.500 chromedriver[1291:357105] pid(1291)/euid(501) is calling TIS/TSM in non-main thread environment, ERROR : This is NOT allowed. Please call TIS/TSM in main thread!!!
2019-02-26 14:03:45.500 chromedriver[1291:357105] pid(1291)/euid(501) is calling TIS/TSM in non-main thread environment, ERROR : This is NOT allowed. Please call TIS/TSM in main thread!!!
2019-02-26 14:03:45.500 chromedriver[1291:357105] pid(1291)/euid(501) is calling TIS/TSM in non-main thread environment, ERROR : This is NOT allowed. Please call TIS/TSM in main thread!!!
2019-02-26 14:03:45.500 chromedriver[1291:357105] pid(1291)/euid(501) is calling TIS/TSM in non-main thread environment, ERROR : This is NOT allowed. Please call TIS/TSM in main thread!!!
2019-02-26 14:03:45.500 chromedriver[1291:357105] pid(1291)/euid(501) is calling TIS/TSM in non-main thread environment, ERROR : This is NOT allowed. Please call TIS/TSM in main thread!!!
2019-02-26 14:03:45.500 chromedriver[1291:357105] pid(1291)/euid(501) is calling TIS/TSM in non-main thread environment, ERROR : This is NOT allowed. Please call TIS/TSM in main thread!!!
2019-02-26 14:03:45.500 chromedriver[1291:357105] pid(1291)/euid(501) is calling TIS/TSM in non-main thread environment, ERROR : This is NOT allowed. Please call TIS/TSM in main thread!!!
2019-02-26 14:03:45.500 chromedriver[1291:357105] pid(1291)/euid(501) is calling TIS/TSM in non-main thread environment, ERROR : This is NOT allowed. Please call TIS/TSM in main thread!!!
2019-02-26 14:03:45.500 chromedriver[1291:357105] pid(1291)/euid(501) is calling TIS/TSM in non-main thread environment, ERROR : This is NOT allowed. Please call TIS/TSM in main thread!!!
2019-02-26 14:03:45.500 chromedriver[1291:357105] pid(1291)/euid(501) is calling TIS/TSM in non-main thread environment, ERROR : This is NOT allowed. Please call TIS/TSM in main thread!!!
2019-02-26 14:03:45.500 chromedriver[1291:357105] pid(1291)/euid(501) is calling TIS/TSM in non-main thread environment, ERROR : This is NOT allowed. Please call TIS/TSM in main thread!!!
2019-02-26 14:03:45.500 chromedriver[1291:357105] pid(1291)/euid(501) is calling TIS/TSM in non-main thread environment, ERROR : This is NOT allowed. Please call TIS/TSM in main thread!!!
2019-02-26 14:03:45.500 chromedriver[1291:357105] pid(1291)/euid(501) is calling TIS/TSM in non-main thread environment, ERROR : This is NOT allowed. Please call TIS/TSM in main thread!!!
2019-02-26 14:03:45.500 chromedriver[1291:357105] pid(1291)/euid(501) is calling TIS/TSM in non-main thread environment, ERROR : This is NOT allowed. Please call TIS/TSM in main thread!!!
2019-02-26 14:03:45.548 chromedriver[1291:357105] pid(1291)/euid(501) is calling TIS/TSM in non-main thread environment, ERROR : This is NOT allowed. Please call TIS/TSM in main thread!!!
2019-02-26 14:03:45.548 chromedriver[1291:357105] pid(1291)/euid(501) is calling TIS/TSM in non-main thread environment, ERROR : This is NOT allowed. Please call TIS/TSM in main thread!!!
2019-02-26 14:03:45.548 chromedriver[1291:357105] pid(1291)/euid(501) is calling TIS/TSM in non-main thread environment, ERROR : This is NOT allowed. Please call TIS/TSM in main thread!!!
2019-02-26 14:03:45.548 chromedriver[1291:357105] pid(1291)/euid(501) is calling TIS/TSM in non-main thread environment, ERROR : This is NOT allowed. Please call TIS/TSM in main thread!!!
2019-02-26 14:03:45.548 chromedriver[1291:357105] pid(1291)/euid(501) is calling TIS/TSM in non-main thread environment, ERROR : This is NOT allowed. Please call TIS/TSM in main thread!!!
2019-02-26 14:03:45.548 chromedriver[1291:357105] pid(1291)/euid(501) is calling TIS/TSM in non-main thread environment, ERROR : This is NOT allowed. Please call TIS/TSM in main thread!!!
2019-02-26 14:03:45.548 chromedriver[1291:357105] pid(1291)/euid(501) is calling TIS/TSM in non-main thread environment, ERROR : This is NOT allowed. Please call TIS/TSM in main thread!!!
2019-02-26 14:03:45.548 chromedriver[1291:357105] pid(1291)/euid(501) is calling TIS/TSM in non-main thread environment, ERROR : This is NOT allowed. Please call TIS/TSM in main thread!!!
2019-02-26 14:03:45.548 chromedriver[1291:357105] pid(1291)/euid(501) is calling TIS/TSM in non-main thread environment, ERROR : This is NOT allowed. Please call TIS/TSM in main thread!!!
2019-02-26 14:03:45.548 chromedriver[1291:357105] pid(1291)/euid(501) is calling TIS/TSM in non-main thread environment, ERROR : This is NOT allowed. Please call TIS/TSM in main thread!!!
2019-02-26 14:03:45.548 chromedriver[1291:357105] pid(1291)/euid(501) is calling TIS/TSM in non-main thread environment, ERROR : This is NOT allowed. Please call TIS/TSM in main thread!!!
2019-02-26 14:03:45.548 chromedriver[1291:357105] pid(1291)/euid(501) is calling TIS/TSM in non-main thread environment, ERROR : This is NOT allowed. Please call TIS/TSM in main thread!!!
2019-02-26 14:03:45.548 chromedriver[1291:357105] pid(1291)/euid(501) is calling TIS/TSM in non-main thread environment, ERROR : This is NOT allowed. Please call TIS/TSM in main thread!!!
2019-02-26 14:03:45.548 chromedriver[1291:357105] pid(1291)/euid(501) is calling TIS/TSM in non-main thread environment, ERROR : This is NOT allowed. Please call TIS/TSM in main thread!!!
2019-02-26 14:03:45.548 chromedriver[1291:357105] pid(1291)/euid(501) is calling TIS/TSM in non-main thread environment, ERROR : This is NOT allowed. Please call TIS/TSM in main thread!!!
2019-02-26 14:03:45.548 chromedriver[1291:357105] pid(1291)/euid(501) is calling TIS/TSM in non-main thread environment, ERROR : This is NOT allowed. Please call TIS/TSM in main thread!!!
2019-02-26 14:03:45.548 chromedriver[1291:357105] pid(1291)/euid(501) is calling TIS/TSM in non-main thread environment, ERROR : This is NOT allowed. Please call TIS/TSM in main thread!!!
2019-02-26 14:03:45.548 chromedriver[1291:357105] pid(1291)/euid(501) is calling TIS/TSM in non-main thread environment, ERROR : This is NOT allowed. Please call TIS/TSM in main thread!!!
2019-02-26 14:03:45.548 chromedriver[1291:357105] pid(1291)/euid(501) is calling TIS/TSM in non-main thread environment, ERROR : This is NOT allowed. Please call TIS/TSM in main thread!!!
2019-02-26 14:03:45.548 chromedriver[1291:357105] pid(1291)/euid(501) is calling TIS/TSM in non-main thread environment, ERROR : This is NOT allowed. Please call TIS/TSM in main thread!!!
2019-02-26 14:03:45.549 chromedriver[1291:357105] pid(1291)/euid(501) is calling TIS/TSM in non-main thread environment, ERROR : This is NOT allowed. Please call TIS/TSM in main thread!!!
2019-02-26 14:03:45.549 chromedriver[1291:357105] pid(1291)/euid(501) is calling TIS/TSM in non-main thread environment, ERROR : This is NOT allowed. Please call TIS/TSM in main thread!!!
2019-02-26 14:03:45.549 chromedriver[1291:357105] pid(1291)/euid(501) is calling TIS/TSM in non-main thread environment, ERROR : This is NOT allowed. Please call TIS/TSM in main thread!!!
2019-02-26 14:03:45.549 chromedriver[1291:357105] pid(1291)/euid(501) is calling TIS/TSM in non-main thread environment, ERROR : This is NOT allowed. Please call TIS/TSM in main thread!!!
2019-02-26 14:03:45.549 chromedriver[1291:357105] pid(1291)/euid(501) is calling TIS/TSM in non-main thread environment, ERROR : This is NOT allowed. Please call TIS/TSM in main thread!!!
2019-02-26 14:03:45.549 chromedriver[1291:357105] pid(1291)/euid(501) is calling TIS/TSM in non-main thread environment, ERROR : This is NOT allowed. Please call TIS/TSM in main thread!!!
2019-02-26 14:03:45.549 chromedriver[1291:357105] pid(1291)/euid(501) is calling TIS/TSM in non-main thread environment, ERROR : This is NOT allowed. Please call TIS/TSM in main thread!!!
2019-02-26 14:03:45.549 chromedriver[1291:357105] pid(1291)/euid(501) is calling TIS/TSM in non-main thread environment, ERROR : This is NOT allowed. Please call TIS/TSM in main thread!!!
2019-02-26 14:03:45.549 chromedriver[1291:357105] pid(1291)/euid(501) is calling TIS/TSM in non-main thread environment, ERROR : This is NOT allowed. Please call TIS/TSM in main thread!!!
2019-02-26 14:03:45.549 chromedriver[1291:357105] pid(1291)/euid(501) is calling TIS/TSM in non-main thread environment, ERROR : This is NOT allowed. Please call TIS/TSM in main thread!!!
2019-02-26 14:03:45.549 chromedriver[1291:357105] pid(1291)/euid(501) is calling TIS/TSM in non-main thread environment, ERROR : This is NOT allowed. Please call TIS/TSM in main thread!!!
2019-02-26 14:03:45.549 chromedriver[1291:357105] pid(1291)/euid(501) is calling TIS/TSM in non-main thread environment, ERROR : This is NOT allowed. Please call TIS/TSM in main thread!!!
2019-02-26 14:03:45.549 chromedriver[1291:357105] pid(1291)/euid(501) is calling TIS/TSM in non-main thread environment, ERROR : This is NOT allowed. Please call TIS/TSM in main thread!!!
2019-02-26 14:03:45.549 chromedriver[1291:357105] pid(1291)/euid(501) is calling TIS/TSM in non-main thread environment, ERROR : This is NOT allowed. Please call TIS/TSM in main thread!!!
2019-02-26 14:03:45.549 chromedriver[1291:357105] pid(1291)/euid(501) is calling TIS/TSM in non-main thread environment, ERROR : This is NOT allowed. Please call TIS/TSM in main thread!!!
2019-02-26 14:03:45.549 chromedriver[1291:357105] pid(1291)/euid(501) is calling TIS/TSM in non-main thread environment, ERROR : This is NOT allowed. Please call TIS/TSM in main thread!!!
2019-02-26 14:03:45.549 chromedriver[1291:357105] pid(1291)/euid(501) is calling TIS/TSM in non-main thread environment, ERROR : This is NOT allowed. Please call TIS/TSM in main thread!!!
2019-02-26 14:03:45.549 chromedriver[1291:357105] pid(1291)/euid(501) is calling TIS/TSM in non-main thread environment, ERROR : This is NOT allowed. Please call TIS/TSM in main thread!!!
2019-02-26 14:03:45.549 chromedriver[1291:357105] pid(1291)/euid(501) is calling TIS/TSM in non-main thread environment, ERROR : This is NOT allowed. Please call TIS/TSM in main thread!!!
2019-02-26 14:03:45.549 chromedriver[1291:357105] pid(1291)/euid(501) is calling TIS/TSM in non-main thread environment, ERROR : This is NOT allowed. Please call TIS/TSM in main thread!!!
2019-02-26 14:03:45.549 chromedriver[1291:357105] pid(1291)/euid(501) is calling TIS/TSM in non-main thread environment, ERROR : This is NOT allowed. Please call TIS/TSM in main thread!!!
2019-02-26 14:03:45.549 chromedriver[1291:357105] pid(1291)/euid(501) is calling TIS/TSM in non-main thread environment, ERROR : This is NOT allowed. Please call TIS/TSM in main thread!!!
2019-02-26 14:03:45.549 chromedriver[1291:357105] pid(1291)/euid(501) is calling TIS/TSM in non-main thread environment, ERROR : This is NOT allowed. Please call TIS/TSM in main thread!!!
2019-02-26 14:03:45.549 chromedriver[1291:357105] pid(1291)/euid(501) is calling TIS/TSM in non-main thread environment, ERROR : This is NOT allowed. Please call TIS/TSM in main thread!!!
2019-02-26 14:03:45.598 chromedriver[1291:357105] pid(1291)/euid(501) is calling TIS/TSM in non-main thread environment, ERROR : This is NOT allowed. Please call TIS/TSM in main thread!!!
2019-02-26 14:03:45.598 chromedriver[1291:357105] pid(1291)/euid(501) is calling TIS/TSM in non-main thread environment, ERROR : This is NOT allowed. Please call TIS/TSM in main thread!!!
2019-02-26 14:03:45.598 chromedriver[1291:357105] pid(1291)/euid(501) is calling TIS/TSM in non-main thread environment, ERROR : This is NOT allowed. Please call TIS/TSM in main thread!!!
2019-02-26 14:03:45.598 chromedriver[1291:357105] pid(1291)/euid(501) is calling TIS/TSM in non-main thread environment, ERROR : This is NOT allowed. Please call TIS/TSM in main thread!!!
2019-02-26 14:03:45.598 chromedriver[1291:357105] pid(1291)/euid(501) is calling TIS/TSM in non-main thread environment, ERROR : This is NOT allowed. Please call TIS/TSM in main thread!!!
2019-02-26 14:03:45.598 chromedriver[1291:357105] pid(1291)/euid(501) is calling TIS/TSM in non-main thread environment, ERROR : This is NOT allowed. Please call TIS/TSM in main thread!!!
2019-02-26 14:03:45.598 chromedriver[1291:357105] pid(1291)/euid(501) is calling TIS/TSM in non-main thread environment, ERROR : This is NOT allowed. Please call TIS/TSM in main thread!!!
2019-02-26 14:03:45.598 chromedriver[1291:357105] pid(1291)/euid(501) is calling TIS/TSM in non-main thread environment, ERROR : This is NOT allowed. Please call TIS/TSM in main thread!!!
2019-02-26 14:03:45.598 chromedriver[1291:357105] pid(1291)/euid(501) is calling TIS/TSM in non-main thread environment, ERROR : This is NOT allowed. Please call TIS/TSM in main thread!!!
2019-02-26 14:03:45.598 chromedriver[1291:357105] pid(1291)/euid(501) is calling TIS/TSM in non-main thread environment, ERROR : This is NOT allowed. Please call TIS/TSM in main thread!!!
2019-02-26 14:03:45.598 chromedriver[1291:357105] pid(1291)/euid(501) is calling TIS/TSM in non-main thread environment, ERROR : This is NOT allowed. Please call TIS/TSM in main thread!!!
2019-02-26 14:03:45.598 chromedriver[1291:357105] pid(1291)/euid(501) is calling TIS/TSM in non-main thread environment, ERROR : This is NOT allowed. Please call TIS/TSM in main thread!!!
2019-02-26 14:03:45.598 chromedriver[1291:357105] pid(1291)/euid(501) is calling TIS/TSM in non-main thread environment, ERROR : This is NOT allowed. Please call TIS/TSM in main thread!!!
2019-02-26 14:03:45.598 chromedriver[1291:357105] pid(1291)/euid(501) is calling TIS/TSM in non-main thread environment, ERROR : This is NOT allowed. Please call TIS/TSM in main thread!!!
2019-02-26 14:03:45.598 chromedriver[1291:357105] pid(1291)/euid(501) is calling TIS/TSM in non-main thread environment, ERROR : This is NOT allowed. Please call TIS/TSM in main thread!!!
2019-02-26 14:03:45.598 chromedriver[1291:357105] pid(1291)/euid(501) is calling TIS/TSM in non-main thread environment, ERROR : This is NOT allowed. Please call TIS/TSM in main thread!!!
2019-02-26 14:03:45.598 chromedriver[1291:357105] pid(1291)/euid(501) is calling TIS/TSM in non-main thread environment, ERROR : This is NOT allowed. Please call TIS/TSM in main thread!!!
2019-02-26 14:03:45.598 chromedriver[1291:357105] pid(1291)/euid(501) is calling TIS/TSM in non-main thread environment, ERROR : This is NOT allowed. Please call TIS/TSM in main thread!!!
2019-02-26 14:03:45.599 chromedriver[1291:357105] pid(1291)/euid(501) is calling TIS/TSM in non-main thread environment, ERROR : This is NOT allowed. Please call TIS/TSM in main thread!!!
2019-02-26 14:03:45.599 chromedriver[1291:357105] pid(1291)/euid(501) is calling TIS/TSM in non-main thread environment, ERROR : This is NOT allowed. Please call TIS/TSM in main thread!!!
2019-02-26 14:03:45.599 chromedriver[1291:357105] pid(1291)/euid(501) is calling TIS/TSM in non-main thread environment, ERROR : This is NOT allowed. Please call TIS/TSM in main thread!!!
2019-02-26 14:03:45.599 chromedriver[1291:357105] pid(1291)/euid(501) is calling TIS/TSM in non-main thread environment, ERROR : This is NOT allowed. Please call TIS/TSM in main thread!!!
2019-02-26 14:03:45.599 chromedriver[1291:357105] pid(1291)/euid(501) is calling TIS/TSM in non-main thread environment, ERROR : This is NOT allowed. Please call TIS/TSM in main thread!!!
2019-02-26 14:03:45.599 chromedriver[1291:357105] pid(1291)/euid(501) is calling TIS/TSM in non-main thread environment, ERROR : This is NOT allowed. Please call TIS/TSM in main thread!!!
2019-02-26 14:03:45.599 chromedriver[1291:357105] pid(1291)/euid(501) is calling TIS/TSM in non-main thread environment, ERROR : This is NOT allowed. Please call TIS/TSM in main thread!!!
2019-02-26 14:03:45.599 chromedriver[1291:357105] pid(1291)/euid(501) is calling TIS/TSM in non-main thread environment, ERROR : This is NOT allowed. Please call TIS/TSM in main thread!!!
2019-02-26 14:03:45.599 chromedriver[1291:357105] pid(1291)/euid(501) is calling TIS/TSM in non-main thread environment, ERROR : This is NOT allowed. Please call TIS/TSM in main thread!!!
2019-02-26 14:03:45.599 chromedriver[1291:357105] pid(1291)/euid(501) is calling TIS/TSM in non-main thread environment, ERROR : This is NOT allowed. Please call TIS/TSM in main thread!!!
2019-02-26 14:03:45.599 chromedriver[1291:357105] pid(1291)/euid(501) is calling TIS/TSM in non-main thread environment, ERROR : This is NOT allowed. Please call TIS/TSM in main thread!!!
2019-02-26 14:03:45.599 chromedriver[1291:357105] pid(1291)/euid(501) is calling TIS/TSM in non-main thread environment, ERROR : This is NOT allowed. Please call TIS/TSM in main thread!!!
2019-02-26 14:03:45.599 chromedriver[1291:357105] pid(1291)/euid(501) is calling TIS/TSM in non-main thread environment, ERROR : This is NOT allowed. Please call TIS/TSM in main thread!!!
2019-02-26 14:03:45.599 chromedriver[1291:357105] pid(1291)/euid(501) is calling TIS/TSM in non-main thread environment, ERROR : This is NOT allowed. Please call TIS/TSM in main thread!!!
2019-02-26 14:03:45.599 chromedriver[1291:357105] pid(1291)/euid(501) is calling TIS/TSM in non-main thread environment, ERROR : This is NOT allowed. Please call TIS/TSM in main thread!!!
2019-02-26 14:03:45.599 chromedriver[1291:357105] pid(1291)/euid(501) is calling TIS/TSM in non-main thread environment, ERROR : This is NOT allowed. Please call TIS/TSM in main thread!!!
2019-02-26 14:03:45.599 chromedriver[1291:357105] pid(1291)/euid(501) is calling TIS/TSM in non-main thread environment, ERROR : This is NOT allowed. Please call TIS/TSM in main thread!!!
2019-02-26 14:03:45.599 chromedriver[1291:357105] pid(1291)/euid(501) is calling TIS/TSM in non-main thread environment, ERROR : This is NOT allowed. Please call TIS/TSM in main thread!!!
2019-02-26 14:03:45.599 chromedriver[1291:357105] pid(1291)/euid(501) is calling TIS/TSM in non-main thread environment, ERROR : This is NOT allowed. Please call TIS/TSM in main thread!!!
2019-02-26 14:03:45.599 chromedriver[1291:357105] pid(1291)/euid(501) is calling TIS/TSM in non-main thread environment, ERROR : This is NOT allowed. Please call TIS/TSM in main thread!!!
2019-02-26 14:03:45.599 chromedriver[1291:357105] pid(1291)/euid(501) is calling TIS/TSM in non-main thread environment, ERROR : This is NOT allowed. Please call TIS/TSM in main thread!!!
2019-02-26 14:03:45.599 chromedriver[1291:357105] pid(1291)/euid(501) is calling TIS/TSM in non-main thread environment, ERROR : This is NOT allowed. Please call TIS/TSM in main thread!!!
2019-02-26 14:03:45.599 chromedriver[1291:357105] pid(1291)/euid(501) is calling TIS/TSM in non-main thread environment, ERROR : This is NOT allowed. Please call TIS/TSM in main thread!!!
2019-02-26 14:03:45.599 chromedriver[1291:357105] pid(1291)/euid(501) is calling TIS/TSM in non-main thread environment, ERROR : This is NOT allowed. Please call TIS/TSM in main thread!!!
2019-02-26 14:03:45.599 chromedriver[1291:357105] pid(1291)/euid(501) is calling TIS/TSM in non-main thread environment, ERROR : This is NOT allowed. Please call TIS/TSM in main thread!!!
2019-02-26 14:03:45.649 chromedriver[1291:357105] pid(1291)/euid(501) is calling TIS/TSM in non-main thread environment, ERROR : This is NOT allowed. Please call TIS/TSM in main thread!!!
2019-02-26 14:03:45.649 chromedriver[1291:357105] pid(1291)/euid(501) is calling TIS/TSM in non-main thread environment, ERROR : This is NOT allowed. Please call TIS/TSM in main thread!!!
2019-02-26 14:03:45.649 chromedriver[1291:357105] pid(1291)/euid(501) is calling TIS/TSM in non-main thread environment, ERROR : This is NOT allowed. Please call TIS/TSM in main thread!!!
2019-02-26 14:03:45.649 chromedriver[1291:357105] pid(1291)/euid(501) is calling TIS/TSM in non-main thread environment, ERROR : This is NOT allowed. Please call TIS/TSM in main thread!!!
2019-02-26 14:03:45.649 chromedriver[1291:357105] pid(1291)/euid(501) is calling TIS/TSM in non-main thread environment, ERROR : This is NOT allowed. Please call TIS/TSM in main thread!!!
2019-02-26 14:03:45.649 chromedriver[1291:357105] pid(1291)/euid(501) is calling TIS/TSM in non-main thread environment, ERROR : This is NOT allowed. Please call TIS/TSM in main thread!!!
2019-02-26 14:03:45.649 chromedriver[1291:357105] pid(1291)/euid(501) is calling TIS/TSM in non-main thread environment, ERROR : This is NOT allowed. Please call TIS/TSM in main thread!!!
2019-02-26 14:03:45.649 chromedriver[1291:357105] pid(1291)/euid(501) is calling TIS/TSM in non-main thread environment, ERROR : This is NOT allowed. Please call TIS/TSM in main thread!!!
2019-02-26 14:03:45.649 chromedriver[1291:357105] pid(1291)/euid(501) is calling TIS/TSM in non-main thread environment, ERROR : This is NOT allowed. Please call TIS/TSM in main thread!!!
2019-02-26 14:03:45.649 chromedriver[1291:357105] pid(1291)/euid(501) is calling TIS/TSM in non-main thread environment, ERROR : This is NOT allowed. Please call TIS/TSM in main thread!!!
2019-02-26 14:03:45.650 chromedriver[1291:357105] pid(1291)/euid(501) is calling TIS/TSM in non-main thread environment, ERROR : This is NOT allowed. Please call TIS/TSM in main thread!!!
2019-02-26 14:03:45.650 chromedriver[1291:357105] pid(1291)/euid(501) is calling TIS/TSM in non-main thread environment, ERROR : This is NOT allowed. Please call TIS/TSM in main thread!!!
2019-02-26 14:03:45.650 chromedriver[1291:357105] pid(1291)/euid(501) is calling TIS/TSM in non-main thread environment, ERROR : This is NOT allowed. Please call TIS/TSM in main thread!!!
2019-02-26 14:03:45.650 chromedriver[1291:357105] pid(1291)/euid(501) is calling TIS/TSM in non-main thread environment, ERROR : This is NOT allowed. Please call TIS/TSM in main thread!!!
2019-02-26 14:03:45.650 chromedriver[1291:357105] pid(1291)/euid(501) is calling TIS/TSM in non-main thread environment, ERROR : This is NOT allowed. Please call TIS/TSM in main thread!!!
2019-02-26 14:03:45.650 chromedriver[1291:357105] pid(1291)/euid(501) is calling TIS/TSM in non-main thread environment, ERROR : This is NOT allowed. Please call TIS/TSM in main thread!!!
2019-02-26 14:03:45.650 chromedriver[1291:357105] pid(1291)/euid(501) is calling TIS/TSM in non-main thread environment, ERROR : This is NOT allowed. Please call TIS/TSM in main thread!!!
2019-02-26 14:03:45.650 chromedriver[1291:357105] pid(1291)/euid(501) is calling TIS/TSM in non-main thread environment, ERROR : This is NOT allowed. Please call TIS/TSM in main thread!!!
2019-02-26 14:03:45.650 chromedriver[1291:357105] pid(1291)/euid(501) is calling TIS/TSM in non-main thread environment, ERROR : This is NOT allowed. Please call TIS/TSM in main thread!!!
2019-02-26 14:03:45.650 chromedriver[1291:357105] pid(1291)/euid(501) is calling TIS/TSM in non-main thread environment, ERROR : This is NOT allowed. Please call TIS/TSM in main thread!!!
2019-02-26 14:03:45.650 chromedriver[1291:357105] pid(1291)/euid(501) is calling TIS/TSM in non-main thread environment, ERROR : This is NOT allowed. Please call TIS/TSM in main thread!!!
2019-02-26 14:03:45.650 chromedriver[1291:357105] pid(1291)/euid(501) is calling TIS/TSM in non-main thread environment, ERROR : This is NOT allowed. Please call TIS/TSM in main thread!!!
2019-02-26 14:03:45.650 chromedriver[1291:357105] pid(1291)/euid(501) is calling TIS/TSM in non-main thread environment, ERROR : This is NOT allowed. Please call TIS/TSM in main thread!!!
2019-02-26 14:03:45.650 chromedriver[1291:357105] pid(1291)/euid(501) is calling TIS/TSM in non-main thread environment, ERROR : This is NOT allowed. Please call TIS/TSM in main thread!!!
2019-02-26 14:03:45.650 chromedriver[1291:357105] pid(1291)/euid(501) is calling TIS/TSM in non-main thread environment, ERROR : This is NOT allowed. Please call TIS/TSM in main thread!!!
2019-02-26 14:03:45.650 chromedriver[1291:357105] pid(1291)/euid(501) is calling TIS/TSM in non-main thread environment, ERROR : This is NOT allowed. Please call TIS/TSM in main thread!!!
2019-02-26 14:03:45.650 chromedriver[1291:357105] pid(1291)/euid(501) is calling TIS/TSM in non-main thread environment, ERROR : This is NOT allowed. Please call TIS/TSM in main thread!!!
2019-02-26 14:03:45.650 chromedriver[1291:357105] pid(1291)/euid(501) is calling TIS/TSM in non-main thread environment, ERROR : This is NOT allowed. Please call TIS/TSM in main thread!!!
2019-02-26 14:03:45.650 chromedriver[1291:357105] pid(1291)/euid(501) is calling TIS/TSM in non-main thread environment, ERROR : This is NOT allowed. Please call TIS/TSM in main thread!!!
2019-02-26 14:03:45.650 chromedriver[1291:357105] pid(1291)/euid(501) is calling TIS/TSM in non-main thread environment, ERROR : This is NOT allowed. Please call TIS/TSM in main thread!!!
2019-02-26 14:03:45.650 chromedriver[1291:357105] pid(1291)/euid(501) is calling TIS/TSM in non-main thread environment, ERROR : This is NOT allowed. Please call TIS/TSM in main thread!!!
2019-02-26 14:03:45.650 chromedriver[1291:357105] pid(1291)/euid(501) is calling TIS/TSM in non-main thread environment, ERROR : This is NOT allowed. Please call TIS/TSM in main thread!!!
2019-02-26 14:03:45.650 chromedriver[1291:357105] pid(1291)/euid(501) is calling TIS/TSM in non-main thread environment, ERROR : This is NOT allowed. Please call TIS/TSM in main thread!!!
2019-02-26 14:03:45.650 chromedriver[1291:357105] pid(1291)/euid(501) is calling TIS/TSM in non-main thread environment, ERROR : This is NOT allowed. Please call TIS/TSM in main thread!!!
2019-02-26 14:03:45.650 chromedriver[1291:357105] pid(1291)/euid(501) is calling TIS/TSM in non-main thread environment, ERROR : This is NOT allowed. Please call TIS/TSM in main thread!!!
2019-02-26 14:03:45.650 chromedriver[1291:357105] pid(1291)/euid(501) is calling TIS/TSM in non-main thread environment, ERROR : This is NOT allowed. Please call TIS/TSM in main thread!!!
2019-02-26 14:03:45.650 chromedriver[1291:357105] pid(1291)/euid(501) is calling TIS/TSM in non-main thread environment, ERROR : This is NOT allowed. Please call TIS/TSM in main thread!!!
2019-02-26 14:03:45.650 chromedriver[1291:357105] pid(1291)/euid(501) is calling TIS/TSM in non-main thread environment, ERROR : This is NOT allowed. Please call TIS/TSM in main thread!!!
2019-02-26 14:03:45.650 chromedriver[1291:357105] pid(1291)/euid(501) is calling TIS/TSM in non-main thread environment, ERROR : This is NOT allowed. Please call TIS/TSM in main thread!!!
2019-02-26 14:03:45.650 chromedriver[1291:357105] pid(1291)/euid(501) is calling TIS/TSM in non-main thread environment, ERROR : This is NOT allowed. Please call TIS/TSM in main thread!!!
2019-02-26 14:03:45.650 chromedriver[1291:357105] pid(1291)/euid(501) is calling TIS/TSM in non-main thread environment, ERROR : This is NOT allowed. Please call TIS/TSM in main thread!!!
2019-02-26 14:03:45.651 chromedriver[1291:357105] pid(1291)/euid(501) is calling TIS/TSM in non-main thread environment, ERROR : This is NOT allowed. Please call TIS/TSM in main thread!!!
2019-02-26 14:03:45.651 chromedriver[1291:357105] pid(1291)/euid(501) is calling TIS/TSM in non-main thread environment, ERROR : This is NOT allowed. Please call TIS/TSM in main thread!!!
2019-02-26 14:03:45.651 chromedriver[1291:357105] pid(1291)/euid(501) is calling TIS/TSM in non-main thread environment, ERROR : This is NOT allowed. Please call TIS/TSM in main thread!!!
2019-02-26 14:03:45.700 chromedriver[1291:357105] pid(1291)/euid(501) is calling TIS/TSM in non-main thread environment, ERROR : This is NOT allowed. Please call TIS/TSM in main thread!!!
2019-02-26 14:03:45.700 chromedriver[1291:357105] pid(1291)/euid(501) is calling TIS/TSM in non-main thread environment, ERROR : This is NOT allowed. Please call TIS/TSM in main thread!!!
2019-02-26 14:03:45.700 chromedriver[1291:357105] pid(1291)/euid(501) is calling TIS/TSM in non-main thread environment, ERROR : This is NOT allowed. Please call TIS/TSM in main thread!!!
2019-02-26 14:03:45.700 chromedriver[1291:357105] pid(1291)/euid(501) is calling TIS/TSM in non-main thread environment, ERROR : This is NOT allowed. Please call TIS/TSM in main thread!!!
2019-02-26 14:03:45.700 chromedriver[1291:357105] pid(1291)/euid(501) is calling TIS/TSM in non-main thread environment, ERROR : This is NOT allowed. Please call TIS/TSM in main thread!!!
2019-02-26 14:03:45.700 chromedriver[1291:357105] pid(1291)/euid(501) is calling TIS/TSM in non-main thread environment, ERROR : This is NOT allowed. Please call TIS/TSM in main thread!!!
2019-02-26 14:03:45.700 chromedriver[1291:357105] pid(1291)/euid(501) is calling TIS/TSM in non-main thread environment, ERROR : This is NOT allowed. Please call TIS/TSM in main thread!!!
2019-02-26 14:03:45.700 chromedriver[1291:357105] pid(1291)/euid(501) is calling TIS/TSM in non-main thread environment, ERROR : This is NOT allowed. Please call TIS/TSM in main thread!!!
2019-02-26 14:03:45.700 chromedriver[1291:357105] pid(1291)/euid(501) is calling TIS/TSM in non-main thread environment, ERROR : This is NOT allowed. Please call TIS/TSM in main thread!!!
2019-02-26 14:03:45.700 chromedriver[1291:357105] pid(1291)/euid(501) is calling TIS/TSM in non-main thread environment, ERROR : This is NOT allowed. Please call TIS/TSM in main thread!!!
2019-02-26 14:03:45.700 chromedriver[1291:357105] pid(1291)/euid(501) is calling TIS/TSM in non-main thread environment, ERROR : This is NOT allowed. Please call TIS/TSM in main thread!!!
2019-02-26 14:03:45.700 chromedriver[1291:357105] pid(1291)/euid(501) is calling TIS/TSM in non-main thread environment, ERROR : This is NOT allowed. Please call TIS/TSM in main thread!!!
2019-02-26 14:03:45.700 chromedriver[1291:357105] pid(1291)/euid(501) is calling TIS/TSM in non-main thread environment, ERROR : This is NOT allowed. Please call TIS/TSM in main thread!!!
2019-02-26 14:03:45.700 chromedriver[1291:357105] pid(1291)/euid(501) is calling TIS/TSM in non-main thread environment, ERROR : This is NOT allowed. Please call TIS/TSM in main thread!!!
2019-02-26 14:03:45.700 chromedriver[1291:357105] pid(1291)/euid(501) is calling TIS/TSM in non-main thread environment, ERROR : This is NOT allowed. Please call TIS/TSM in main thread!!!
2019-02-26 14:03:45.700 chromedriver[1291:357105] pid(1291)/euid(501) is calling TIS/TSM in non-main thread environment, ERROR : This is NOT allowed. Please call TIS/TSM in main thread!!!
2019-02-26 14:03:45.700 chromedriver[1291:357105] pid(1291)/euid(501) is calling TIS/TSM in non-main thread environment, ERROR : This is NOT allowed. Please call TIS/TSM in main thread!!!
2019-02-26 14:03:45.700 chromedriver[1291:357105] pid(1291)/euid(501) is calling TIS/TSM in non-main thread environment, ERROR : This is NOT allowed. Please call TIS/TSM in main thread!!!
2019-02-26 14:03:45.700 chromedriver[1291:357105] pid(1291)/euid(501) is calling TIS/TSM in non-main thread environment, ERROR : This is NOT allowed. Please call TIS/TSM in main thread!!!
2019-02-26 14:03:45.700 chromedriver[1291:357105] pid(1291)/euid(501) is calling TIS/TSM in non-main thread environment, ERROR : This is NOT allowed. Please call TIS/TSM in main thread!!!
2019-02-26 14:03:45.700 chromedriver[1291:357105] pid(1291)/euid(501) is calling TIS/TSM in non-main thread environment, ERROR : This is NOT allowed. Please call TIS/TSM in main thread!!!
2019-02-26 14:03:45.700 chromedriver[1291:357105] pid(1291)/euid(501) is calling TIS/TSM in non-main thread environment, ERROR : This is NOT allowed. Please call TIS/TSM in main thread!!!
2019-02-26 14:03:45.700 chromedriver[1291:357105] pid(1291)/euid(501) is calling TIS/TSM in non-main thread environment, ERROR : This is NOT allowed. Please call TIS/TSM in main thread!!!
2019-02-26 14:03:45.700 chromedriver[1291:357105] pid(1291)/euid(501) is calling TIS/TSM in non-main thread environment, ERROR : This is NOT allowed. Please call TIS/TSM in main thread!!!
2019-02-26 14:03:45.700 chromedriver[1291:357105] pid(1291)/euid(501) is calling TIS/TSM in non-main thread environment, ERROR : This is NOT allowed. Please call TIS/TSM in main thread!!!
2019-02-26 14:03:45.700 chromedriver[1291:357105] pid(1291)/euid(501) is calling TIS/TSM in non-main thread environment, ERROR : This is NOT allowed. Please call TIS/TSM in main thread!!!
2019-02-26 14:03:45.700 chromedriver[1291:357105] pid(1291)/euid(501) is calling TIS/TSM in non-main thread environment, ERROR : This is NOT allowed. Please call TIS/TSM in main thread!!!
2019-02-26 14:03:45.700 chromedriver[1291:357105] pid(1291)/euid(501) is calling TIS/TSM in non-main thread environment, ERROR : This is NOT allowed. Please call TIS/TSM in main thread!!!
2019-02-26 14:03:45.700 chromedriver[1291:357105] pid(1291)/euid(501) is calling TIS/TSM in non-main thread environment, ERROR : This is NOT allowed. Please call TIS/TSM in main thread!!!
2019-02-26 14:03:45.700 chromedriver[1291:357105] pid(1291)/euid(501) is calling TIS/TSM in non-main thread environment, ERROR : This is NOT allowed. Please call TIS/TSM in main thread!!!
2019-02-26 14:03:45.700 chromedriver[1291:357105] pid(1291)/euid(501) is calling TIS/TSM in non-main thread environment, ERROR : This is NOT allowed. Please call TIS/TSM in main thread!!!
2019-02-26 14:03:45.701 chromedriver[1291:357105] pid(1291)/euid(501) is calling TIS/TSM in non-main thread environment, ERROR : This is NOT allowed. Please call TIS/TSM in main thread!!!
2019-02-26 14:03:45.701 chromedriver[1291:357105] pid(1291)/euid(501) is calling TIS/TSM in non-main thread environment, ERROR : This is NOT allowed. Please call TIS/TSM in main thread!!!
2019-02-26 14:03:45.701 chromedriver[1291:357105] pid(1291)/euid(501) is calling TIS/TSM in non-main thread environment, ERROR : This is NOT allowed. Please call TIS/TSM in main thread!!!
2019-02-26 14:03:45.701 chromedriver[1291:357105] pid(1291)/euid(501) is calling TIS/TSM in non-main thread environment, ERROR : This is NOT allowed. Please call TIS/TSM in main thread!!!
2019-02-26 14:03:45.701 chromedriver[1291:357105] pid(1291)/euid(501) is calling TIS/TSM in non-main thread environment, ERROR : This is NOT allowed. Please call TIS/TSM in main thread!!!
2019-02-26 14:03:45.701 chromedriver[1291:357105] pid(1291)/euid(501) is calling TIS/TSM in non-main thread environment, ERROR : This is NOT allowed. Please call TIS/TSM in main thread!!!
2019-02-26 14:03:45.701 chromedriver[1291:357105] pid(1291)/euid(501) is calling TIS/TSM in non-main thread environment, ERROR : This is NOT allowed. Please call TIS/TSM in main thread!!!
2019-02-26 14:03:45.701 chromedriver[1291:357105] pid(1291)/euid(501) is calling TIS/TSM in non-main thread environment, ERROR : This is NOT allowed. Please call TIS/TSM in main thread!!!
2019-02-26 14:03:45.701 chromedriver[1291:357105] pid(1291)/euid(501) is calling TIS/TSM in non-main thread environment, ERROR : This is NOT allowed. Please call TIS/TSM in main thread!!!
2019-02-26 14:03:45.701 chromedriver[1291:357105] pid(1291)/euid(501) is calling TIS/TSM in non-main thread environment, ERROR : This is NOT allowed. Please call TIS/TSM in main thread!!!
2019-02-26 14:03:45.701 chromedriver[1291:357105] pid(1291)/euid(501) is calling TIS/TSM in non-main thread environment, ERROR : This is NOT allowed. Please call TIS/TSM in main thread!!!
2019-02-26 14:03:45.701 chromedriver[1291:357105] pid(1291)/euid(501) is calling TIS/TSM in non-main thread environment, ERROR : This is NOT allowed. Please call TIS/TSM in main thread!!!
2019-02-26 14:03:45.701 chromedriver[1291:357105] pid(1291)/euid(501) is calling TIS/TSM in non-main thread environment, ERROR : This is NOT allowed. Please call TIS/TSM in main thread!!!
2019-02-26 14:03:45.757 chromedriver[1291:357105] pid(1291)/euid(501) is calling TIS/TSM in non-main thread environment, ERROR : This is NOT allowed. Please call TIS/TSM in main thread!!!
2019-02-26 14:03:45.757 chromedriver[1291:357105] pid(1291)/euid(501) is calling TIS/TSM in non-main thread environment, ERROR : This is NOT allowed. Please call TIS/TSM in main thread!!!
2019-02-26 14:03:45.757 chromedriver[1291:357105] pid(1291)/euid(501) is calling TIS/TSM in non-main thread environment, ERROR : This is NOT allowed. Please call TIS/TSM in main thread!!!
2019-02-26 14:03:45.757 chromedriver[1291:357105] pid(1291)/euid(501) is calling TIS/TSM in non-main thread environment, ERROR : This is NOT allowed. Please call TIS/TSM in main thread!!!
2019-02-26 14:03:45.757 chromedriver[1291:357105] pid(1291)/euid(501) is calling TIS/TSM in non-main thread environment, ERROR : This is NOT allowed. Please call TIS/TSM in main thread!!!
2019-02-26 14:03:45.757 chromedriver[1291:357105] pid(1291)/euid(501) is calling TIS/TSM in non-main thread environment, ERROR : This is NOT allowed. Please call TIS/TSM in main thread!!!
2019-02-26 14:03:45.757 chromedriver[1291:357105] pid(1291)/euid(501) is calling TIS/TSM in non-main thread environment, ERROR : This is NOT allowed. Please call TIS/TSM in main thread!!!
2019-02-26 14:03:45.757 chromedriver[1291:357105] pid(1291)/euid(501) is calling TIS/TSM in non-main thread environment, ERROR : This is NOT allowed. Please call TIS/TSM in main thread!!!
2019-02-26 14:03:45.757 chromedriver[1291:357105] pid(1291)/euid(501) is calling TIS/TSM in non-main thread environment, ERROR : This is NOT allowed. Please call TIS/TSM in main thread!!!
2019-02-26 14:03:45.757 chromedriver[1291:357105] pid(1291)/euid(501) is calling TIS/TSM in non-main thread environment, ERROR : This is NOT allowed. Please call TIS/TSM in main thread!!!
2019-02-26 14:03:45.757 chromedriver[1291:357105] pid(1291)/euid(501) is calling TIS/TSM in non-main thread environment, ERROR : This is NOT allowed. Please call TIS/TSM in main thread!!!
2019-02-26 14:03:45.757 chromedriver[1291:357105] pid(1291)/euid(501) is calling TIS/TSM in non-main thread environment, ERROR : This is NOT allowed. Please call TIS/TSM in main thread!!!
2019-02-26 14:03:45.757 chromedriver[1291:357105] pid(1291)/euid(501) is calling TIS/TSM in non-main thread environment, ERROR : This is NOT allowed. Please call TIS/TSM in main thread!!!
2019-02-26 14:03:45.757 chromedriver[1291:357105] pid(1291)/euid(501) is calling TIS/TSM in non-main thread environment, ERROR : This is NOT allowed. Please call TIS/TSM in main thread!!!
2019-02-26 14:03:45.757 chromedriver[1291:357105] pid(1291)/euid(501) is calling TIS/TSM in non-main thread environment, ERROR : This is NOT allowed. Please call TIS/TSM in main thread!!!
2019-02-26 14:03:45.757 chromedriver[1291:357105] pid(1291)/euid(501) is calling TIS/TSM in non-main thread environment, ERROR : This is NOT allowed. Please call TIS/TSM in main thread!!!
2019-02-26 14:03:45.757 chromedriver[1291:357105] pid(1291)/euid(501) is calling TIS/TSM in non-main thread environment, ERROR : This is NOT allowed. Please call TIS/TSM in main thread!!!
2019-02-26 14:03:45.757 chromedriver[1291:357105] pid(1291)/euid(501) is calling TIS/TSM in non-main thread environment, ERROR : This is NOT allowed. Please call TIS/TSM in main thread!!!
2019-02-26 14:03:45.757 chromedriver[1291:357105] pid(1291)/euid(501) is calling TIS/TSM in non-main thread environment, ERROR : This is NOT allowed. Please call TIS/TSM in main thread!!!
2019-02-26 14:03:45.757 chromedriver[1291:357105] pid(1291)/euid(501) is calling TIS/TSM in non-main thread environment, ERROR : This is NOT allowed. Please call TIS/TSM in main thread!!!
2019-02-26 14:03:45.757 chromedriver[1291:357105] pid(1291)/euid(501) is calling TIS/TSM in non-main thread environment, ERROR : This is NOT allowed. Please call TIS/TSM in main thread!!!
2019-02-26 14:03:45.757 chromedriver[1291:357105] pid(1291)/euid(501) is calling TIS/TSM in non-main thread environment, ERROR : This is NOT allowed. Please call TIS/TSM in main thread!!!
2019-02-26 14:03:45.757 chromedriver[1291:357105] pid(1291)/euid(501) is calling TIS/TSM in non-main thread environment, ERROR : This is NOT allowed. Please call TIS/TSM in main thread!!!
2019-02-26 14:03:45.757 chromedriver[1291:357105] pid(1291)/euid(501) is calling TIS/TSM in non-main thread environment, ERROR : This is NOT allowed. Please call TIS/TSM in main thread!!!
2019-02-26 14:03:45.757 chromedriver[1291:357105] pid(1291)/euid(501) is calling TIS/TSM in non-main thread environment, ERROR : This is NOT allowed. Please call TIS/TSM in main thread!!!
2019-02-26 14:03:45.757 chromedriver[1291:357105] pid(1291)/euid(501) is calling TIS/TSM in non-main thread environment, ERROR : This is NOT allowed. Please call TIS/TSM in main thread!!!
2019-02-26 14:03:45.757 chromedriver[1291:357105] pid(1291)/euid(501) is calling TIS/TSM in non-main thread environment, ERROR : This is NOT allowed. Please call TIS/TSM in main thread!!!
2019-02-26 14:03:45.757 chromedriver[1291:357105] pid(1291)/euid(501) is calling TIS/TSM in non-main thread environment, ERROR : This is NOT allowed. Please call TIS/TSM in main thread!!!
2019-02-26 14:03:45.757 chromedriver[1291:357105] pid(1291)/euid(501) is calling TIS/TSM in non-main thread environment, ERROR : This is NOT allowed. Please call TIS/TSM in main thread!!!
2019-02-26 14:03:45.757 chromedriver[1291:357105] pid(1291)/euid(501) is calling TIS/TSM in non-main thread environment, ERROR : This is NOT allowed. Please call TIS/TSM in main thread!!!
2019-02-26 14:03:45.758 chromedriver[1291:357105] pid(1291)/euid(501) is calling TIS/TSM in non-main thread environment, ERROR : This is NOT allowed. Please call TIS/TSM in main thread!!!
2019-02-26 14:03:45.758 chromedriver[1291:357105] pid(1291)/euid(501) is calling TIS/TSM in non-main thread environment, ERROR : This is NOT allowed. Please call TIS/TSM in main thread!!!
2019-02-26 14:03:45.758 chromedriver[1291:357105] pid(1291)/euid(501) is calling TIS/TSM in non-main thread environment, ERROR : This is NOT allowed. Please call TIS/TSM in main thread!!!
2019-02-26 14:03:45.758 chromedriver[1291:357105] pid(1291)/euid(501) is calling TIS/TSM in non-main thread environment, ERROR : This is NOT allowed. Please call TIS/TSM in main thread!!!
2019-02-26 14:03:45.758 chromedriver[1291:357105] pid(1291)/euid(501) is calling TIS/TSM in non-main thread environment, ERROR : This is NOT allowed. Please call TIS/TSM in main thread!!!
2019-02-26 14:03:45.758 chromedriver[1291:357105] pid(1291)/euid(501) is calling TIS/TSM in non-main thread environment, ERROR : This is NOT allowed. Please call TIS/TSM in main thread!!!
2019-02-26 14:03:45.758 chromedriver[1291:357105] pid(1291)/euid(501) is calling TIS/TSM in non-main thread environment, ERROR : This is NOT allowed. Please call TIS/TSM in main thread!!!
2019-02-26 14:03:45.758 chromedriver[1291:357105] pid(1291)/euid(501) is calling TIS/TSM in non-main thread environment, ERROR : This is NOT allowed. Please call TIS/TSM in main thread!!!
2019-02-26 14:03:45.758 chromedriver[1291:357105] pid(1291)/euid(501) is calling TIS/TSM in non-main thread environment, ERROR : This is NOT allowed. Please call TIS/TSM in main thread!!!
2019-02-26 14:03:45.758 chromedriver[1291:357105] pid(1291)/euid(501) is calling TIS/TSM in non-main thread environment, ERROR : This is NOT allowed. Please call TIS/TSM in main thread!!!
2019-02-26 14:03:45.758 chromedriver[1291:357105] pid(1291)/euid(501) is calling TIS/TSM in non-main thread environment, ERROR : This is NOT allowed. Please call TIS/TSM in main thread!!!
2019-02-26 14:03:45.758 chromedriver[1291:357105] pid(1291)/euid(501) is calling TIS/TSM in non-main thread environment, ERROR : This is NOT allowed. Please call TIS/TSM in main thread!!!
2019-02-26 14:03:45.758 chromedriver[1291:357105] pid(1291)/euid(501) is calling TIS/TSM in non-main thread environment, ERROR : This is NOT allowed. Please call TIS/TSM in main thread!!!
2019-02-26 14:03:45.805 chromedriver[1291:357105] pid(1291)/euid(501) is calling TIS/TSM in non-main thread environment, ERROR : This is NOT allowed. Please call TIS/TSM in main thread!!!
2019-02-26 14:03:45.806 chromedriver[1291:357105] pid(1291)/euid(501) is calling TIS/TSM in non-main thread environment, ERROR : This is NOT allowed. Please call TIS/TSM in main thread!!!
2019-02-26 14:03:45.806 chromedriver[1291:357105] pid(1291)/euid(501) is calling TIS/TSM in non-main thread environment, ERROR : This is NOT allowed. Please call TIS/TSM in main thread!!!
2019-02-26 14:03:45.806 chromedriver[1291:357105] pid(1291)/euid(501) is calling TIS/TSM in non-main thread environment, ERROR : This is NOT allowed. Please call TIS/TSM in main thread!!!
2019-02-26 14:03:45.806 chromedriver[1291:357105] pid(1291)/euid(501) is calling TIS/TSM in non-main thread environment, ERROR : This is NOT allowed. Please call TIS/TSM in main thread!!!
2019-02-26 14:03:45.806 chromedriver[1291:357105] pid(1291)/euid(501) is calling TIS/TSM in non-main thread environment, ERROR : This is NOT allowed. Please call TIS/TSM in main thread!!!
2019-02-26 14:03:45.806 chromedriver[1291:357105] pid(1291)/euid(501) is calling TIS/TSM in non-main thread environment, ERROR : This is NOT allowed. Please call TIS/TSM in main thread!!!
2019-02-26 14:03:45.806 chromedriver[1291:357105] pid(1291)/euid(501) is calling TIS/TSM in non-main thread environment, ERROR : This is NOT allowed. Please call TIS/TSM in main thread!!!
2019-02-26 14:03:45.806 chromedriver[1291:357105] pid(1291)/euid(501) is calling TIS/TSM in non-main thread environment, ERROR : This is NOT allowed. Please call TIS/TSM in main thread!!!
2019-02-26 14:03:45.806 chromedriver[1291:357105] pid(1291)/euid(501) is calling TIS/TSM in non-main thread environment, ERROR : This is NOT allowed. Please call TIS/TSM in main thread!!!
2019-02-26 14:03:45.806 chromedriver[1291:357105] pid(1291)/euid(501) is calling TIS/TSM in non-main thread environment, ERROR : This is NOT allowed. Please call TIS/TSM in main thread!!!
2019-02-26 14:03:45.806 chromedriver[1291:357105] pid(1291)/euid(501) is calling TIS/TSM in non-main thread environment, ERROR : This is NOT allowed. Please call TIS/TSM in main thread!!!
2019-02-26 14:03:45.806 chromedriver[1291:357105] pid(1291)/euid(501) is calling TIS/TSM in non-main thread environment, ERROR : This is NOT allowed. Please call TIS/TSM in main thread!!!
2019-02-26 14:03:45.806 chromedriver[1291:357105] pid(1291)/euid(501) is calling TIS/TSM in non-main thread environment, ERROR : This is NOT allowed. Please call TIS/TSM in main thread!!!
2019-02-26 14:03:45.806 chromedriver[1291:357105] pid(1291)/euid(501) is calling TIS/TSM in non-main thread environment, ERROR : This is NOT allowed. Please call TIS/TSM in main thread!!!
2019-02-26 14:03:45.806 chromedriver[1291:357105] pid(1291)/euid(501) is calling TIS/TSM in non-main thread environment, ERROR : This is NOT allowed. Please call TIS/TSM in main thread!!!
2019-02-26 14:03:45.806 chromedriver[1291:357105] pid(1291)/euid(501) is calling TIS/TSM in non-main thread environment, ERROR : This is NOT allowed. Please call TIS/TSM in main thread!!!
2019-02-26 14:03:45.806 chromedriver[1291:357105] pid(1291)/euid(501) is calling TIS/TSM in non-main thread environment, ERROR : This is NOT allowed. Please call TIS/TSM in main thread!!!
2019-02-26 14:03:45.806 chromedriver[1291:357105] pid(1291)/euid(501) is calling TIS/TSM in non-main thread environment, ERROR : This is NOT allowed. Please call TIS/TSM in main thread!!!
2019-02-26 14:03:45.806 chromedriver[1291:357105] pid(1291)/euid(501) is calling TIS/TSM in non-main thread environment, ERROR : This is NOT allowed. Please call TIS/TSM in main thread!!!
2019-02-26 14:03:45.806 chromedriver[1291:357105] pid(1291)/euid(501) is calling TIS/TSM in non-main thread environment, ERROR : This is NOT allowed. Please call TIS/TSM in main thread!!!
2019-02-26 14:03:45.806 chromedriver[1291:357105] pid(1291)/euid(501) is calling TIS/TSM in non-main thread environment, ERROR : This is NOT allowed. Please call TIS/TSM in main thread!!!
2019-02-26 14:03:45.806 chromedriver[1291:357105] pid(1291)/euid(501) is calling TIS/TSM in non-main thread environment, ERROR : This is NOT allowed. Please call TIS/TSM in main thread!!!
2019-02-26 14:03:45.806 chromedriver[1291:357105] pid(1291)/euid(501) is calling TIS/TSM in non-main thread environment, ERROR : This is NOT allowed. Please call TIS/TSM in main thread!!!
2019-02-26 14:03:45.806 chromedriver[1291:357105] pid(1291)/euid(501) is calling TIS/TSM in non-main thread environment, ERROR : This is NOT allowed. Please call TIS/TSM in main thread!!!
2019-02-26 14:03:45.806 chromedriver[1291:357105] pid(1291)/euid(501) is calling TIS/TSM in non-main thread environment, ERROR : This is NOT allowed. Please call TIS/TSM in main thread!!!
2019-02-26 14:03:45.806 chromedriver[1291:357105] pid(1291)/euid(501) is calling TIS/TSM in non-main thread environment, ERROR : This is NOT allowed. Please call TIS/TSM in main thread!!!
2019-02-26 14:03:45.806 chromedriver[1291:357105] pid(1291)/euid(501) is calling TIS/TSM in non-main thread environment, ERROR : This is NOT allowed. Please call TIS/TSM in main thread!!!
2019-02-26 14:03:45.806 chromedriver[1291:357105] pid(1291)/euid(501) is calling TIS/TSM in non-main thread environment, ERROR : This is NOT allowed. Please call TIS/TSM in main thread!!!
2019-02-26 14:03:45.806 chromedriver[1291:357105] pid(1291)/euid(501) is calling TIS/TSM in non-main thread environment, ERROR : This is NOT allowed. Please call TIS/TSM in main thread!!!
2019-02-26 14:03:45.806 chromedriver[1291:357105] pid(1291)/euid(501) is calling TIS/TSM in non-main thread environment, ERROR : This is NOT allowed. Please call TIS/TSM in main thread!!!
2019-02-26 14:03:45.806 chromedriver[1291:357105] pid(1291)/euid(501) is calling TIS/TSM in non-main thread environment, ERROR : This is NOT allowed. Please call TIS/TSM in main thread!!!
2019-02-26 14:03:45.806 chromedriver[1291:357105] pid(1291)/euid(501) is calling TIS/TSM in non-main thread environment, ERROR : This is NOT allowed. Please call TIS/TSM in main thread!!!
2019-02-26 14:03:45.806 chromedriver[1291:357105] pid(1291)/euid(501) is calling TIS/TSM in non-main thread environment, ERROR : This is NOT allowed. Please call TIS/TSM in main thread!!!
2019-02-26 14:03:45.806 chromedriver[1291:357105] pid(1291)/euid(501) is calling TIS/TSM in non-main thread environment, ERROR : This is NOT allowed. Please call TIS/TSM in main thread!!!
2019-02-26 14:03:45.806 chromedriver[1291:357105] pid(1291)/euid(501) is calling TIS/TSM in non-main thread environment, ERROR : This is NOT allowed. Please call TIS/TSM in main thread!!!
2019-02-26 14:03:45.806 chromedriver[1291:357105] pid(1291)/euid(501) is calling TIS/TSM in non-main thread environment, ERROR : This is NOT allowed. Please call TIS/TSM in main thread!!!
2019-02-26 14:03:45.806 chromedriver[1291:357105] pid(1291)/euid(501) is calling TIS/TSM in non-main thread environment, ERROR : This is NOT allowed. Please call TIS/TSM in main thread!!!
2019-02-26 14:03:45.806 chromedriver[1291:357105] pid(1291)/euid(501) is calling TIS/TSM in non-main thread environment, ERROR : This is NOT allowed. Please call TIS/TSM in main thread!!!
2019-02-26 14:03:45.806 chromedriver[1291:357105] pid(1291)/euid(501) is calling TIS/TSM in non-main thread environment, ERROR : This is NOT allowed. Please call TIS/TSM in main thread!!!
2019-02-26 14:03:45.806 chromedriver[1291:357105] pid(1291)/euid(501) is calling TIS/TSM in non-main thread environment, ERROR : This is NOT allowed. Please call TIS/TSM in main thread!!!
2019-02-26 14:03:45.806 chromedriver[1291:357105] pid(1291)/euid(501) is calling TIS/TSM in non-main thread environment, ERROR : This is NOT allowed. Please call TIS/TSM in main thread!!!
2019-02-26 14:03:45.806 chromedriver[1291:357105] pid(1291)/euid(501) is calling TIS/TSM in non-main thread environment, ERROR : This is NOT allowed. Please call TIS/TSM in main thread!!!
2019-02-26 14:03:45.806 chromedriver[1291:357105] pid(1291)/euid(501) is calling TIS/TSM in non-main thread environment, ERROR : This is NOT allowed. Please call TIS/TSM in main thread!!!
2019-02-26 14:03:45.855 chromedriver[1291:357105] pid(1291)/euid(501) is calling TIS/TSM in non-main thread environment, ERROR : This is NOT allowed. Please call TIS/TSM in main thread!!!
2019-02-26 14:03:45.855 chromedriver[1291:357105] pid(1291)/euid(501) is calling TIS/TSM in non-main thread environment, ERROR : This is NOT allowed. Please call TIS/TSM in main thread!!!
2019-02-26 14:03:45.855 chromedriver[1291:357105] pid(1291)/euid(501) is calling TIS/TSM in non-main thread environment, ERROR : This is NOT allowed. Please call TIS/TSM in main thread!!!
2019-02-26 14:03:45.856 chromedriver[1291:357105] pid(1291)/euid(501) is calling TIS/TSM in non-main thread environment, ERROR : This is NOT allowed. Please call TIS/TSM in main thread!!!
2019-02-26 14:03:45.856 chromedriver[1291:357105] pid(1291)/euid(501) is calling TIS/TSM in non-main thread environment, ERROR : This is NOT allowed. Please call TIS/TSM in main thread!!!
2019-02-26 14:03:45.856 chromedriver[1291:357105] pid(1291)/euid(501) is calling TIS/TSM in non-main thread environment, ERROR : This is NOT allowed. Please call TIS/TSM in main thread!!!
2019-02-26 14:03:45.856 chromedriver[1291:357105] pid(1291)/euid(501) is calling TIS/TSM in non-main thread environment, ERROR : This is NOT allowed. Please call TIS/TSM in main thread!!!
2019-02-26 14:03:45.856 chromedriver[1291:357105] pid(1291)/euid(501) is calling TIS/TSM in non-main thread environment, ERROR : This is NOT allowed. Please call TIS/TSM in main thread!!!
2019-02-26 14:03:45.856 chromedriver[1291:357105] pid(1291)/euid(501) is calling TIS/TSM in non-main thread environment, ERROR : This is NOT allowed. Please call TIS/TSM in main thread!!!
2019-02-26 14:03:45.856 chromedriver[1291:357105] pid(1291)/euid(501) is calling TIS/TSM in non-main thread environment, ERROR : This is NOT allowed. Please call TIS/TSM in main thread!!!
2019-02-26 14:03:45.856 chromedriver[1291:357105] pid(1291)/euid(501) is calling TIS/TSM in non-main thread environment, ERROR : This is NOT allowed. Please call TIS/TSM in main thread!!!
2019-02-26 14:03:45.856 chromedriver[1291:357105] pid(1291)/euid(501) is calling TIS/TSM in non-main thread environment, ERROR : This is NOT allowed. Please call TIS/TSM in main thread!!!
2019-02-26 14:03:45.856 chromedriver[1291:357105] pid(1291)/euid(501) is calling TIS/TSM in non-main thread environment, ERROR : This is NOT allowed. Please call TIS/TSM in main thread!!!
2019-02-26 14:03:45.856 chromedriver[1291:357105] pid(1291)/euid(501) is calling TIS/TSM in non-main thread environment, ERROR : This is NOT allowed. Please call TIS/TSM in main thread!!!
2019-02-26 14:03:45.856 chromedriver[1291:357105] pid(1291)/euid(501) is calling TIS/TSM in non-main thread environment, ERROR : This is NOT allowed. Please call TIS/TSM in main thread!!!
2019-02-26 14:03:45.856 chromedriver[1291:357105] pid(1291)/euid(501) is calling TIS/TSM in non-main thread environment, ERROR : This is NOT allowed. Please call TIS/TSM in main thread!!!
2019-02-26 14:03:45.856 chromedriver[1291:357105] pid(1291)/euid(501) is calling TIS/TSM in non-main thread environment, ERROR : This is NOT allowed. Please call TIS/TSM in main thread!!!
2019-02-26 14:03:45.856 chromedriver[1291:357105] pid(1291)/euid(501) is calling TIS/TSM in non-main thread environment, ERROR : This is NOT allowed. Please call TIS/TSM in main thread!!!
2019-02-26 14:03:45.856 chromedriver[1291:357105] pid(1291)/euid(501) is calling TIS/TSM in non-main thread environment, ERROR : This is NOT allowed. Please call TIS/TSM in main thread!!!
2019-02-26 14:03:45.856 chromedriver[1291:357105] pid(1291)/euid(501) is calling TIS/TSM in non-main thread environment, ERROR : This is NOT allowed. Please call TIS/TSM in main thread!!!
2019-02-26 14:03:45.856 chromedriver[1291:357105] pid(1291)/euid(501) is calling TIS/TSM in non-main thread environment, ERROR : This is NOT allowed. Please call TIS/TSM in main thread!!!
2019-02-26 14:03:45.856 chromedriver[1291:357105] pid(1291)/euid(501) is calling TIS/TSM in non-main thread environment, ERROR : This is NOT allowed. Please call TIS/TSM in main thread!!!
2019-02-26 14:03:45.856 chromedriver[1291:357105] pid(1291)/euid(501) is calling TIS/TSM in non-main thread environment, ERROR : This is NOT allowed. Please call TIS/TSM in main thread!!!
2019-02-26 14:03:45.856 chromedriver[1291:357105] pid(1291)/euid(501) is calling TIS/TSM in non-main thread environment, ERROR : This is NOT allowed. Please call TIS/TSM in main thread!!!
2019-02-26 14:03:45.856 chromedriver[1291:357105] pid(1291)/euid(501) is calling TIS/TSM in non-main thread environment, ERROR : This is NOT allowed. Please call TIS/TSM in main thread!!!
2019-02-26 14:03:45.856 chromedriver[1291:357105] pid(1291)/euid(501) is calling TIS/TSM in non-main thread environment, ERROR : This is NOT allowed. Please call TIS/TSM in main thread!!!
2019-02-26 14:03:45.856 chromedriver[1291:357105] pid(1291)/euid(501) is calling TIS/TSM in non-main thread environment, ERROR : This is NOT allowed. Please call TIS/TSM in main thread!!!
2019-02-26 14:03:45.856 chromedriver[1291:357105] pid(1291)/euid(501) is calling TIS/TSM in non-main thread environment, ERROR : This is NOT allowed. Please call TIS/TSM in main thread!!!
2019-02-26 14:03:45.856 chromedriver[1291:357105] pid(1291)/euid(501) is calling TIS/TSM in non-main thread environment, ERROR : This is NOT allowed. Please call TIS/TSM in main thread!!!
2019-02-26 14:03:45.856 chromedriver[1291:357105] pid(1291)/euid(501) is calling TIS/TSM in non-main thread environment, ERROR : This is NOT allowed. Please call TIS/TSM in main thread!!!
2019-02-26 14:03:45.856 chromedriver[1291:357105] pid(1291)/euid(501) is calling TIS/TSM in non-main thread environment, ERROR : This is NOT allowed. Please call TIS/TSM in main thread!!!
2019-02-26 14:03:45.856 chromedriver[1291:357105] pid(1291)/euid(501) is calling TIS/TSM in non-main thread environment, ERROR : This is NOT allowed. Please call TIS/TSM in main thread!!!
2019-02-26 14:03:45.856 chromedriver[1291:357105] pid(1291)/euid(501) is calling TIS/TSM in non-main thread environment, ERROR : This is NOT allowed. Please call TIS/TSM in main thread!!!
2019-02-26 14:03:45.856 chromedriver[1291:357105] pid(1291)/euid(501) is calling TIS/TSM in non-main thread environment, ERROR : This is NOT allowed. Please call TIS/TSM in main thread!!!
2019-02-26 14:03:45.856 chromedriver[1291:357105] pid(1291)/euid(501) is calling TIS/TSM in non-main thread environment, ERROR : This is NOT allowed. Please call TIS/TSM in main thread!!!
2019-02-26 14:03:45.856 chromedriver[1291:357105] pid(1291)/euid(501) is calling TIS/TSM in non-main thread environment, ERROR : This is NOT allowed. Please call TIS/TSM in main thread!!!
2019-02-26 14:03:45.856 chromedriver[1291:357105] pid(1291)/euid(501) is calling TIS/TSM in non-main thread environment, ERROR : This is NOT allowed. Please call TIS/TSM in main thread!!!
2019-02-26 14:03:45.856 chromedriver[1291:357105] pid(1291)/euid(501) is calling TIS/TSM in non-main thread environment, ERROR : This is NOT allowed. Please call TIS/TSM in main thread!!!
2019-02-26 14:03:45.856 chromedriver[1291:357105] pid(1291)/euid(501) is calling TIS/TSM in non-main thread environment, ERROR : This is NOT allowed. Please call TIS/TSM in main thread!!!
2019-02-26 14:03:45.856 chromedriver[1291:357105] pid(1291)/euid(501) is calling TIS/TSM in non-main thread environment, ERROR : This is NOT allowed. Please call TIS/TSM in main thread!!!
2019-02-26 14:03:45.857 chromedriver[1291:357105] pid(1291)/euid(501) is calling TIS/TSM in non-main thread environment, ERROR : This is NOT allowed. Please call TIS/TSM in main thread!!!
2019-02-26 14:03:45.857 chromedriver[1291:357105] pid(1291)/euid(501) is calling TIS/TSM in non-main thread environment, ERROR : This is NOT allowed. Please call TIS/TSM in main thread!!!
2019-02-26 14:03:52.042 chromedriver[1291:357105] pid(1291)/euid(501) is calling TIS/TSM in non-main thread environment, ERROR : This is NOT allowed. Please call TIS/TSM in main thread!!!
2019-02-26 14:03:52.042 chromedriver[1291:357105] pid(1291)/euid(501) is calling TIS/TSM in non-main thread environment, ERROR : This is NOT allowed. Please call TIS/TSM in main thread!!!
2019-02-26 14:03:52.042 chromedriver[1291:357105] pid(1291)/euid(501) is calling TIS/TSM in non-main thread environment, ERROR : This is NOT allowed. Please call TIS/TSM in main thread!!!
2019-02-26 14:03:52.042 chromedriver[1291:357105] pid(1291)/euid(501) is calling TIS/TSM in non-main thread environment, ERROR : This is NOT allowed. Please call TIS/TSM in main thread!!!
2019-02-26 14:03:52.042 chromedriver[1291:357105] pid(1291)/euid(501) is calling TIS/TSM in non-main thread environment, ERROR : This is NOT allowed. Please call TIS/TSM in main thread!!!
2019-02-26 14:03:52.042 chromedriver[1291:357105] pid(1291)/euid(501) is calling TIS/TSM in non-main thread environment, ERROR : This is NOT allowed. Please call TIS/TSM in main thread!!!
2019-02-26 14:03:52.042 chromedriver[1291:357105] pid(1291)/euid(501) is calling TIS/TSM in non-main thread environment, ERROR : This is NOT allowed. Please call TIS/TSM in main thread!!!
2019-02-26 14:03:52.042 chromedriver[1291:357105] pid(1291)/euid(501) is calling TIS/TSM in non-main thread environment, ERROR : This is NOT allowed. Please call TIS/TSM in main thread!!!
2019-02-26 14:03:52.042 chromedriver[1291:357105] pid(1291)/euid(501) is calling TIS/TSM in non-main thread environment, ERROR : This is NOT allowed. Please call TIS/TSM in main thread!!!
2019-02-26 14:03:52.042 chromedriver[1291:357105] pid(1291)/euid(501) is calling TIS/TSM in non-main thread environment, ERROR : This is NOT allowed. Please call TIS/TSM in main thread!!!
2019-02-26 14:03:52.042 chromedriver[1291:357105] pid(1291)/euid(501) is calling TIS/TSM in non-main thread environment, ERROR : This is NOT allowed. Please call TIS/TSM in main thread!!!
2019-02-26 14:03:52.042 chromedriver[1291:357105] pid(1291)/euid(501) is calling TIS/TSM in non-main thread environment, ERROR : This is NOT allowed. Please call TIS/TSM in main thread!!!
2019-02-26 14:03:52.043 chromedriver[1291:357105] pid(1291)/euid(501) is calling TIS/TSM in non-main thread environment, ERROR : This is NOT allowed. Please call TIS/TSM in main thread!!!
2019-02-26 14:03:52.043 chromedriver[1291:357105] pid(1291)/euid(501) is calling TIS/TSM in non-main thread environment, ERROR : This is NOT allowed. Please call TIS/TSM in main thread!!!
2019-02-26 14:03:52.043 chromedriver[1291:357105] pid(1291)/euid(501) is calling TIS/TSM in non-main thread environment, ERROR : This is NOT allowed. Please call TIS/TSM in main thread!!!
2019-02-26 14:03:52.043 chromedriver[1291:357105] pid(1291)/euid(501) is calling TIS/TSM in non-main thread environment, ERROR : This is NOT allowed. Please call TIS/TSM in main thread!!!
2019-02-26 14:03:52.043 chromedriver[1291:357105] pid(1291)/euid(501) is calling TIS/TSM in non-main thread environment, ERROR : This is NOT allowed. Please call TIS/TSM in main thread!!!
2019-02-26 14:03:52.043 chromedriver[1291:357105] pid(1291)/euid(501) is calling TIS/TSM in non-main thread environment, ERROR : This is NOT allowed. Please call TIS/TSM in main thread!!!
2019-02-26 14:03:52.043 chromedriver[1291:357105] pid(1291)/euid(501) is calling TIS/TSM in non-main thread environment, ERROR : This is NOT allowed. Please call TIS/TSM in main thread!!!
2019-02-26 14:03:52.043 chromedriver[1291:357105] pid(1291)/euid(501) is calling TIS/TSM in non-main thread environment, ERROR : This is NOT allowed. Please call TIS/TSM in main thread!!!
2019-02-26 14:03:52.043 chromedriver[1291:357105] pid(1291)/euid(501) is calling TIS/TSM in non-main thread environment, ERROR : This is NOT allowed. Please call TIS/TSM in main thread!!!
2019-02-26 14:03:52.043 chromedriver[1291:357105] pid(1291)/euid(501) is calling TIS/TSM in non-main thread environment, ERROR : This is NOT allowed. Please call TIS/TSM in main thread!!!
2019-02-26 14:03:52.043 chromedriver[1291:357105] pid(1291)/euid(501) is calling TIS/TSM in non-main thread environment, ERROR : This is NOT allowed. Please call TIS/TSM in main thread!!!
2019-02-26 14:03:52.043 chromedriver[1291:357105] pid(1291)/euid(501) is calling TIS/TSM in non-main thread environment, ERROR : This is NOT allowed. Please call TIS/TSM in main thread!!!
2019-02-26 14:03:52.043 chromedriver[1291:357105] pid(1291)/euid(501) is calling TIS/TSM in non-main thread environment, ERROR : This is NOT allowed. Please call TIS/TSM in main thread!!!
2019-02-26 14:03:52.043 chromedriver[1291:357105] pid(1291)/euid(501) is calling TIS/TSM in non-main thread environment, ERROR : This is NOT allowed. Please call TIS/TSM in main thread!!!
2019-02-26 14:03:52.043 chromedriver[1291:357105] pid(1291)/euid(501) is calling TIS/TSM in non-main thread environment, ERROR : This is NOT allowed. Please call TIS/TSM in main thread!!!
2019-02-26 14:03:52.043 chromedriver[1291:357105] pid(1291)/euid(501) is calling TIS/TSM in non-main thread environment, ERROR : This is NOT allowed. Please call TIS/TSM in main thread!!!
2019-02-26 14:03:52.043 chromedriver[1291:357105] pid(1291)/euid(501) is calling TIS/TSM in non-main thread environment, ERROR : This is NOT allowed. Please call TIS/TSM in main thread!!!
2019-02-26 14:03:52.043 chromedriver[1291:357105] pid(1291)/euid(501) is calling TIS/TSM in non-main thread environment, ERROR : This is NOT allowed. Please call TIS/TSM in main thread!!!
2019-02-26 14:03:52.043 chromedriver[1291:357105] pid(1291)/euid(501) is calling TIS/TSM in non-main thread environment, ERROR : This is NOT allowed. Please call TIS/TSM in main thread!!!
2019-02-26 14:03:52.044 chromedriver[1291:357105] pid(1291)/euid(501) is calling TIS/TSM in non-main thread environment, ERROR : This is NOT allowed. Please call TIS/TSM in main thread!!!
2019-02-26 14:03:52.044 chromedriver[1291:357105] pid(1291)/euid(501) is calling TIS/TSM in non-main thread environment, ERROR : This is NOT allowed. Please call TIS/TSM in main thread!!!
2019-02-26 14:03:52.044 chromedriver[1291:357105] pid(1291)/euid(501) is calling TIS/TSM in non-main thread environment, ERROR : This is NOT allowed. Please call TIS/TSM in main thread!!!
2019-02-26 14:03:52.044 chromedriver[1291:357105] pid(1291)/euid(501) is calling TIS/TSM in non-main thread environment, ERROR : This is NOT allowed. Please call TIS/TSM in main thread!!!
2019-02-26 14:03:52.044 chromedriver[1291:357105] pid(1291)/euid(501) is calling TIS/TSM in non-main thread environment, ERROR : This is NOT allowed. Please call TIS/TSM in main thread!!!
2019-02-26 14:03:52.044 chromedriver[1291:357105] pid(1291)/euid(501) is calling TIS/TSM in non-main thread environment, ERROR : This is NOT allowed. Please call TIS/TSM in main thread!!!
2019-02-26 14:03:52.044 chromedriver[1291:357105] pid(1291)/euid(501) is calling TIS/TSM in non-main thread environment, ERROR : This is NOT allowed. Please call TIS/TSM in main thread!!!
2019-02-26 14:03:52.044 chromedriver[1291:357105] pid(1291)/euid(501) is calling TIS/TSM in non-main thread environment, ERROR : This is NOT allowed. Please call TIS/TSM in main thread!!!
2019-02-26 14:03:52.044 chromedriver[1291:357105] pid(1291)/euid(501) is calling TIS/TSM in non-main thread environment, ERROR : This is NOT allowed. Please call TIS/TSM in main thread!!!
2019-02-26 14:03:52.044 chromedriver[1291:357105] pid(1291)/euid(501) is calling TIS/TSM in non-main thread environment, ERROR : This is NOT allowed. Please call TIS/TSM in main thread!!!
2019-02-26 14:03:52.044 chromedriver[1291:357105] pid(1291)/euid(501) is calling TIS/TSM in non-main thread environment, ERROR : This is NOT allowed. Please call TIS/TSM in main thread!!!
2019-02-26 14:03:52.044 chromedriver[1291:357105] pid(1291)/euid(501) is calling TIS/TSM in non-main thread environment, ERROR : This is NOT allowed. Please call TIS/TSM in main thread!!!
2019-02-26 14:03:52.044 chromedriver[1291:357105] pid(1291)/euid(501) is calling TIS/TSM in non-main thread environment, ERROR : This is NOT allowed. Please call TIS/TSM in main thread!!!
2019-02-26 14:03:52.044 chromedriver[1291:357105] pid(1291)/euid(501) is calling TIS/TSM in non-main thread environment, ERROR : This is NOT allowed. Please call TIS/TSM in main thread!!!
2019-02-26 14:03:52.045 chromedriver[1291:357105] pid(1291)/euid(501) is calling TIS/TSM in non-main thread environment, ERROR : This is NOT allowed. Please call TIS/TSM in main thread!!!
2019-02-26 14:03:52.045 chromedriver[1291:357105] pid(1291)/euid(501) is calling TIS/TSM in non-main thread environment, ERROR : This is NOT allowed. Please call TIS/TSM in main thread!!!
2019-02-26 14:03:52.045 chromedriver[1291:357105] pid(1291)/euid(501) is calling TIS/TSM in non-main thread environment, ERROR : This is NOT allowed. Please call TIS/TSM in main thread!!!
2019-02-26 14:03:52.045 chromedriver[1291:357105] pid(1291)/euid(501) is calling TIS/TSM in non-main thread environment, ERROR : This is NOT allowed. Please call TIS/TSM in main thread!!!
2019-02-26 14:03:52.045 chromedriver[1291:357105] pid(1291)/euid(501) is calling TIS/TSM in non-main thread environment, ERROR : This is NOT allowed. Please call TIS/TSM in main thread!!!
2019-02-26 14:03:52.045 chromedriver[1291:357105] pid(1291)/euid(501) is calling TIS/TSM in non-main thread environment, ERROR : This is NOT allowed. Please call TIS/TSM in main thread!!!
2019-02-26 14:03:52.045 chromedriver[1291:357105] pid(1291)/euid(501) is calling TIS/TSM in non-main thread environment, ERROR : This is NOT allowed. Please call TIS/TSM in main thread!!!
2019-02-26 14:03:52.045 chromedriver[1291:357105] pid(1291)/euid(501) is calling TIS/TSM in non-main thread environment, ERROR : This is NOT allowed. Please call TIS/TSM in main thread!!!
2019-02-26 14:03:52.045 chromedriver[1291:357105] pid(1291)/euid(501) is calling TIS/TSM in non-main thread environment, ERROR : This is NOT allowed. Please call TIS/TSM in main thread!!!
2019-02-26 14:03:52.045 chromedriver[1291:357105] pid(1291)/euid(501) is calling TIS/TSM in non-main thread environment, ERROR : This is NOT allowed. Please call TIS/TSM in main thread!!!
2019-02-26 14:03:52.045 chromedriver[1291:357105] pid(1291)/euid(501) is calling TIS/TSM in non-main thread environment, ERROR : This is NOT allowed. Please call TIS/TSM in main thread!!!
2019-02-26 14:03:52.045 chromedriver[1291:357105] pid(1291)/euid(501) is calling TIS/TSM in non-main thread environment, ERROR : This is NOT allowed. Please call TIS/TSM in main thread!!!
2019-02-26 14:03:52.045 chromedriver[1291:357105] pid(1291)/euid(501) is calling TIS/TSM in non-main thread environment, ERROR : This is NOT allowed. Please call TIS/TSM in main thread!!!
2019-02-26 14:03:52.045 chromedriver[1291:357105] pid(1291)/euid(501) is calling TIS/TSM in non-main thread environment, ERROR : This is NOT allowed. Please call TIS/TSM in main thread!!!
2019-02-26 14:03:52.045 chromedriver[1291:357105] pid(1291)/euid(501) is calling TIS/TSM in non-main thread environment, ERROR : This is NOT allowed. Please call TIS/TSM in main thread!!!
2019-02-26 14:03:52.045 chromedriver[1291:357105] pid(1291)/euid(501) is calling TIS/TSM in non-main thread environment, ERROR : This is NOT allowed. Please call TIS/TSM in main thread!!!
2019-02-26 14:03:52.046 chromedriver[1291:357105] pid(1291)/euid(501) is calling TIS/TSM in non-main thread environment, ERROR : This is NOT allowed. Please call TIS/TSM in main thread!!!
2019-02-26 14:03:52.046 chromedriver[1291:357105] pid(1291)/euid(501) is calling TIS/TSM in non-main thread environment, ERROR : This is NOT allowed. Please call TIS/TSM in main thread!!!
2019-02-26 14:03:52.046 chromedriver[1291:357105] pid(1291)/euid(501) is calling TIS/TSM in non-main thread environment, ERROR : This is NOT allowed. Please call TIS/TSM in main thread!!!
2019-02-26 14:03:52.046 chromedriver[1291:357105] pid(1291)/euid(501) is calling TIS/TSM in non-main thread environment, ERROR : This is NOT allowed. Please call TIS/TSM in main thread!!!
2019-02-26 14:03:52.046 chromedriver[1291:357105] pid(1291)/euid(501) is calling TIS/TSM in non-main thread environment, ERROR : This is NOT allowed. Please call TIS/TSM in main thread!!!
2019-02-26 14:03:52.046 chromedriver[1291:357105] pid(1291)/euid(501) is calling TIS/TSM in non-main thread environment, ERROR : This is NOT allowed. Please call TIS/TSM in main thread!!!
2019-02-26 14:03:52.046 chromedriver[1291:357105] pid(1291)/euid(501) is calling TIS/TSM in non-main thread environment, ERROR : This is NOT allowed. Please call TIS/TSM in main thread!!!
2019-02-26 14:03:52.046 chromedriver[1291:357105] pid(1291)/euid(501) is calling TIS/TSM in non-main thread environment, ERROR : This is NOT allowed. Please call TIS/TSM in main thread!!!
2019-02-26 14:03:52.046 chromedriver[1291:357105] pid(1291)/euid(501) is calling TIS/TSM in non-main thread environment, ERROR : This is NOT allowed. Please call TIS/TSM in main thread!!!
2019-02-26 14:03:52.046 chromedriver[1291:357105] pid(1291)/euid(501) is calling TIS/TSM in non-main thread environment, ERROR : This is NOT allowed. Please call TIS/TSM in main thread!!!
2019-02-26 14:03:52.046 chromedriver[1291:357105] pid(1291)/euid(501) is calling TIS/TSM in non-main thread environment, ERROR : This is NOT allowed. Please call TIS/TSM in main thread!!!
2019-02-26 14:03:52.046 chromedriver[1291:357105] pid(1291)/euid(501) is calling TIS/TSM in non-main thread environment, ERROR : This is NOT allowed. Please call TIS/TSM in main thread!!!
2019-02-26 14:03:52.046 chromedriver[1291:357105] pid(1291)/euid(501) is calling TIS/TSM in non-main thread environment, ERROR : This is NOT allowed. Please call TIS/TSM in main thread!!!
2019-02-26 14:03:52.046 chromedriver[1291:357105] pid(1291)/euid(501) is calling TIS/TSM in non-main thread environment, ERROR : This is NOT allowed. Please call TIS/TSM in main thread!!!
2019-02-26 14:03:52.046 chromedriver[1291:357105] pid(1291)/euid(501) is calling TIS/TSM in non-main thread environment, ERROR : This is NOT allowed. Please call TIS/TSM in main thread!!!
2019-02-26 14:03:52.046 chromedriver[1291:357105] pid(1291)/euid(501) is calling TIS/TSM in non-main thread environment, ERROR : This is NOT allowed. Please call TIS/TSM in main thread!!!
2019-02-26 14:03:52.046 chromedriver[1291:357105] pid(1291)/euid(501) is calling TIS/TSM in non-main thread environment, ERROR : This is NOT allowed. Please call TIS/TSM in main thread!!!
2019-02-26 14:03:52.046 chromedriver[1291:357105] pid(1291)/euid(501) is calling TIS/TSM in non-main thread environment, ERROR : This is NOT allowed. Please call TIS/TSM in main thread!!!
2019-02-26 14:03:52.046 chromedriver[1291:357105] pid(1291)/euid(501) is calling TIS/TSM in non-main thread environment, ERROR : This is NOT allowed. Please call TIS/TSM in main thread!!!
2019-02-26 14:03:52.046 chromedriver[1291:357105] pid(1291)/euid(501) is calling TIS/TSM in non-main thread environment, ERROR : This is NOT allowed. Please call TIS/TSM in main thread!!!
2019-02-26 14:03:52.046 chromedriver[1291:357105] pid(1291)/euid(501) is calling TIS/TSM in non-main thread environment, ERROR : This is NOT allowed. Please call TIS/TSM in main thread!!!
2019-02-26 14:03:52.046 chromedriver[1291:357105] pid(1291)/euid(501) is calling TIS/TSM in non-main thread environment, ERROR : This is NOT allowed. Please call TIS/TSM in main thread!!!
2019-02-26 14:03:52.046 chromedriver[1291:357105] pid(1291)/euid(501) is calling TIS/TSM in non-main thread environment, ERROR : This is NOT allowed. Please call TIS/TSM in main thread!!!
2019-02-26 14:03:52.046 chromedriver[1291:357105] pid(1291)/euid(501) is calling TIS/TSM in non-main thread environment, ERROR : This is NOT allowed. Please call TIS/TSM in main thread!!!
2019-02-26 14:03:52.046 chromedriver[1291:357105] pid(1291)/euid(501) is calling TIS/TSM in non-main thread environment, ERROR : This is NOT allowed. Please call TIS/TSM in main thread!!!
2019-02-26 14:03:52.046 chromedriver[1291:357105] pid(1291)/euid(501) is calling TIS/TSM in non-main thread environment, ERROR : This is NOT allowed. Please call TIS/TSM in main thread!!!
2019-02-26 14:03:52.046 chromedriver[1291:357105] pid(1291)/euid(501) is calling TIS/TSM in non-main thread environment, ERROR : This is NOT allowed. Please call TIS/TSM in main thread!!!
2019-02-26 14:03:52.046 chromedriver[1291:357105] pid(1291)/euid(501) is calling TIS/TSM in non-main thread environment, ERROR : This is NOT allowed. Please call TIS/TSM in main thread!!!
2019-02-26 14:03:52.046 chromedriver[1291:357105] pid(1291)/euid(501) is calling TIS/TSM in non-main thread environment, ERROR : This is NOT allowed. Please call TIS/TSM in main thread!!!
2019-02-26 14:03:52.046 chromedriver[1291:357105] pid(1291)/euid(501) is calling TIS/TSM in non-main thread environment, ERROR : This is NOT allowed. Please call TIS/TSM in main thread!!!
2019-02-26 14:03:52.046 chromedriver[1291:357105] pid(1291)/euid(501) is calling TIS/TSM in non-main thread environment, ERROR : This is NOT allowed. Please call TIS/TSM in main thread!!!
2019-02-26 14:03:52.046 chromedriver[1291:357105] pid(1291)/euid(501) is calling TIS/TSM in non-main thread environment, ERROR : This is NOT allowed. Please call TIS/TSM in main thread!!!
2019-02-26 14:03:52.046 chromedriver[1291:357105] pid(1291)/euid(501) is calling TIS/TSM in non-main thread environment, ERROR : This is NOT allowed. Please call TIS/TSM in main thread!!!
2019-02-26 14:03:52.046 chromedriver[1291:357105] pid(1291)/euid(501) is calling TIS/TSM in non-main thread environment, ERROR : This is NOT allowed. Please call TIS/TSM in main thread!!!
2019-02-26 14:03:52.046 chromedriver[1291:357105] pid(1291)/euid(501) is calling TIS/TSM in non-main thread environment, ERROR : This is NOT allowed. Please call TIS/TSM in main thread!!!
2019-02-26 14:03:52.047 chromedriver[1291:357105] pid(1291)/euid(501) is calling TIS/TSM in non-main thread environment, ERROR : This is NOT allowed. Please call TIS/TSM in main thread!!!
2019-02-26 14:03:52.047 chromedriver[1291:357105] pid(1291)/euid(501) is calling TIS/TSM in non-main thread environment, ERROR : This is NOT allowed. Please call TIS/TSM in main thread!!!
2019-02-26 14:03:52.047 chromedriver[1291:357105] pid(1291)/euid(501) is calling TIS/TSM in non-main thread environment, ERROR : This is NOT allowed. Please call TIS/TSM in main thread!!!
2019-02-26 14:03:52.047 chromedriver[1291:357105] pid(1291)/euid(501) is calling TIS/TSM in non-main thread environment, ERROR : This is NOT allowed. Please call TIS/TSM in main thread!!!
2019-02-26 14:03:52.047 chromedriver[1291:357105] pid(1291)/euid(501) is calling TIS/TSM in non-main thread environment, ERROR : This is NOT allowed. Please call TIS/TSM in main thread!!!
2019-02-26 14:03:52.047 chromedriver[1291:357105] pid(1291)/euid(501) is calling TIS/TSM in non-main thread environment, ERROR : This is NOT allowed. Please call TIS/TSM in main thread!!!
2019-02-26 14:03:52.047 chromedriver[1291:357105] pid(1291)/euid(501) is calling TIS/TSM in non-main thread environment, ERROR : This is NOT allowed. Please call TIS/TSM in main thread!!!
2019-02-26 14:03:52.047 chromedriver[1291:357105] pid(1291)/euid(501) is calling TIS/TSM in non-main thread environment, ERROR : This is NOT allowed. Please call TIS/TSM in main thread!!!
2019-02-26 14:03:52.047 chromedriver[1291:357105] pid(1291)/euid(501) is calling TIS/TSM in non-main thread environment, ERROR : This is NOT allowed. Please call TIS/TSM in main thread!!!
2019-02-26 14:03:52.047 chromedriver[1291:357105] pid(1291)/euid(501) is calling TIS/TSM in non-main thread environment, ERROR : This is NOT allowed. Please call TIS/TSM in main thread!!!
2019-02-26 14:03:52.047 chromedriver[1291:357105] pid(1291)/euid(501) is calling TIS/TSM in non-main thread environment, ERROR : This is NOT allowed. Please call TIS/TSM in main thread!!!
2019-02-26 14:03:52.047 chromedriver[1291:357105] pid(1291)/euid(501) is calling TIS/TSM in non-main thread environment, ERROR : This is NOT allowed. Please call TIS/TSM in main thread!!!
2019-02-26 14:03:52.047 chromedriver[1291:357105] pid(1291)/euid(501) is calling TIS/TSM in non-main thread environment, ERROR : This is NOT allowed. Please call TIS/TSM in main thread!!!
2019-02-26 14:03:52.047 chromedriver[1291:357105] pid(1291)/euid(501) is calling TIS/TSM in non-main thread environment, ERROR : This is NOT allowed. Please call TIS/TSM in main thread!!!
2019-02-26 14:03:52.047 chromedriver[1291:357105] pid(1291)/euid(501) is calling TIS/TSM in non-main thread environment, ERROR : This is NOT allowed. Please call TIS/TSM in main thread!!!
2019-02-26 14:03:52.047 chromedriver[1291:357105] pid(1291)/euid(501) is calling TIS/TSM in non-main thread environment, ERROR : This is NOT allowed. Please call TIS/TSM in main thread!!!
2019-02-26 14:03:52.047 chromedriver[1291:357105] pid(1291)/euid(501) is calling TIS/TSM in non-main thread environment, ERROR : This is NOT allowed. Please call TIS/TSM in main thread!!!
2019-02-26 14:03:52.047 chromedriver[1291:357105] pid(1291)/euid(501) is calling TIS/TSM in non-main thread environment, ERROR : This is NOT allowed. Please call TIS/TSM in main thread!!!
2019-02-26 14:03:52.047 chromedriver[1291:357105] pid(1291)/euid(501) is calling TIS/TSM in non-main thread environment, ERROR : This is NOT allowed. Please call TIS/TSM in main thread!!!
2019-02-26 14:03:52.047 chromedriver[1291:357105] pid(1291)/euid(501) is calling TIS/TSM in non-main thread environment, ERROR : This is NOT allowed. Please call TIS/TSM in main thread!!!
2019-02-26 14:03:52.047 chromedriver[1291:357105] pid(1291)/euid(501) is calling TIS/TSM in non-main thread environment, ERROR : This is NOT allowed. Please call TIS/TSM in main thread!!!
2019-02-26 14:03:52.047 chromedriver[1291:357105] pid(1291)/euid(501) is calling TIS/TSM in non-main thread environment, ERROR : This is NOT allowed. Please call TIS/TSM in main thread!!!
2019-02-26 14:03:52.047 chromedriver[1291:357105] pid(1291)/euid(501) is calling TIS/TSM in non-main thread environment, ERROR : This is NOT allowed. Please call TIS/TSM in main thread!!!
2019-02-26 14:03:52.047 chromedriver[1291:357105] pid(1291)/euid(501) is calling TIS/TSM in non-main thread environment, ERROR : This is NOT allowed. Please call TIS/TSM in main thread!!!
2019-02-26 14:03:52.047 chromedriver[1291:357105] pid(1291)/euid(501) is calling TIS/TSM in non-main thread environment, ERROR : This is NOT allowed. Please call TIS/TSM in main thread!!!
2019-02-26 14:03:52.047 chromedriver[1291:357105] pid(1291)/euid(501) is calling TIS/TSM in non-main thread environment, ERROR : This is NOT allowed. Please call TIS/TSM in main thread!!!
2019-02-26 14:03:52.047 chromedriver[1291:357105] pid(1291)/euid(501) is calling TIS/TSM in non-main thread environment, ERROR : This is NOT allowed. Please call TIS/TSM in main thread!!!
2019-02-26 14:03:52.047 chromedriver[1291:357105] pid(1291)/euid(501) is calling TIS/TSM in non-main thread environment, ERROR : This is NOT allowed. Please call TIS/TSM in main thread!!!
2019-02-26 14:03:52.047 chromedriver[1291:357105] pid(1291)/euid(501) is calling TIS/TSM in non-main thread environment, ERROR : This is NOT allowed. Please call TIS/TSM in main thread!!!
2019-02-26 14:03:52.047 chromedriver[1291:357105] pid(1291)/euid(501) is calling TIS/TSM in non-main thread environment, ERROR : This is NOT allowed. Please call TIS/TSM in main thread!!!
2019-02-26 14:03:52.047 chromedriver[1291:357105] pid(1291)/euid(501) is calling TIS/TSM in non-main thread environment, ERROR : This is NOT allowed. Please call TIS/TSM in main thread!!!
2019-02-26 14:03:52.047 chromedriver[1291:357105] pid(1291)/euid(501) is calling TIS/TSM in non-main thread environment, ERROR : This is NOT allowed. Please call TIS/TSM in main thread!!!
2019-02-26 14:03:52.047 chromedriver[1291:357105] pid(1291)/euid(501) is calling TIS/TSM in non-main thread environment, ERROR : This is NOT allowed. Please call TIS/TSM in main thread!!!
2019-02-26 14:03:52.047 chromedriver[1291:357105] pid(1291)/euid(501) is calling TIS/TSM in non-main thread environment, ERROR : This is NOT allowed. Please call TIS/TSM in main thread!!!
2019-02-26 14:03:52.048 chromedriver[1291:357105] pid(1291)/euid(501) is calling TIS/TSM in non-main thread environment, ERROR : This is NOT allowed. Please call TIS/TSM in main thread!!!
2019-02-26 14:03:52.048 chromedriver[1291:357105] pid(1291)/euid(501) is calling TIS/TSM in non-main thread environment, ERROR : This is NOT allowed. Please call TIS/TSM in main thread!!!
2019-02-26 14:03:52.048 chromedriver[1291:357105] pid(1291)/euid(501) is calling TIS/TSM in non-main thread environment, ERROR : This is NOT allowed. Please call TIS/TSM in main thread!!!
2019-02-26 14:03:52.048 chromedriver[1291:357105] pid(1291)/euid(501) is calling TIS/TSM in non-main thread environment, ERROR : This is NOT allowed. Please call TIS/TSM in main thread!!!
2019-02-26 14:03:52.048 chromedriver[1291:357105] pid(1291)/euid(501) is calling TIS/TSM in non-main thread environment, ERROR : This is NOT allowed. Please call TIS/TSM in main thread!!!
2019-02-26 14:03:52.048 chromedriver[1291:357105] pid(1291)/euid(501) is calling TIS/TSM in non-main thread environment, ERROR : This is NOT allowed. Please call TIS/TSM in main thread!!!
2019-02-26 14:03:52.048 chromedriver[1291:357105] pid(1291)/euid(501) is calling TIS/TSM in non-main thread environment, ERROR : This is NOT allowed. Please call TIS/TSM in main thread!!!
2019-02-26 14:03:52.048 chromedriver[1291:357105] pid(1291)/euid(501) is calling TIS/TSM in non-main thread environment, ERROR : This is NOT allowed. Please call TIS/TSM in main thread!!!
2019-02-26 14:03:52.048 chromedriver[1291:357105] pid(1291)/euid(501) is calling TIS/TSM in non-main thread environment, ERROR : This is NOT allowed. Please call TIS/TSM in main thread!!!
2019-02-26 14:03:52.048 chromedriver[1291:357105] pid(1291)/euid(501) is calling TIS/TSM in non-main thread environment, ERROR : This is NOT allowed. Please call TIS/TSM in main thread!!!
2019-02-26 14:03:52.048 chromedriver[1291:357105] pid(1291)/euid(501) is calling TIS/TSM in non-main thread environment, ERROR : This is NOT allowed. Please call TIS/TSM in main thread!!!
2019-02-26 14:03:52.048 chromedriver[1291:357105] pid(1291)/euid(501) is calling TIS/TSM in non-main thread environment, ERROR : This is NOT allowed. Please call TIS/TSM in main thread!!!
2019-02-26 14:03:52.048 chromedriver[1291:357105] pid(1291)/euid(501) is calling TIS/TSM in non-main thread environment, ERROR : This is NOT allowed. Please call TIS/TSM in main thread!!!
2019-02-26 14:03:52.048 chromedriver[1291:357105] pid(1291)/euid(501) is calling TIS/TSM in non-main thread environment, ERROR : This is NOT allowed. Please call TIS/TSM in main thread!!!
2019-02-26 14:03:52.048 chromedriver[1291:357105] pid(1291)/euid(501) is calling TIS/TSM in non-main thread environment, ERROR : This is NOT allowed. Please call TIS/TSM in main thread!!!
2019-02-26 14:03:52.048 chromedriver[1291:357105] pid(1291)/euid(501) is calling TIS/TSM in non-main thread environment, ERROR : This is NOT allowed. Please call TIS/TSM in main thread!!!
2019-02-26 14:03:52.048 chromedriver[1291:357105] pid(1291)/euid(501) is calling TIS/TSM in non-main thread environment, ERROR : This is NOT allowed. Please call TIS/TSM in main thread!!!
2019-02-26 14:03:52.048 chromedriver[1291:357105] pid(1291)/euid(501) is calling TIS/TSM in non-main thread environment, ERROR : This is NOT allowed. Please call TIS/TSM in main thread!!!
2019-02-26 14:03:52.048 chromedriver[1291:357105] pid(1291)/euid(501) is calling TIS/TSM in non-main thread environment, ERROR : This is NOT allowed. Please call TIS/TSM in main thread!!!
2019-02-26 14:03:52.048 chromedriver[1291:357105] pid(1291)/euid(501) is calling TIS/TSM in non-main thread environment, ERROR : This is NOT allowed. Please call TIS/TSM in main thread!!!
2019-02-26 14:03:52.048 chromedriver[1291:357105] pid(1291)/euid(501) is calling TIS/TSM in non-main thread environment, ERROR : This is NOT allowed. Please call TIS/TSM in main thread!!!
2019-02-26 14:03:52.048 chromedriver[1291:357105] pid(1291)/euid(501) is calling TIS/TSM in non-main thread environment, ERROR : This is NOT allowed. Please call TIS/TSM in main thread!!!
2019-02-26 14:03:52.048 chromedriver[1291:357105] pid(1291)/euid(501) is calling TIS/TSM in non-main thread environment, ERROR : This is NOT allowed. Please call TIS/TSM in main thread!!!
2019-02-26 14:03:52.048 chromedriver[1291:357105] pid(1291)/euid(501) is calling TIS/TSM in non-main thread environment, ERROR : This is NOT allowed. Please call TIS/TSM in main thread!!!
2019-02-26 14:03:52.048 chromedriver[1291:357105] pid(1291)/euid(501) is calling TIS/TSM in non-main thread environment, ERROR : This is NOT allowed. Please call TIS/TSM in main thread!!!
2019-02-26 14:03:52.048 chromedriver[1291:357105] pid(1291)/euid(501) is calling TIS/TSM in non-main thread environment, ERROR : This is NOT allowed. Please call TIS/TSM in main thread!!!
2019-02-26 14:03:52.048 chromedriver[1291:357105] pid(1291)/euid(501) is calling TIS/TSM in non-main thread environment, ERROR : This is NOT allowed. Please call TIS/TSM in main thread!!!
2019-02-26 14:03:52.048 chromedriver[1291:357105] pid(1291)/euid(501) is calling TIS/TSM in non-main thread environment, ERROR : This is NOT allowed. Please call TIS/TSM in main thread!!!
2019-02-26 14:03:52.049 chromedriver[1291:357105] pid(1291)/euid(501) is calling TIS/TSM in non-main thread environment, ERROR : This is NOT allowed. Please call TIS/TSM in main thread!!!
2019-02-26 14:03:52.049 chromedriver[1291:357105] pid(1291)/euid(501) is calling TIS/TSM in non-main thread environment, ERROR : This is NOT allowed. Please call TIS/TSM in main thread!!!
2019-02-26 14:03:52.049 chromedriver[1291:357105] pid(1291)/euid(501) is calling TIS/TSM in non-main thread environment, ERROR : This is NOT allowed. Please call TIS/TSM in main thread!!!
2019-02-26 14:03:52.049 chromedriver[1291:357105] pid(1291)/euid(501) is calling TIS/TSM in non-main thread environment, ERROR : This is NOT allowed. Please call TIS/TSM in main thread!!!
2019-02-26 14:03:52.049 chromedriver[1291:357105] pid(1291)/euid(501) is calling TIS/TSM in non-main thread environment, ERROR : This is NOT allowed. Please call TIS/TSM in main thread!!!
2019-02-26 14:03:52.049 chromedriver[1291:357105] pid(1291)/euid(501) is calling TIS/TSM in non-main thread environment, ERROR : This is NOT allowed. Please call TIS/TSM in main thread!!!
2019-02-26 14:03:52.049 chromedriver[1291:357105] pid(1291)/euid(501) is calling TIS/TSM in non-main thread environment, ERROR : This is NOT allowed. Please call TIS/TSM in main thread!!!
2019-02-26 14:03:52.049 chromedriver[1291:357105] pid(1291)/euid(501) is calling TIS/TSM in non-main thread environment, ERROR : This is NOT allowed. Please call TIS/TSM in main thread!!!
2019-02-26 14:03:52.049 chromedriver[1291:357105] pid(1291)/euid(501) is calling TIS/TSM in non-main thread environment, ERROR : This is NOT allowed. Please call TIS/TSM in main thread!!!
2019-02-26 14:03:52.049 chromedriver[1291:357105] pid(1291)/euid(501) is calling TIS/TSM in non-main thread environment, ERROR : This is NOT allowed. Please call TIS/TSM in main thread!!!
2019-02-26 14:03:52.049 chromedriver[1291:357105] pid(1291)/euid(501) is calling TIS/TSM in non-main thread environment, ERROR : This is NOT allowed. Please call TIS/TSM in main thread!!!
2019-02-26 14:03:52.049 chromedriver[1291:357105] pid(1291)/euid(501) is calling TIS/TSM in non-main thread environment, ERROR : This is NOT allowed. Please call TIS/TSM in main thread!!!
2019-02-26 14:03:52.049 chromedriver[1291:357105] pid(1291)/euid(501) is calling TIS/TSM in non-main thread environment, ERROR : This is NOT allowed. Please call TIS/TSM in main thread!!!
2019-02-26 14:03:52.049 chromedriver[1291:357105] pid(1291)/euid(501) is calling TIS/TSM in non-main thread environment, ERROR : This is NOT allowed. Please call TIS/TSM in main thread!!!
2019-02-26 14:03:52.049 chromedriver[1291:357105] pid(1291)/euid(501) is calling TIS/TSM in non-main thread environment, ERROR : This is NOT allowed. Please call TIS/TSM in main thread!!!
2019-02-26 14:03:52.049 chromedriver[1291:357105] pid(1291)/euid(501) is calling TIS/TSM in non-main thread environment, ERROR : This is NOT allowed. Please call TIS/TSM in main thread!!!
2019-02-26 14:03:52.049 chromedriver[1291:357105] pid(1291)/euid(501) is calling TIS/TSM in non-main thread environment, ERROR : This is NOT allowed. Please call TIS/TSM in main thread!!!
2019-02-26 14:03:52.049 chromedriver[1291:357105] pid(1291)/euid(501) is calling TIS/TSM in non-main thread environment, ERROR : This is NOT allowed. Please call TIS/TSM in main thread!!!
2019-02-26 14:03:52.049 chromedriver[1291:357105] pid(1291)/euid(501) is calling TIS/TSM in non-main thread environment, ERROR : This is NOT allowed. Please call TIS/TSM in main thread!!!
2019-02-26 14:03:52.049 chromedriver[1291:357105] pid(1291)/euid(501) is calling TIS/TSM in non-main thread environment, ERROR : This is NOT allowed. Please call TIS/TSM in main thread!!!
2019-02-26 14:03:52.049 chromedriver[1291:357105] pid(1291)/euid(501) is calling TIS/TSM in non-main thread environment, ERROR : This is NOT allowed. Please call TIS/TSM in main thread!!!
2019-02-26 14:03:52.049 chromedriver[1291:357105] pid(1291)/euid(501) is calling TIS/TSM in non-main thread environment, ERROR : This is NOT allowed. Please call TIS/TSM in main thread!!!
2019-02-26 14:03:52.050 chromedriver[1291:357105] pid(1291)/euid(501) is calling TIS/TSM in non-main thread environment, ERROR : This is NOT allowed. Please call TIS/TSM in main thread!!!
2019-02-26 14:03:52.050 chromedriver[1291:357105] pid(1291)/euid(501) is calling TIS/TSM in non-main thread environment, ERROR : This is NOT allowed. Please call TIS/TSM in main thread!!!
2019-02-26 14:03:52.050 chromedriver[1291:357105] pid(1291)/euid(501) is calling TIS/TSM in non-main thread environment, ERROR : This is NOT allowed. Please call TIS/TSM in main thread!!!
2019-02-26 14:03:52.050 chromedriver[1291:357105] pid(1291)/euid(501) is calling TIS/TSM in non-main thread environment, ERROR : This is NOT allowed. Please call TIS/TSM in main thread!!!
2019-02-26 14:03:52.050 chromedriver[1291:357105] pid(1291)/euid(501) is calling TIS/TSM in non-main thread environment, ERROR : This is NOT allowed. Please call TIS/TSM in main thread!!!
2019-02-26 14:03:52.050 chromedriver[1291:357105] pid(1291)/euid(501) is calling TIS/TSM in non-main thread environment, ERROR : This is NOT allowed. Please call TIS/TSM in main thread!!!
2019-02-26 14:03:52.050 chromedriver[1291:357105] pid(1291)/euid(501) is calling TIS/TSM in non-main thread environment, ERROR : This is NOT allowed. Please call TIS/TSM in main thread!!!
2019-02-26 14:03:52.050 chromedriver[1291:357105] pid(1291)/euid(501) is calling TIS/TSM in non-main thread environment, ERROR : This is NOT allowed. Please call TIS/TSM in main thread!!!
2019-02-26 14:03:52.050 chromedriver[1291:357105] pid(1291)/euid(501) is calling TIS/TSM in non-main thread environment, ERROR : This is NOT allowed. Please call TIS/TSM in main thread!!!
2019-02-26 14:03:52.050 chromedriver[1291:357105] pid(1291)/euid(501) is calling TIS/TSM in non-main thread environment, ERROR : This is NOT allowed. Please call TIS/TSM in main thread!!!
2019-02-26 14:03:52.050 chromedriver[1291:357105] pid(1291)/euid(501) is calling TIS/TSM in non-main thread environment, ERROR : This is NOT allowed. Please call TIS/TSM in main thread!!!
2019-02-26 14:03:52.050 chromedriver[1291:357105] pid(1291)/euid(501) is calling TIS/TSM in non-main thread environment, ERROR : This is NOT allowed. Please call TIS/TSM in main thread!!!
2019-02-26 14:03:52.050 chromedriver[1291:357105] pid(1291)/euid(501) is calling TIS/TSM in non-main thread environment, ERROR : This is NOT allowed. Please call TIS/TSM in main thread!!!
2019-02-26 14:03:52.050 chromedriver[1291:357105] pid(1291)/euid(501) is calling TIS/TSM in non-main thread environment, ERROR : This is NOT allowed. Please call TIS/TSM in main thread!!!
2019-02-26 14:03:52.050 chromedriver[1291:357105] pid(1291)/euid(501) is calling TIS/TSM in non-main thread environment, ERROR : This is NOT allowed. Please call TIS/TSM in main thread!!!
2019-02-26 14:03:52.050 chromedriver[1291:357105] pid(1291)/euid(501) is calling TIS/TSM in non-main thread environment, ERROR : This is NOT allowed. Please call TIS/TSM in main thread!!!
2019-02-26 14:03:52.050 chromedriver[1291:357105] pid(1291)/euid(501) is calling TIS/TSM in non-main thread environment, ERROR : This is NOT allowed. Please call TIS/TSM in main thread!!!
2019-02-26 14:03:52.050 chromedriver[1291:357105] pid(1291)/euid(501) is calling TIS/TSM in non-main thread environment, ERROR : This is NOT allowed. Please call TIS/TSM in main thread!!!
2019-02-26 14:03:52.050 chromedriver[1291:357105] pid(1291)/euid(501) is calling TIS/TSM in non-main thread environment, ERROR : This is NOT allowed. Please call TIS/TSM in main thread!!!
2019-02-26 14:03:52.050 chromedriver[1291:357105] pid(1291)/euid(501) is calling TIS/TSM in non-main thread environment, ERROR : This is NOT allowed. Please call TIS/TSM in main thread!!!
2019-02-26 14:03:52.050 chromedriver[1291:357105] pid(1291)/euid(501) is calling TIS/TSM in non-main thread environment, ERROR : This is NOT allowed. Please call TIS/TSM in main thread!!!
2019-02-26 14:03:52.050 chromedriver[1291:357105] pid(1291)/euid(501) is calling TIS/TSM in non-main thread environment, ERROR : This is NOT allowed. Please call TIS/TSM in main thread!!!
2019-02-26 14:03:52.050 chromedriver[1291:357105] pid(1291)/euid(501) is calling TIS/TSM in non-main thread environment, ERROR : This is NOT allowed. Please call TIS/TSM in main thread!!!
2019-02-26 14:03:52.051 chromedriver[1291:357105] pid(1291)/euid(501) is calling TIS/TSM in non-main thread environment, ERROR : This is NOT allowed. Please call TIS/TSM in main thread!!!
2019-02-26 14:03:52.051 chromedriver[1291:357105] pid(1291)/euid(501) is calling TIS/TSM in non-main thread environment, ERROR : This is NOT allowed. Please call TIS/TSM in main thread!!!
2019-02-26 14:03:52.051 chromedriver[1291:357105] pid(1291)/euid(501) is calling TIS/TSM in non-main thread environment, ERROR : This is NOT allowed. Please call TIS/TSM in main thread!!!
2019-02-26 14:03:52.051 chromedriver[1291:357105] pid(1291)/euid(501) is calling TIS/TSM in non-main thread environment, ERROR : This is NOT allowed. Please call TIS/TSM in main thread!!!
2019-02-26 14:03:52.051 chromedriver[1291:357105] pid(1291)/euid(501) is calling TIS/TSM in non-main thread environment, ERROR : This is NOT allowed. Please call TIS/TSM in main thread!!!
2019-02-26 14:03:52.051 chromedriver[1291:357105] pid(1291)/euid(501) is calling TIS/TSM in non-main thread environment, ERROR : This is NOT allowed. Please call TIS/TSM in main thread!!!
2019-02-26 14:03:52.051 chromedriver[1291:357105] pid(1291)/euid(501) is calling TIS/TSM in non-main thread environment, ERROR : This is NOT allowed. Please call TIS/TSM in main thread!!!
2019-02-26 14:03:52.051 chromedriver[1291:357105] pid(1291)/euid(501) is calling TIS/TSM in non-main thread environment, ERROR : This is NOT allowed. Please call TIS/TSM in main thread!!!
2019-02-26 14:03:52.051 chromedriver[1291:357105] pid(1291)/euid(501) is calling TIS/TSM in non-main thread environment, ERROR : This is NOT allowed. Please call TIS/TSM in main thread!!!
2019-02-26 14:03:52.051 chromedriver[1291:357105] pid(1291)/euid(501) is calling TIS/TSM in non-main thread environment, ERROR : This is NOT allowed. Please call TIS/TSM in main thread!!!
2019-02-26 14:03:52.051 chromedriver[1291:357105] pid(1291)/euid(501) is calling TIS/TSM in non-main thread environment, ERROR : This is NOT allowed. Please call TIS/TSM in main thread!!!
2019-02-26 14:03:52.051 chromedriver[1291:357105] pid(1291)/euid(501) is calling TIS/TSM in non-main thread environment, ERROR : This is NOT allowed. Please call TIS/TSM in main thread!!!
2019-02-26 14:03:52.051 chromedriver[1291:357105] pid(1291)/euid(501) is calling TIS/TSM in non-main thread environment, ERROR : This is NOT allowed. Please call TIS/TSM in main thread!!!
2019-02-26 14:03:52.051 chromedriver[1291:357105] pid(1291)/euid(501) is calling TIS/TSM in non-main thread environment, ERROR : This is NOT allowed. Please call TIS/TSM in main thread!!!
2019-02-26 14:03:52.051 chromedriver[1291:357105] pid(1291)/euid(501) is calling TIS/TSM in non-main thread environment, ERROR : This is NOT allowed. Please call TIS/TSM in main thread!!!
2019-02-26 14:03:52.051 chromedriver[1291:357105] pid(1291)/euid(501) is calling TIS/TSM in non-main thread environment, ERROR : This is NOT allowed. Please call TIS/TSM in main thread!!!
2019-02-26 14:03:52.051 chromedriver[1291:357105] pid(1291)/euid(501) is calling TIS/TSM in non-main thread environment, ERROR : This is NOT allowed. Please call TIS/TSM in main thread!!!
2019-02-26 14:03:52.051 chromedriver[1291:357105] pid(1291)/euid(501) is calling TIS/TSM in non-main thread environment, ERROR : This is NOT allowed. Please call TIS/TSM in main thread!!!
2019-02-26 14:03:52.051 chromedriver[1291:357105] pid(1291)/euid(501) is calling TIS/TSM in non-main thread environment, ERROR : This is NOT allowed. Please call TIS/TSM in main thread!!!
2019-02-26 14:03:52.051 chromedriver[1291:357105] pid(1291)/euid(501) is calling TIS/TSM in non-main thread environment, ERROR : This is NOT allowed. Please call TIS/TSM in main thread!!!
2019-02-26 14:03:52.051 chromedriver[1291:357105] pid(1291)/euid(501) is calling TIS/TSM in non-main thread environment, ERROR : This is NOT allowed. Please call TIS/TSM in main thread!!!
2019-02-26 14:03:52.051 chromedriver[1291:357105] pid(1291)/euid(501) is calling TIS/TSM in non-main thread environment, ERROR : This is NOT allowed. Please call TIS/TSM in main thread!!!
2019-02-26 14:03:52.051 chromedriver[1291:357105] pid(1291)/euid(501) is calling TIS/TSM in non-main thread environment, ERROR : This is NOT allowed. Please call TIS/TSM in main thread!!!
2019-02-26 14:03:52.051 chromedriver[1291:357105] pid(1291)/euid(501) is calling TIS/TSM in non-main thread environment, ERROR : This is NOT allowed. Please call TIS/TSM in main thread!!!
2019-02-26 14:03:52.051 chromedriver[1291:357105] pid(1291)/euid(501) is calling TIS/TSM in non-main thread environment, ERROR : This is NOT allowed. Please call TIS/TSM in main thread!!!
2019-02-26 14:03:52.052 chromedriver[1291:357105] pid(1291)/euid(501) is calling TIS/TSM in non-main thread environment, ERROR : This is NOT allowed. Please call TIS/TSM in main thread!!!
2019-02-26 14:03:52.052 chromedriver[1291:357105] pid(1291)/euid(501) is calling TIS/TSM in non-main thread environment, ERROR : This is NOT allowed. Please call TIS/TSM in main thread!!!
2019-02-26 14:03:52.052 chromedriver[1291:357105] pid(1291)/euid(501) is calling TIS/TSM in non-main thread environment, ERROR : This is NOT allowed. Please call TIS/TSM in main thread!!!
2019-02-26 14:03:52.052 chromedriver[1291:357105] pid(1291)/euid(501) is calling TIS/TSM in non-main thread environment, ERROR : This is NOT allowed. Please call TIS/TSM in main thread!!!
2019-02-26 14:03:52.052 chromedriver[1291:357105] pid(1291)/euid(501) is calling TIS/TSM in non-main thread environment, ERROR : This is NOT allowed. Please call TIS/TSM in main thread!!!
2019-02-26 14:03:52.052 chromedriver[1291:357105] pid(1291)/euid(501) is calling TIS/TSM in non-main thread environment, ERROR : This is NOT allowed. Please call TIS/TSM in main thread!!!
2019-02-26 14:03:52.052 chromedriver[1291:357105] pid(1291)/euid(501) is calling TIS/TSM in non-main thread environment, ERROR : This is NOT allowed. Please call TIS/TSM in main thread!!!
2019-02-26 14:03:52.052 chromedriver[1291:357105] pid(1291)/euid(501) is calling TIS/TSM in non-main thread environment, ERROR : This is NOT allowed. Please call TIS/TSM in main thread!!!
2019-02-26 14:03:52.052 chromedriver[1291:357105] pid(1291)/euid(501) is calling TIS/TSM in non-main thread environment, ERROR : This is NOT allowed. Please call TIS/TSM in main thread!!!
2019-02-26 14:03:52.052 chromedriver[1291:357105] pid(1291)/euid(501) is calling TIS/TSM in non-main thread environment, ERROR : This is NOT allowed. Please call TIS/TSM in main thread!!!
2019-02-26 14:03:52.052 chromedriver[1291:357105] pid(1291)/euid(501) is calling TIS/TSM in non-main thread environment, ERROR : This is NOT allowed. Please call TIS/TSM in main thread!!!
2019-02-26 14:03:52.052 chromedriver[1291:357105] pid(1291)/euid(501) is calling TIS/TSM in non-main thread environment, ERROR : This is NOT allowed. Please call TIS/TSM in main thread!!!
2019-02-26 14:03:52.052 chromedriver[1291:357105] pid(1291)/euid(501) is calling TIS/TSM in non-main thread environment, ERROR : This is NOT allowed. Please call TIS/TSM in main thread!!!
2019-02-26 14:03:52.052 chromedriver[1291:357105] pid(1291)/euid(501) is calling TIS/TSM in non-main thread environment, ERROR : This is NOT allowed. Please call TIS/TSM in main thread!!!
2019-02-26 14:03:52.052 chromedriver[1291:357105] pid(1291)/euid(501) is calling TIS/TSM in non-main thread environment, ERROR : This is NOT allowed. Please call TIS/TSM in main thread!!!
2019-02-26 14:03:52.052 chromedriver[1291:357105] pid(1291)/euid(501) is calling TIS/TSM in non-main thread environment, ERROR : This is NOT allowed. Please call TIS/TSM in main thread!!!
2019-02-26 14:03:52.052 chromedriver[1291:357105] pid(1291)/euid(501) is calling TIS/TSM in non-main thread environment, ERROR : This is NOT allowed. Please call TIS/TSM in main thread!!!
2019-02-26 14:03:52.052 chromedriver[1291:357105] pid(1291)/euid(501) is calling TIS/TSM in non-main thread environment, ERROR : This is NOT allowed. Please call TIS/TSM in main thread!!!
2019-02-26 14:03:52.052 chromedriver[1291:357105] pid(1291)/euid(501) is calling TIS/TSM in non-main thread environment, ERROR : This is NOT allowed. Please call TIS/TSM in main thread!!!
2019-02-26 14:03:52.052 chromedriver[1291:357105] pid(1291)/euid(501) is calling TIS/TSM in non-main thread environment, ERROR : This is NOT allowed. Please call TIS/TSM in main thread!!!
2019-02-26 14:03:52.052 chromedriver[1291:357105] pid(1291)/euid(501) is calling TIS/TSM in non-main thread environment, ERROR : This is NOT allowed. Please call TIS/TSM in main thread!!!
2019-02-26 14:03:52.052 chromedriver[1291:357105] pid(1291)/euid(501) is calling TIS/TSM in non-main thread environment, ERROR : This is NOT allowed. Please call TIS/TSM in main thread!!!
2019-02-26 14:03:52.052 chromedriver[1291:357105] pid(1291)/euid(501) is calling TIS/TSM in non-main thread environment, ERROR : This is NOT allowed. Please call TIS/TSM in main thread!!!
2019-02-26 14:03:52.052 chromedriver[1291:357105] pid(1291)/euid(501) is calling TIS/TSM in non-main thread environment, ERROR : This is NOT allowed. Please call TIS/TSM in main thread!!!
2019-02-26 14:03:52.052 chromedriver[1291:357105] pid(1291)/euid(501) is calling TIS/TSM in non-main thread environment, ERROR : This is NOT allowed. Please call TIS/TSM in main thread!!!
2019-02-26 14:03:52.052 chromedriver[1291:357105] pid(1291)/euid(501) is calling TIS/TSM in non-main thread environment, ERROR : This is NOT allowed. Please call TIS/TSM in main thread!!!
2019-02-26 14:03:52.052 chromedriver[1291:357105] pid(1291)/euid(501) is calling TIS/TSM in non-main thread environment, ERROR : This is NOT allowed. Please call TIS/TSM in main thread!!!
2019-02-26 14:03:52.052 chromedriver[1291:357105] pid(1291)/euid(501) is calling TIS/TSM in non-main thread environment, ERROR : This is NOT allowed. Please call TIS/TSM in main thread!!!
2019-02-26 14:03:52.052 chromedriver[1291:357105] pid(1291)/euid(501) is calling TIS/TSM in non-main thread environment, ERROR : This is NOT allowed. Please call TIS/TSM in main thread!!!
2019-02-26 14:03:52.052 chromedriver[1291:357105] pid(1291)/euid(501) is calling TIS/TSM in non-main thread environment, ERROR : This is NOT allowed. Please call TIS/TSM in main thread!!!
2019-02-26 14:03:52.052 chromedriver[1291:357105] pid(1291)/euid(501) is calling TIS/TSM in non-main thread environment, ERROR : This is NOT allowed. Please call TIS/TSM in main thread!!!
2019-02-26 14:03:52.053 chromedriver[1291:357105] pid(1291)/euid(501) is calling TIS/TSM in non-main thread environment, ERROR : This is NOT allowed. Please call TIS/TSM in main thread!!!
2019-02-26 14:03:52.053 chromedriver[1291:357105] pid(1291)/euid(501) is calling TIS/TSM in non-main thread environment, ERROR : This is NOT allowed. Please call TIS/TSM in main thread!!!
2019-02-26 14:03:52.053 chromedriver[1291:357105] pid(1291)/euid(501) is calling TIS/TSM in non-main thread environment, ERROR : This is NOT allowed. Please call TIS/TSM in main thread!!!
2019-02-26 14:03:52.053 chromedriver[1291:357105] pid(1291)/euid(501) is calling TIS/TSM in non-main thread environment, ERROR : This is NOT allowed. Please call TIS/TSM in main thread!!!
2019-02-26 14:03:52.053 chromedriver[1291:357105] pid(1291)/euid(501) is calling TIS/TSM in non-main thread environment, ERROR : This is NOT allowed. Please call TIS/TSM in main thread!!!
2019-02-26 14:03:52.053 chromedriver[1291:357105] pid(1291)/euid(501) is calling TIS/TSM in non-main thread environment, ERROR : This is NOT allowed. Please call TIS/TSM in main thread!!!
2019-02-26 14:03:52.053 chromedriver[1291:357105] pid(1291)/euid(501) is calling TIS/TSM in non-main thread environment, ERROR : This is NOT allowed. Please call TIS/TSM in main thread!!!
2019-02-26 14:03:52.053 chromedriver[1291:357105] pid(1291)/euid(501) is calling TIS/TSM in non-main thread environment, ERROR : This is NOT allowed. Please call TIS/TSM in main thread!!!
2019-02-26 14:03:52.053 chromedriver[1291:357105] pid(1291)/euid(501) is calling TIS/TSM in non-main thread environment, ERROR : This is NOT allowed. Please call TIS/TSM in main thread!!!
2019-02-26 14:03:52.053 chromedriver[1291:357105] pid(1291)/euid(501) is calling TIS/TSM in non-main thread environment, ERROR : This is NOT allowed. Please call TIS/TSM in main thread!!!
2019-02-26 14:03:52.053 chromedriver[1291:357105] pid(1291)/euid(501) is calling TIS/TSM in non-main thread environment, ERROR : This is NOT allowed. Please call TIS/TSM in main thread!!!
2019-02-26 14:03:52.053 chromedriver[1291:357105] pid(1291)/euid(501) is calling TIS/TSM in non-main thread environment, ERROR : This is NOT allowed. Please call TIS/TSM in main thread!!!
2019-02-26 14:03:52.053 chromedriver[1291:357105] pid(1291)/euid(501) is calling TIS/TSM in non-main thread environment, ERROR : This is NOT allowed. Please call TIS/TSM in main thread!!!
2019-02-26 14:03:52.053 chromedriver[1291:357105] pid(1291)/euid(501) is calling TIS/TSM in non-main thread environment, ERROR : This is NOT allowed. Please call TIS/TSM in main thread!!!
2019-02-26 14:03:52.053 chromedriver[1291:357105] pid(1291)/euid(501) is calling TIS/TSM in non-main thread environment, ERROR : This is NOT allowed. Please call TIS/TSM in main thread!!!
2019-02-26 14:03:52.053 chromedriver[1291:357105] pid(1291)/euid(501) is calling TIS/TSM in non-main thread environment, ERROR : This is NOT allowed. Please call TIS/TSM in main thread!!!
2019-02-26 14:03:52.053 chromedriver[1291:357105] pid(1291)/euid(501) is calling TIS/TSM in non-main thread environment, ERROR : This is NOT allowed. Please call TIS/TSM in main thread!!!
2019-02-26 14:03:52.053 chromedriver[1291:357105] pid(1291)/euid(501) is calling TIS/TSM in non-main thread environment, ERROR : This is NOT allowed. Please call TIS/TSM in main thread!!!
2019-02-26 14:03:52.053 chromedriver[1291:357105] pid(1291)/euid(501) is calling TIS/TSM in non-main thread environment, ERROR : This is NOT allowed. Please call TIS/TSM in main thread!!!
2019-02-26 14:03:52.053 chromedriver[1291:357105] pid(1291)/euid(501) is calling TIS/TSM in non-main thread environment, ERROR : This is NOT allowed. Please call TIS/TSM in main thread!!!
2019-02-26 14:03:52.053 chromedriver[1291:357105] pid(1291)/euid(501) is calling TIS/TSM in non-main thread environment, ERROR : This is NOT allowed. Please call TIS/TSM in main thread!!!
2019-02-26 14:03:52.053 chromedriver[1291:357105] pid(1291)/euid(501) is calling TIS/TSM in non-main thread environment, ERROR : This is NOT allowed. Please call TIS/TSM in main thread!!!
2019-02-26 14:03:52.053 chromedriver[1291:357105] pid(1291)/euid(501) is calling TIS/TSM in non-main thread environment, ERROR : This is NOT allowed. Please call TIS/TSM in main thread!!!
2019-02-26 14:03:52.053 chromedriver[1291:357105] pid(1291)/euid(501) is calling TIS/TSM in non-main thread environment, ERROR : This is NOT allowed. Please call TIS/TSM in main thread!!!
2019-02-26 14:03:52.053 chromedriver[1291:357105] pid(1291)/euid(501) is calling TIS/TSM in non-main thread environment, ERROR : This is NOT allowed. Please call TIS/TSM in main thread!!!
2019-02-26 14:03:52.053 chromedriver[1291:357105] pid(1291)/euid(501) is calling TIS/TSM in non-main thread environment, ERROR : This is NOT allowed. Please call TIS/TSM in main thread!!!
2019-02-26 14:03:52.053 chromedriver[1291:357105] pid(1291)/euid(501) is calling TIS/TSM in non-main thread environment, ERROR : This is NOT allowed. Please call TIS/TSM in main thread!!!
2019-02-26 14:03:52.053 chromedriver[1291:357105] pid(1291)/euid(501) is calling TIS/TSM in non-main thread environment, ERROR : This is NOT allowed. Please call TIS/TSM in main thread!!!
2019-02-26 14:03:52.053 chromedriver[1291:357105] pid(1291)/euid(501) is calling TIS/TSM in non-main thread environment, ERROR : This is NOT allowed. Please call TIS/TSM in main thread!!!
2019-02-26 14:03:52.053 chromedriver[1291:357105] pid(1291)/euid(501) is calling TIS/TSM in non-main thread environment, ERROR : This is NOT allowed. Please call TIS/TSM in main thread!!!
2019-02-26 14:03:52.053 chromedriver[1291:357105] pid(1291)/euid(501) is calling TIS/TSM in non-main thread environment, ERROR : This is NOT allowed. Please call TIS/TSM in main thread!!!
2019-02-26 14:03:52.053 chromedriver[1291:357105] pid(1291)/euid(501) is calling TIS/TSM in non-main thread environment, ERROR : This is NOT allowed. Please call TIS/TSM in main thread!!!
2019-02-26 14:03:52.053 chromedriver[1291:357105] pid(1291)/euid(501) is calling TIS/TSM in non-main thread environment, ERROR : This is NOT allowed. Please call TIS/TSM in main thread!!!
2019-02-26 14:03:52.053 chromedriver[1291:357105] pid(1291)/euid(501) is calling TIS/TSM in non-main thread environment, ERROR : This is NOT allowed. Please call TIS/TSM in main thread!!!
2019-02-26 14:03:52.053 chromedriver[1291:357105] pid(1291)/euid(501) is calling TIS/TSM in non-main thread environment, ERROR : This is NOT allowed. Please call TIS/TSM in main thread!!!
2019-02-26 14:03:52.053 chromedriver[1291:357105] pid(1291)/euid(501) is calling TIS/TSM in non-main thread environment, ERROR : This is NOT allowed. Please call TIS/TSM in main thread!!!
2019-02-26 14:03:52.054 chromedriver[1291:357105] pid(1291)/euid(501) is calling TIS/TSM in non-main thread environment, ERROR : This is NOT allowed. Please call TIS/TSM in main thread!!!
2019-02-26 14:03:52.054 chromedriver[1291:357105] pid(1291)/euid(501) is calling TIS/TSM in non-main thread environment, ERROR : This is NOT allowed. Please call TIS/TSM in main thread!!!
2019-02-26 14:03:52.054 chromedriver[1291:357105] pid(1291)/euid(501) is calling TIS/TSM in non-main thread environment, ERROR : This is NOT allowed. Please call TIS/TSM in main thread!!!
2019-02-26 14:03:52.054 chromedriver[1291:357105] pid(1291)/euid(501) is calling TIS/TSM in non-main thread environment, ERROR : This is NOT allowed. Please call TIS/TSM in main thread!!!
2019-02-26 14:03:52.054 chromedriver[1291:357105] pid(1291)/euid(501) is calling TIS/TSM in non-main thread environment, ERROR : This is NOT allowed. Please call TIS/TSM in main thread!!!
2019-02-26 14:03:52.054 chromedriver[1291:357105] pid(1291)/euid(501) is calling TIS/TSM in non-main thread environment, ERROR : This is NOT allowed. Please call TIS/TSM in main thread!!!
2019-02-26 14:03:52.054 chromedriver[1291:357105] pid(1291)/euid(501) is calling TIS/TSM in non-main thread environment, ERROR : This is NOT allowed. Please call TIS/TSM in main thread!!!
2019-02-26 14:03:52.054 chromedriver[1291:357105] pid(1291)/euid(501) is calling TIS/TSM in non-main thread environment, ERROR : This is NOT allowed. Please call TIS/TSM in main thread!!!
2019-02-26 14:03:52.054 chromedriver[1291:357105] pid(1291)/euid(501) is calling TIS/TSM in non-main thread environment, ERROR : This is NOT allowed. Please call TIS/TSM in main thread!!!
2019-02-26 14:03:52.054 chromedriver[1291:357105] pid(1291)/euid(501) is calling TIS/TSM in non-main thread environment, ERROR : This is NOT allowed. Please call TIS/TSM in main thread!!!
2019-02-26 14:03:52.054 chromedriver[1291:357105] pid(1291)/euid(501) is calling TIS/TSM in non-main thread environment, ERROR : This is NOT allowed. Please call TIS/TSM in main thread!!!
2019-02-26 14:03:52.054 chromedriver[1291:357105] pid(1291)/euid(501) is calling TIS/TSM in non-main thread environment, ERROR : This is NOT allowed. Please call TIS/TSM in main thread!!!
2019-02-26 14:03:52.054 chromedriver[1291:357105] pid(1291)/euid(501) is calling TIS/TSM in non-main thread environment, ERROR : This is NOT allowed. Please call TIS/TSM in main thread!!!
2019-02-26 14:03:52.054 chromedriver[1291:357105] pid(1291)/euid(501) is calling TIS/TSM in non-main thread environment, ERROR : This is NOT allowed. Please call TIS/TSM in main thread!!!
2019-02-26 14:03:52.054 chromedriver[1291:357105] pid(1291)/euid(501) is calling TIS/TSM in non-main thread environment, ERROR : This is NOT allowed. Please call TIS/TSM in main thread!!!
2019-02-26 14:03:52.054 chromedriver[1291:357105] pid(1291)/euid(501) is calling TIS/TSM in non-main thread environment, ERROR : This is NOT allowed. Please call TIS/TSM in main thread!!!
2019-02-26 14:03:52.054 chromedriver[1291:357105] pid(1291)/euid(501) is calling TIS/TSM in non-main thread environment, ERROR : This is NOT allowed. Please call TIS/TSM in main thread!!!
2019-02-26 14:03:52.054 chromedriver[1291:357105] pid(1291)/euid(501) is calling TIS/TSM in non-main thread environment, ERROR : This is NOT allowed. Please call TIS/TSM in main thread!!!
2019-02-26 14:03:52.054 chromedriver[1291:357105] pid(1291)/euid(501) is calling TIS/TSM in non-main thread environment, ERROR : This is NOT allowed. Please call TIS/TSM in main thread!!!
2019-02-26 14:03:52.054 chromedriver[1291:357105] pid(1291)/euid(501) is calling TIS/TSM in non-main thread environment, ERROR : This is NOT allowed. Please call TIS/TSM in main thread!!!
2019-02-26 14:03:52.054 chromedriver[1291:357105] pid(1291)/euid(501) is calling TIS/TSM in non-main thread environment, ERROR : This is NOT allowed. Please call TIS/TSM in main thread!!!
2019-02-26 14:03:52.054 chromedriver[1291:357105] pid(1291)/euid(501) is calling TIS/TSM in non-main thread environment, ERROR : This is NOT allowed. Please call TIS/TSM in main thread!!!
2019-02-26 14:03:52.054 chromedriver[1291:357105] pid(1291)/euid(501) is calling TIS/TSM in non-main thread environment, ERROR : This is NOT allowed. Please call TIS/TSM in main thread!!!
2019-02-26 14:03:52.055 chromedriver[1291:357105] pid(1291)/euid(501) is calling TIS/TSM in non-main thread environment, ERROR : This is NOT allowed. Please call TIS/TSM in main thread!!!
2019-02-26 14:03:52.055 chromedriver[1291:357105] pid(1291)/euid(501) is calling TIS/TSM in non-main thread environment, ERROR : This is NOT allowed. Please call TIS/TSM in main thread!!!
2019-02-26 14:03:52.055 chromedriver[1291:357105] pid(1291)/euid(501) is calling TIS/TSM in non-main thread environment, ERROR : This is NOT allowed. Please call TIS/TSM in main thread!!!
2019-02-26 14:03:52.055 chromedriver[1291:357105] pid(1291)/euid(501) is calling TIS/TSM in non-main thread environment, ERROR : This is NOT allowed. Please call TIS/TSM in main thread!!!
2019-02-26 14:03:52.055 chromedriver[1291:357105] pid(1291)/euid(501) is calling TIS/TSM in non-main thread environment, ERROR : This is NOT allowed. Please call TIS/TSM in main thread!!!
2019-02-26 14:03:52.055 chromedriver[1291:357105] pid(1291)/euid(501) is calling TIS/TSM in non-main thread environment, ERROR : This is NOT allowed. Please call TIS/TSM in main thread!!!
2019-02-26 14:03:52.055 chromedriver[1291:357105] pid(1291)/euid(501) is calling TIS/TSM in non-main thread environment, ERROR : This is NOT allowed. Please call TIS/TSM in main thread!!!
2019-02-26 14:03:52.055 chromedriver[1291:357105] pid(1291)/euid(501) is calling TIS/TSM in non-main thread environment, ERROR : This is NOT allowed. Please call TIS/TSM in main thread!!!
2019-02-26 14:03:52.055 chromedriver[1291:357105] pid(1291)/euid(501) is calling TIS/TSM in non-main thread environment, ERROR : This is NOT allowed. Please call TIS/TSM in main thread!!!
2019-02-26 14:03:52.055 chromedriver[1291:357105] pid(1291)/euid(501) is calling TIS/TSM in non-main thread environment, ERROR : This is NOT allowed. Please call TIS/TSM in main thread!!!
2019-02-26 14:03:52.055 chromedriver[1291:357105] pid(1291)/euid(501) is calling TIS/TSM in non-main thread environment, ERROR : This is NOT allowed. Please call TIS/TSM in main thread!!!
2019-02-26 14:03:52.055 chromedriver[1291:357105] pid(1291)/euid(501) is calling TIS/TSM in non-main thread environment, ERROR : This is NOT allowed. Please call TIS/TSM in main thread!!!
2019-02-26 14:03:52.055 chromedriver[1291:357105] pid(1291)/euid(501) is calling TIS/TSM in non-main thread environment, ERROR : This is NOT allowed. Please call TIS/TSM in main thread!!!
2019-02-26 14:03:52.055 chromedriver[1291:357105] pid(1291)/euid(501) is calling TIS/TSM in non-main thread environment, ERROR : This is NOT allowed. Please call TIS/TSM in main thread!!!
2019-02-26 14:03:52.055 chromedriver[1291:357105] pid(1291)/euid(501) is calling TIS/TSM in non-main thread environment, ERROR : This is NOT allowed. Please call TIS/TSM in main thread!!!
2019-02-26 14:03:52.055 chromedriver[1291:357105] pid(1291)/euid(501) is calling TIS/TSM in non-main thread environment, ERROR : This is NOT allowed. Please call TIS/TSM in main thread!!!
2019-02-26 14:03:52.055 chromedriver[1291:357105] pid(1291)/euid(501) is calling TIS/TSM in non-main thread environment, ERROR : This is NOT allowed. Please call TIS/TSM in main thread!!!
2019-02-26 14:03:52.055 chromedriver[1291:357105] pid(1291)/euid(501) is calling TIS/TSM in non-main thread environment, ERROR : This is NOT allowed. Please call TIS/TSM in main thread!!!
2019-02-26 14:03:52.055 chromedriver[1291:357105] pid(1291)/euid(501) is calling TIS/TSM in non-main thread environment, ERROR : This is NOT allowed. Please call TIS/TSM in main thread!!!
2019-02-26 14:03:52.055 chromedriver[1291:357105] pid(1291)/euid(501) is calling TIS/TSM in non-main thread environment, ERROR : This is NOT allowed. Please call TIS/TSM in main thread!!!
2019-02-26 14:03:52.055 chromedriver[1291:357105] pid(1291)/euid(501) is calling TIS/TSM in non-main thread environment, ERROR : This is NOT allowed. Please call TIS/TSM in main thread!!!
2019-02-26 14:03:52.055 chromedriver[1291:357105] pid(1291)/euid(501) is calling TIS/TSM in non-main thread environment, ERROR : This is NOT allowed. Please call TIS/TSM in main thread!!!
2019-02-26 14:03:52.055 chromedriver[1291:357105] pid(1291)/euid(501) is calling TIS/TSM in non-main thread environment, ERROR : This is NOT allowed. Please call TIS/TSM in main thread!!!
2019-02-26 14:03:52.055 chromedriver[1291:357105] pid(1291)/euid(501) is calling TIS/TSM in non-main thread environment, ERROR : This is NOT allowed. Please call TIS/TSM in main thread!!!
2019-02-26 14:03:52.055 chromedriver[1291:357105] pid(1291)/euid(501) is calling TIS/TSM in non-main thread environment, ERROR : This is NOT allowed. Please call TIS/TSM in main thread!!!
2019-02-26 14:03:52.055 chromedriver[1291:357105] pid(1291)/euid(501) is calling TIS/TSM in non-main thread environment, ERROR : This is NOT allowed. Please call TIS/TSM in main thread!!!
2019-02-26 14:03:52.055 chromedriver[1291:357105] pid(1291)/euid(501) is calling TIS/TSM in non-main thread environment, ERROR : This is NOT allowed. Please call TIS/TSM in main thread!!!
2019-02-26 14:03:52.055 chromedriver[1291:357105] pid(1291)/euid(501) is calling TIS/TSM in non-main thread environment, ERROR : This is NOT allowed. Please call TIS/TSM in main thread!!!
2019-02-26 14:03:52.055 chromedriver[1291:357105] pid(1291)/euid(501) is calling TIS/TSM in non-main thread environment, ERROR : This is NOT allowed. Please call TIS/TSM in main thread!!!
2019-02-26 14:03:52.055 chromedriver[1291:357105] pid(1291)/euid(501) is calling TIS/TSM in non-main thread environment, ERROR : This is NOT allowed. Please call TIS/TSM in main thread!!!
2019-02-26 14:03:52.055 chromedriver[1291:357105] pid(1291)/euid(501) is calling TIS/TSM in non-main thread environment, ERROR : This is NOT allowed. Please call TIS/TSM in main thread!!!
2019-02-26 14:03:52.056 chromedriver[1291:357105] pid(1291)/euid(501) is calling TIS/TSM in non-main thread environment, ERROR : This is NOT allowed. Please call TIS/TSM in main thread!!!
2019-02-26 14:03:52.056 chromedriver[1291:357105] pid(1291)/euid(501) is calling TIS/TSM in non-main thread environment, ERROR : This is NOT allowed. Please call TIS/TSM in main thread!!!
2019-02-26 14:03:52.056 chromedriver[1291:357105] pid(1291)/euid(501) is calling TIS/TSM in non-main thread environment, ERROR : This is NOT allowed. Please call TIS/TSM in main thread!!!
2019-02-26 14:03:52.056 chromedriver[1291:357105] pid(1291)/euid(501) is calling TIS/TSM in non-main thread environment, ERROR : This is NOT allowed. Please call TIS/TSM in main thread!!!
2019-02-26 14:03:52.056 chromedriver[1291:357105] pid(1291)/euid(501) is calling TIS/TSM in non-main thread environment, ERROR : This is NOT allowed. Please call TIS/TSM in main thread!!!
2019-02-26 14:03:52.056 chromedriver[1291:357105] pid(1291)/euid(501) is calling TIS/TSM in non-main thread environment, ERROR : This is NOT allowed. Please call TIS/TSM in main thread!!!
2019-02-26 14:03:52.056 chromedriver[1291:357105] pid(1291)/euid(501) is calling TIS/TSM in non-main thread environment, ERROR : This is NOT allowed. Please call TIS/TSM in main thread!!!
2019-02-26 14:03:52.056 chromedriver[1291:357105] pid(1291)/euid(501) is calling TIS/TSM in non-main thread environment, ERROR : This is NOT allowed. Please call TIS/TSM in main thread!!!
2019-02-26 14:03:52.056 chromedriver[1291:357105] pid(1291)/euid(501) is calling TIS/TSM in non-main thread environment, ERROR : This is NOT allowed. Please call TIS/TSM in main thread!!!
2019-02-26 14:03:52.056 chromedriver[1291:357105] pid(1291)/euid(501) is calling TIS/TSM in non-main thread environment, ERROR : This is NOT allowed. Please call TIS/TSM in main thread!!!
2019-02-26 14:03:52.056 chromedriver[1291:357105] pid(1291)/euid(501) is calling TIS/TSM in non-main thread environment, ERROR : This is NOT allowed. Please call TIS/TSM in main thread!!!
2019-02-26 14:03:52.056 chromedriver[1291:357105] pid(1291)/euid(501) is calling TIS/TSM in non-main thread environment, ERROR : This is NOT allowed. Please call TIS/TSM in main thread!!!
2019-02-26 14:03:52.056 chromedriver[1291:357105] pid(1291)/euid(501) is calling TIS/TSM in non-main thread environment, ERROR : This is NOT allowed. Please call TIS/TSM in main thread!!!
2019-02-26 14:03:52.056 chromedriver[1291:357105] pid(1291)/euid(501) is calling TIS/TSM in non-main thread environment, ERROR : This is NOT allowed. Please call TIS/TSM in main thread!!!
2019-02-26 14:03:52.056 chromedriver[1291:357105] pid(1291)/euid(501) is calling TIS/TSM in non-main thread environment, ERROR : This is NOT allowed. Please call TIS/TSM in main thread!!!
2019-02-26 14:03:52.056 chromedriver[1291:357105] pid(1291)/euid(501) is calling TIS/TSM in non-main thread environment, ERROR : This is NOT allowed. Please call TIS/TSM in main thread!!!
2019-02-26 14:03:52.056 chromedriver[1291:357105] pid(1291)/euid(501) is calling TIS/TSM in non-main thread environment, ERROR : This is NOT allowed. Please call TIS/TSM in main thread!!!
2019-02-26 14:03:52.056 chromedriver[1291:357105] pid(1291)/euid(501) is calling TIS/TSM in non-main thread environment, ERROR : This is NOT allowed. Please call TIS/TSM in main thread!!!
2019-02-26 14:03:52.056 chromedriver[1291:357105] pid(1291)/euid(501) is calling TIS/TSM in non-main thread environment, ERROR : This is NOT allowed. Please call TIS/TSM in main thread!!!
2019-02-26 14:03:52.056 chromedriver[1291:357105] pid(1291)/euid(501) is calling TIS/TSM in non-main thread environment, ERROR : This is NOT allowed. Please call TIS/TSM in main thread!!!
2019-02-26 14:03:52.056 chromedriver[1291:357105] pid(1291)/euid(501) is calling TIS/TSM in non-main thread environment, ERROR : This is NOT allowed. Please call TIS/TSM in main thread!!!
2019-02-26 14:03:52.056 chromedriver[1291:357105] pid(1291)/euid(501) is calling TIS/TSM in non-main thread environment, ERROR : This is NOT allowed. Please call TIS/TSM in main thread!!!
2019-02-26 14:03:52.056 chromedriver[1291:357105] pid(1291)/euid(501) is calling TIS/TSM in non-main thread environment, ERROR : This is NOT allowed. Please call TIS/TSM in main thread!!!
2019-02-26 14:03:52.056 chromedriver[1291:357105] pid(1291)/euid(501) is calling TIS/TSM in non-main thread environment, ERROR : This is NOT allowed. Please call TIS/TSM in main thread!!!
2019-02-26 14:03:52.056 chromedriver[1291:357105] pid(1291)/euid(501) is calling TIS/TSM in non-main thread environment, ERROR : This is NOT allowed. Please call TIS/TSM in main thread!!!
2019-02-26 14:03:52.056 chromedriver[1291:357105] pid(1291)/euid(501) is calling TIS/TSM in non-main thread environment, ERROR : This is NOT allowed. Please call TIS/TSM in main thread!!!
2019-02-26 14:03:52.056 chromedriver[1291:357105] pid(1291)/euid(501) is calling TIS/TSM in non-main thread environment, ERROR : This is NOT allowed. Please call TIS/TSM in main thread!!!
2019-02-26 14:03:52.056 chromedriver[1291:357105] pid(1291)/euid(501) is calling TIS/TSM in non-main thread environment, ERROR : This is NOT allowed. Please call TIS/TSM in main thread!!!
2019-02-26 14:03:52.056 chromedriver[1291:357105] pid(1291)/euid(501) is calling TIS/TSM in non-main thread environment, ERROR : This is NOT allowed. Please call TIS/TSM in main thread!!!
2019-02-26 14:03:52.056 chromedriver[1291:357105] pid(1291)/euid(501) is calling TIS/TSM in non-main thread environment, ERROR : This is NOT allowed. Please call TIS/TSM in main thread!!!
2019-02-26 14:03:52.056 chromedriver[1291:357105] pid(1291)/euid(501) is calling TIS/TSM in non-main thread environment, ERROR : This is NOT allowed. Please call TIS/TSM in main thread!!!
2019-02-26 14:03:52.056 chromedriver[1291:357105] pid(1291)/euid(501) is calling TIS/TSM in non-main thread environment, ERROR : This is NOT allowed. Please call TIS/TSM in main thread!!!
2019-02-26 14:03:52.057 chromedriver[1291:357105] pid(1291)/euid(501) is calling TIS/TSM in non-main thread environment, ERROR : This is NOT allowed. Please call TIS/TSM in main thread!!!
2019-02-26 14:03:52.057 chromedriver[1291:357105] pid(1291)/euid(501) is calling TIS/TSM in non-main thread environment, ERROR : This is NOT allowed. Please call TIS/TSM in main thread!!!
2019-02-26 14:03:52.057 chromedriver[1291:357105] pid(1291)/euid(501) is calling TIS/TSM in non-main thread environment, ERROR : This is NOT allowed. Please call TIS/TSM in main thread!!!
2019-02-26 14:03:52.057 chromedriver[1291:357105] pid(1291)/euid(501) is calling TIS/TSM in non-main thread environment, ERROR : This is NOT allowed. Please call TIS/TSM in main thread!!!
2019-02-26 14:03:52.057 chromedriver[1291:357105] pid(1291)/euid(501) is calling TIS/TSM in non-main thread environment, ERROR : This is NOT allowed. Please call TIS/TSM in main thread!!!
2019-02-26 14:03:52.057 chromedriver[1291:357105] pid(1291)/euid(501) is calling TIS/TSM in non-main thread environment, ERROR : This is NOT allowed. Please call TIS/TSM in main thread!!!
2019-02-26 14:03:52.057 chromedriver[1291:357105] pid(1291)/euid(501) is calling TIS/TSM in non-main thread environment, ERROR : This is NOT allowed. Please call TIS/TSM in main thread!!!
2019-02-26 14:03:52.057 chromedriver[1291:357105] pid(1291)/euid(501) is calling TIS/TSM in non-main thread environment, ERROR : This is NOT allowed. Please call TIS/TSM in main thread!!!
2019-02-26 14:03:52.057 chromedriver[1291:357105] pid(1291)/euid(501) is calling TIS/TSM in non-main thread environment, ERROR : This is NOT allowed. Please call TIS/TSM in main thread!!!
2019-02-26 14:03:52.057 chromedriver[1291:357105] pid(1291)/euid(501) is calling TIS/TSM in non-main thread environment, ERROR : This is NOT allowed. Please call TIS/TSM in main thread!!!
2019-02-26 14:03:52.057 chromedriver[1291:357105] pid(1291)/euid(501) is calling TIS/TSM in non-main thread environment, ERROR : This is NOT allowed. Please call TIS/TSM in main thread!!!
2019-02-26 14:03:52.057 chromedriver[1291:357105] pid(1291)/euid(501) is calling TIS/TSM in non-main thread environment, ERROR : This is NOT allowed. Please call TIS/TSM in main thread!!!
2019-02-26 14:03:52.057 chromedriver[1291:357105] pid(1291)/euid(501) is calling TIS/TSM in non-main thread environment, ERROR : This is NOT allowed. Please call TIS/TSM in main thread!!!
2019-02-26 14:03:52.099 chromedriver[1291:357105] pid(1291)/euid(501) is calling TIS/TSM in non-main thread environment, ERROR : This is NOT allowed. Please call TIS/TSM in main thread!!!
2019-02-26 14:03:52.099 chromedriver[1291:357105] pid(1291)/euid(501) is calling TIS/TSM in non-main thread environment, ERROR : This is NOT allowed. Please call TIS/TSM in main thread!!!
2019-02-26 14:03:52.099 chromedriver[1291:357105] pid(1291)/euid(501) is calling TIS/TSM in non-main thread environment, ERROR : This is NOT allowed. Please call TIS/TSM in main thread!!!
2019-02-26 14:03:52.099 chromedriver[1291:357105] pid(1291)/euid(501) is calling TIS/TSM in non-main thread environment, ERROR : This is NOT allowed. Please call TIS/TSM in main thread!!!
2019-02-26 14:03:52.099 chromedriver[1291:357105] pid(1291)/euid(501) is calling TIS/TSM in non-main thread environment, ERROR : This is NOT allowed. Please call TIS/TSM in main thread!!!
2019-02-26 14:03:52.099 chromedriver[1291:357105] pid(1291)/euid(501) is calling TIS/TSM in non-main thread environment, ERROR : This is NOT allowed. Please call TIS/TSM in main thread!!!
2019-02-26 14:03:52.099 chromedriver[1291:357105] pid(1291)/euid(501) is calling TIS/TSM in non-main thread environment, ERROR : This is NOT allowed. Please call TIS/TSM in main thread!!!
2019-02-26 14:03:52.099 chromedriver[1291:357105] pid(1291)/euid(501) is calling TIS/TSM in non-main thread environment, ERROR : This is NOT allowed. Please call TIS/TSM in main thread!!!
2019-02-26 14:03:52.099 chromedriver[1291:357105] pid(1291)/euid(501) is calling TIS/TSM in non-main thread environment, ERROR : This is NOT allowed. Please call TIS/TSM in main thread!!!
2019-02-26 14:03:52.099 chromedriver[1291:357105] pid(1291)/euid(501) is calling TIS/TSM in non-main thread environment, ERROR : This is NOT allowed. Please call TIS/TSM in main thread!!!
2019-02-26 14:03:52.099 chromedriver[1291:357105] pid(1291)/euid(501) is calling TIS/TSM in non-main thread environment, ERROR : This is NOT allowed. Please call TIS/TSM in main thread!!!
2019-02-26 14:03:52.099 chromedriver[1291:357105] pid(1291)/euid(501) is calling TIS/TSM in non-main thread environment, ERROR : This is NOT allowed. Please call TIS/TSM in main thread!!!
2019-02-26 14:03:52.099 chromedriver[1291:357105] pid(1291)/euid(501) is calling TIS/TSM in non-main thread environment, ERROR : This is NOT allowed. Please call TIS/TSM in main thread!!!
2019-02-26 14:03:52.099 chromedriver[1291:357105] pid(1291)/euid(501) is calling TIS/TSM in non-main thread environment, ERROR : This is NOT allowed. Please call TIS/TSM in main thread!!!
2019-02-26 14:03:52.099 chromedriver[1291:357105] pid(1291)/euid(501) is calling TIS/TSM in non-main thread environment, ERROR : This is NOT allowed. Please call TIS/TSM in main thread!!!
2019-02-26 14:03:52.100 chromedriver[1291:357105] pid(1291)/euid(501) is calling TIS/TSM in non-main thread environment, ERROR : This is NOT allowed. Please call TIS/TSM in main thread!!!
2019-02-26 14:03:52.100 chromedriver[1291:357105] pid(1291)/euid(501) is calling TIS/TSM in non-main thread environment, ERROR : This is NOT allowed. Please call TIS/TSM in main thread!!!
2019-02-26 14:03:52.100 chromedriver[1291:357105] pid(1291)/euid(501) is calling TIS/TSM in non-main thread environment, ERROR : This is NOT allowed. Please call TIS/TSM in main thread!!!
2019-02-26 14:03:52.100 chromedriver[1291:357105] pid(1291)/euid(501) is calling TIS/TSM in non-main thread environment, ERROR : This is NOT allowed. Please call TIS/TSM in main thread!!!
2019-02-26 14:03:52.100 chromedriver[1291:357105] pid(1291)/euid(501) is calling TIS/TSM in non-main thread environment, ERROR : This is NOT allowed. Please call TIS/TSM in main thread!!!
2019-02-26 14:03:52.100 chromedriver[1291:357105] pid(1291)/euid(501) is calling TIS/TSM in non-main thread environment, ERROR : This is NOT allowed. Please call TIS/TSM in main thread!!!
2019-02-26 14:03:52.100 chromedriver[1291:357105] pid(1291)/euid(501) is calling TIS/TSM in non-main thread environment, ERROR : This is NOT allowed. Please call TIS/TSM in main thread!!!
2019-02-26 14:03:52.100 chromedriver[1291:357105] pid(1291)/euid(501) is calling TIS/TSM in non-main thread environment, ERROR : This is NOT allowed. Please call TIS/TSM in main thread!!!
2019-02-26 14:03:52.100 chromedriver[1291:357105] pid(1291)/euid(501) is calling TIS/TSM in non-main thread environment, ERROR : This is NOT allowed. Please call TIS/TSM in main thread!!!
2019-02-26 14:03:52.100 chromedriver[1291:357105] pid(1291)/euid(501) is calling TIS/TSM in non-main thread environment, ERROR : This is NOT allowed. Please call TIS/TSM in main thread!!!
2019-02-26 14:03:52.100 chromedriver[1291:357105] pid(1291)/euid(501) is calling TIS/TSM in non-main thread environment, ERROR : This is NOT allowed. Please call TIS/TSM in main thread!!!
2019-02-26 14:03:52.100 chromedriver[1291:357105] pid(1291)/euid(501) is calling TIS/TSM in non-main thread environment, ERROR : This is NOT allowed. Please call TIS/TSM in main thread!!!
2019-02-26 14:03:52.100 chromedriver[1291:357105] pid(1291)/euid(501) is calling TIS/TSM in non-main thread environment, ERROR : This is NOT allowed. Please call TIS/TSM in main thread!!!
2019-02-26 14:03:52.100 chromedriver[1291:357105] pid(1291)/euid(501) is calling TIS/TSM in non-main thread environment, ERROR : This is NOT allowed. Please call TIS/TSM in main thread!!!
2019-02-26 14:03:52.100 chromedriver[1291:357105] pid(1291)/euid(501) is calling TIS/TSM in non-main thread environment, ERROR : This is NOT allowed. Please call TIS/TSM in main thread!!!
2019-02-26 14:03:52.100 chromedriver[1291:357105] pid(1291)/euid(501) is calling TIS/TSM in non-main thread environment, ERROR : This is NOT allowed. Please call TIS/TSM in main thread!!!
2019-02-26 14:03:52.100 chromedriver[1291:357105] pid(1291)/euid(501) is calling TIS/TSM in non-main thread environment, ERROR : This is NOT allowed. Please call TIS/TSM in main thread!!!
2019-02-26 14:03:52.100 chromedriver[1291:357105] pid(1291)/euid(501) is calling TIS/TSM in non-main thread environment, ERROR : This is NOT allowed. Please call TIS/TSM in main thread!!!
2019-02-26 14:03:52.100 chromedriver[1291:357105] pid(1291)/euid(501) is calling TIS/TSM in non-main thread environment, ERROR : This is NOT allowed. Please call TIS/TSM in main thread!!!
2019-02-26 14:03:52.100 chromedriver[1291:357105] pid(1291)/euid(501) is calling TIS/TSM in non-main thread environment, ERROR : This is NOT allowed. Please call TIS/TSM in main thread!!!
2019-02-26 14:03:52.100 chromedriver[1291:357105] pid(1291)/euid(501) is calling TIS/TSM in non-main thread environment, ERROR : This is NOT allowed. Please call TIS/TSM in main thread!!!
2019-02-26 14:03:52.100 chromedriver[1291:357105] pid(1291)/euid(501) is calling TIS/TSM in non-main thread environment, ERROR : This is NOT allowed. Please call TIS/TSM in main thread!!!
2019-02-26 14:03:52.100 chromedriver[1291:357105] pid(1291)/euid(501) is calling TIS/TSM in non-main thread environment, ERROR : This is NOT allowed. Please call TIS/TSM in main thread!!!
2019-02-26 14:03:52.100 chromedriver[1291:357105] pid(1291)/euid(501) is calling TIS/TSM in non-main thread environment, ERROR : This is NOT allowed. Please call TIS/TSM in main thread!!!
2019-02-26 14:03:52.100 chromedriver[1291:357105] pid(1291)/euid(501) is calling TIS/TSM in non-main thread environment, ERROR : This is NOT allowed. Please call TIS/TSM in main thread!!!
2019-02-26 14:03:52.100 chromedriver[1291:357105] pid(1291)/euid(501) is calling TIS/TSM in non-main thread environment, ERROR : This is NOT allowed. Please call TIS/TSM in main thread!!!
2019-02-26 14:03:52.100 chromedriver[1291:357105] pid(1291)/euid(501) is calling TIS/TSM in non-main thread environment, ERROR : This is NOT allowed. Please call TIS/TSM in main thread!!!
2019-02-26 14:03:52.100 chromedriver[1291:357105] pid(1291)/euid(501) is calling TIS/TSM in non-main thread environment, ERROR : This is NOT allowed. Please call TIS/TSM in main thread!!!
2019-02-26 14:03:52.149 chromedriver[1291:357105] pid(1291)/euid(501) is calling TIS/TSM in non-main thread environment, ERROR : This is NOT allowed. Please call TIS/TSM in main thread!!!
2019-02-26 14:03:52.149 chromedriver[1291:357105] pid(1291)/euid(501) is calling TIS/TSM in non-main thread environment, ERROR : This is NOT allowed. Please call TIS/TSM in main thread!!!
2019-02-26 14:03:52.149 chromedriver[1291:357105] pid(1291)/euid(501) is calling TIS/TSM in non-main thread environment, ERROR : This is NOT allowed. Please call TIS/TSM in main thread!!!
2019-02-26 14:03:52.149 chromedriver[1291:357105] pid(1291)/euid(501) is calling TIS/TSM in non-main thread environment, ERROR : This is NOT allowed. Please call TIS/TSM in main thread!!!
2019-02-26 14:03:52.149 chromedriver[1291:357105] pid(1291)/euid(501) is calling TIS/TSM in non-main thread environment, ERROR : This is NOT allowed. Please call TIS/TSM in main thread!!!
2019-02-26 14:03:52.149 chromedriver[1291:357105] pid(1291)/euid(501) is calling TIS/TSM in non-main thread environment, ERROR : This is NOT allowed. Please call TIS/TSM in main thread!!!
2019-02-26 14:03:52.149 chromedriver[1291:357105] pid(1291)/euid(501) is calling TIS/TSM in non-main thread environment, ERROR : This is NOT allowed. Please call TIS/TSM in main thread!!!
2019-02-26 14:03:52.149 chromedriver[1291:357105] pid(1291)/euid(501) is calling TIS/TSM in non-main thread environment, ERROR : This is NOT allowed. Please call TIS/TSM in main thread!!!
2019-02-26 14:03:52.149 chromedriver[1291:357105] pid(1291)/euid(501) is calling TIS/TSM in non-main thread environment, ERROR : This is NOT allowed. Please call TIS/TSM in main thread!!!
2019-02-26 14:03:52.149 chromedriver[1291:357105] pid(1291)/euid(501) is calling TIS/TSM in non-main thread environment, ERROR : This is NOT allowed. Please call TIS/TSM in main thread!!!
2019-02-26 14:03:52.149 chromedriver[1291:357105] pid(1291)/euid(501) is calling TIS/TSM in non-main thread environment, ERROR : This is NOT allowed. Please call TIS/TSM in main thread!!!
2019-02-26 14:03:52.149 chromedriver[1291:357105] pid(1291)/euid(501) is calling TIS/TSM in non-main thread environment, ERROR : This is NOT allowed. Please call TIS/TSM in main thread!!!
2019-02-26 14:03:52.149 chromedriver[1291:357105] pid(1291)/euid(501) is calling TIS/TSM in non-main thread environment, ERROR : This is NOT allowed. Please call TIS/TSM in main thread!!!
2019-02-26 14:03:52.149 chromedriver[1291:357105] pid(1291)/euid(501) is calling TIS/TSM in non-main thread environment, ERROR : This is NOT allowed. Please call TIS/TSM in main thread!!!
2019-02-26 14:03:52.149 chromedriver[1291:357105] pid(1291)/euid(501) is calling TIS/TSM in non-main thread environment, ERROR : This is NOT allowed. Please call TIS/TSM in main thread!!!
2019-02-26 14:03:52.149 chromedriver[1291:357105] pid(1291)/euid(501) is calling TIS/TSM in non-main thread environment, ERROR : This is NOT allowed. Please call TIS/TSM in main thread!!!
2019-02-26 14:03:52.149 chromedriver[1291:357105] pid(1291)/euid(501) is calling TIS/TSM in non-main thread environment, ERROR : This is NOT allowed. Please call TIS/TSM in main thread!!!
2019-02-26 14:03:52.149 chromedriver[1291:357105] pid(1291)/euid(501) is calling TIS/TSM in non-main thread environment, ERROR : This is NOT allowed. Please call TIS/TSM in main thread!!!
2019-02-26 14:03:52.149 chromedriver[1291:357105] pid(1291)/euid(501) is calling TIS/TSM in non-main thread environment, ERROR : This is NOT allowed. Please call TIS/TSM in main thread!!!
2019-02-26 14:03:52.149 chromedriver[1291:357105] pid(1291)/euid(501) is calling TIS/TSM in non-main thread environment, ERROR : This is NOT allowed. Please call TIS/TSM in main thread!!!
2019-02-26 14:03:52.149 chromedriver[1291:357105] pid(1291)/euid(501) is calling TIS/TSM in non-main thread environment, ERROR : This is NOT allowed. Please call TIS/TSM in main thread!!!
2019-02-26 14:03:52.149 chromedriver[1291:357105] pid(1291)/euid(501) is calling TIS/TSM in non-main thread environment, ERROR : This is NOT allowed. Please call TIS/TSM in main thread!!!
2019-02-26 14:03:52.149 chromedriver[1291:357105] pid(1291)/euid(501) is calling TIS/TSM in non-main thread environment, ERROR : This is NOT allowed. Please call TIS/TSM in main thread!!!
2019-02-26 14:03:52.149 chromedriver[1291:357105] pid(1291)/euid(501) is calling TIS/TSM in non-main thread environment, ERROR : This is NOT allowed. Please call TIS/TSM in main thread!!!
2019-02-26 14:03:52.149 chromedriver[1291:357105] pid(1291)/euid(501) is calling TIS/TSM in non-main thread environment, ERROR : This is NOT allowed. Please call TIS/TSM in main thread!!!
2019-02-26 14:03:52.150 chromedriver[1291:357105] pid(1291)/euid(501) is calling TIS/TSM in non-main thread environment, ERROR : This is NOT allowed. Please call TIS/TSM in main thread!!!
2019-02-26 14:03:52.150 chromedriver[1291:357105] pid(1291)/euid(501) is calling TIS/TSM in non-main thread environment, ERROR : This is NOT allowed. Please call TIS/TSM in main thread!!!
2019-02-26 14:03:52.150 chromedriver[1291:357105] pid(1291)/euid(501) is calling TIS/TSM in non-main thread environment, ERROR : This is NOT allowed. Please call TIS/TSM in main thread!!!
2019-02-26 14:03:52.150 chromedriver[1291:357105] pid(1291)/euid(501) is calling TIS/TSM in non-main thread environment, ERROR : This is NOT allowed. Please call TIS/TSM in main thread!!!
2019-02-26 14:03:52.150 chromedriver[1291:357105] pid(1291)/euid(501) is calling TIS/TSM in non-main thread environment, ERROR : This is NOT allowed. Please call TIS/TSM in main thread!!!
2019-02-26 14:03:52.150 chromedriver[1291:357105] pid(1291)/euid(501) is calling TIS/TSM in non-main thread environment, ERROR : This is NOT allowed. Please call TIS/TSM in main thread!!!
2019-02-26 14:03:52.150 chromedriver[1291:357105] pid(1291)/euid(501) is calling TIS/TSM in non-main thread environment, ERROR : This is NOT allowed. Please call TIS/TSM in main thread!!!
2019-02-26 14:03:52.150 chromedriver[1291:357105] pid(1291)/euid(501) is calling TIS/TSM in non-main thread environment, ERROR : This is NOT allowed. Please call TIS/TSM in main thread!!!
2019-02-26 14:03:52.150 chromedriver[1291:357105] pid(1291)/euid(501) is calling TIS/TSM in non-main thread environment, ERROR : This is NOT allowed. Please call TIS/TSM in main thread!!!
2019-02-26 14:03:52.150 chromedriver[1291:357105] pid(1291)/euid(501) is calling TIS/TSM in non-main thread environment, ERROR : This is NOT allowed. Please call TIS/TSM in main thread!!!
2019-02-26 14:03:52.150 chromedriver[1291:357105] pid(1291)/euid(501) is calling TIS/TSM in non-main thread environment, ERROR : This is NOT allowed. Please call TIS/TSM in main thread!!!
2019-02-26 14:03:52.150 chromedriver[1291:357105] pid(1291)/euid(501) is calling TIS/TSM in non-main thread environment, ERROR : This is NOT allowed. Please call TIS/TSM in main thread!!!
2019-02-26 14:03:52.150 chromedriver[1291:357105] pid(1291)/euid(501) is calling TIS/TSM in non-main thread environment, ERROR : This is NOT allowed. Please call TIS/TSM in main thread!!!
2019-02-26 14:03:52.150 chromedriver[1291:357105] pid(1291)/euid(501) is calling TIS/TSM in non-main thread environment, ERROR : This is NOT allowed. Please call TIS/TSM in main thread!!!
2019-02-26 14:03:52.150 chromedriver[1291:357105] pid(1291)/euid(501) is calling TIS/TSM in non-main thread environment, ERROR : This is NOT allowed. Please call TIS/TSM in main thread!!!
2019-02-26 14:03:52.150 chromedriver[1291:357105] pid(1291)/euid(501) is calling TIS/TSM in non-main thread environment, ERROR : This is NOT allowed. Please call TIS/TSM in main thread!!!
2019-02-26 14:03:52.150 chromedriver[1291:357105] pid(1291)/euid(501) is calling TIS/TSM in non-main thread environment, ERROR : This is NOT allowed. Please call TIS/TSM in main thread!!!
2019-02-26 14:03:52.150 chromedriver[1291:357105] pid(1291)/euid(501) is calling TIS/TSM in non-main thread environment, ERROR : This is NOT allowed. Please call TIS/TSM in main thread!!!
2019-02-26 14:03:52.150 chromedriver[1291:357105] pid(1291)/euid(501) is calling TIS/TSM in non-main thread environment, ERROR : This is NOT allowed. Please call TIS/TSM in main thread!!!
2019-02-26 14:03:52.199 chromedriver[1291:357105] pid(1291)/euid(501) is calling TIS/TSM in non-main thread environment, ERROR : This is NOT allowed. Please call TIS/TSM in main thread!!!
2019-02-26 14:03:52.199 chromedriver[1291:357105] pid(1291)/euid(501) is calling TIS/TSM in non-main thread environment, ERROR : This is NOT allowed. Please call TIS/TSM in main thread!!!
2019-02-26 14:03:52.199 chromedriver[1291:357105] pid(1291)/euid(501) is calling TIS/TSM in non-main thread environment, ERROR : This is NOT allowed. Please call TIS/TSM in main thread!!!
2019-02-26 14:03:52.199 chromedriver[1291:357105] pid(1291)/euid(501) is calling TIS/TSM in non-main thread environment, ERROR : This is NOT allowed. Please call TIS/TSM in main thread!!!
2019-02-26 14:03:52.199 chromedriver[1291:357105] pid(1291)/euid(501) is calling TIS/TSM in non-main thread environment, ERROR : This is NOT allowed. Please call TIS/TSM in main thread!!!
2019-02-26 14:03:52.199 chromedriver[1291:357105] pid(1291)/euid(501) is calling TIS/TSM in non-main thread environment, ERROR : This is NOT allowed. Please call TIS/TSM in main thread!!!
2019-02-26 14:03:52.199 chromedriver[1291:357105] pid(1291)/euid(501) is calling TIS/TSM in non-main thread environment, ERROR : This is NOT allowed. Please call TIS/TSM in main thread!!!
2019-02-26 14:03:52.199 chromedriver[1291:357105] pid(1291)/euid(501) is calling TIS/TSM in non-main thread environment, ERROR : This is NOT allowed. Please call TIS/TSM in main thread!!!
2019-02-26 14:03:52.199 chromedriver[1291:357105] pid(1291)/euid(501) is calling TIS/TSM in non-main thread environment, ERROR : This is NOT allowed. Please call TIS/TSM in main thread!!!
2019-02-26 14:03:52.199 chromedriver[1291:357105] pid(1291)/euid(501) is calling TIS/TSM in non-main thread environment, ERROR : This is NOT allowed. Please call TIS/TSM in main thread!!!
2019-02-26 14:03:52.199 chromedriver[1291:357105] pid(1291)/euid(501) is calling TIS/TSM in non-main thread environment, ERROR : This is NOT allowed. Please call TIS/TSM in main thread!!!
2019-02-26 14:03:52.199 chromedriver[1291:357105] pid(1291)/euid(501) is calling TIS/TSM in non-main thread environment, ERROR : This is NOT allowed. Please call TIS/TSM in main thread!!!
2019-02-26 14:03:52.199 chromedriver[1291:357105] pid(1291)/euid(501) is calling TIS/TSM in non-main thread environment, ERROR : This is NOT allowed. Please call TIS/TSM in main thread!!!
2019-02-26 14:03:52.199 chromedriver[1291:357105] pid(1291)/euid(501) is calling TIS/TSM in non-main thread environment, ERROR : This is NOT allowed. Please call TIS/TSM in main thread!!!
2019-02-26 14:03:52.199 chromedriver[1291:357105] pid(1291)/euid(501) is calling TIS/TSM in non-main thread environment, ERROR : This is NOT allowed. Please call TIS/TSM in main thread!!!
2019-02-26 14:03:52.199 chromedriver[1291:357105] pid(1291)/euid(501) is calling TIS/TSM in non-main thread environment, ERROR : This is NOT allowed. Please call TIS/TSM in main thread!!!
2019-02-26 14:03:52.199 chromedriver[1291:357105] pid(1291)/euid(501) is calling TIS/TSM in non-main thread environment, ERROR : This is NOT allowed. Please call TIS/TSM in main thread!!!
2019-02-26 14:03:52.199 chromedriver[1291:357105] pid(1291)/euid(501) is calling TIS/TSM in non-main thread environment, ERROR : This is NOT allowed. Please call TIS/TSM in main thread!!!
2019-02-26 14:03:52.199 chromedriver[1291:357105] pid(1291)/euid(501) is calling TIS/TSM in non-main thread environment, ERROR : This is NOT allowed. Please call TIS/TSM in main thread!!!
2019-02-26 14:03:52.199 chromedriver[1291:357105] pid(1291)/euid(501) is calling TIS/TSM in non-main thread environment, ERROR : This is NOT allowed. Please call TIS/TSM in main thread!!!
2019-02-26 14:03:52.199 chromedriver[1291:357105] pid(1291)/euid(501) is calling TIS/TSM in non-main thread environment, ERROR : This is NOT allowed. Please call TIS/TSM in main thread!!!
2019-02-26 14:03:52.200 chromedriver[1291:357105] pid(1291)/euid(501) is calling TIS/TSM in non-main thread environment, ERROR : This is NOT allowed. Please call TIS/TSM in main thread!!!
2019-02-26 14:03:52.200 chromedriver[1291:357105] pid(1291)/euid(501) is calling TIS/TSM in non-main thread environment, ERROR : This is NOT allowed. Please call TIS/TSM in main thread!!!
2019-02-26 14:03:52.200 chromedriver[1291:357105] pid(1291)/euid(501) is calling TIS/TSM in non-main thread environment, ERROR : This is NOT allowed. Please call TIS/TSM in main thread!!!
2019-02-26 14:03:52.200 chromedriver[1291:357105] pid(1291)/euid(501) is calling TIS/TSM in non-main thread environment, ERROR : This is NOT allowed. Please call TIS/TSM in main thread!!!
2019-02-26 14:03:52.200 chromedriver[1291:357105] pid(1291)/euid(501) is calling TIS/TSM in non-main thread environment, ERROR : This is NOT allowed. Please call TIS/TSM in main thread!!!
2019-02-26 14:03:52.200 chromedriver[1291:357105] pid(1291)/euid(501) is calling TIS/TSM in non-main thread environment, ERROR : This is NOT allowed. Please call TIS/TSM in main thread!!!
2019-02-26 14:03:52.200 chromedriver[1291:357105] pid(1291)/euid(501) is calling TIS/TSM in non-main thread environment, ERROR : This is NOT allowed. Please call TIS/TSM in main thread!!!
2019-02-26 14:03:52.200 chromedriver[1291:357105] pid(1291)/euid(501) is calling TIS/TSM in non-main thread environment, ERROR : This is NOT allowed. Please call TIS/TSM in main thread!!!
2019-02-26 14:03:52.200 chromedriver[1291:357105] pid(1291)/euid(501) is calling TIS/TSM in non-main thread environment, ERROR : This is NOT allowed. Please call TIS/TSM in main thread!!!
2019-02-26 14:03:52.200 chromedriver[1291:357105] pid(1291)/euid(501) is calling TIS/TSM in non-main thread environment, ERROR : This is NOT allowed. Please call TIS/TSM in main thread!!!
2019-02-26 14:03:52.200 chromedriver[1291:357105] pid(1291)/euid(501) is calling TIS/TSM in non-main thread environment, ERROR : This is NOT allowed. Please call TIS/TSM in main thread!!!
2019-02-26 14:03:52.200 chromedriver[1291:357105] pid(1291)/euid(501) is calling TIS/TSM in non-main thread environment, ERROR : This is NOT allowed. Please call TIS/TSM in main thread!!!
2019-02-26 14:03:52.200 chromedriver[1291:357105] pid(1291)/euid(501) is calling TIS/TSM in non-main thread environment, ERROR : This is NOT allowed. Please call TIS/TSM in main thread!!!
2019-02-26 14:03:52.200 chromedriver[1291:357105] pid(1291)/euid(501) is calling TIS/TSM in non-main thread environment, ERROR : This is NOT allowed. Please call TIS/TSM in main thread!!!
2019-02-26 14:03:52.200 chromedriver[1291:357105] pid(1291)/euid(501) is calling TIS/TSM in non-main thread environment, ERROR : This is NOT allowed. Please call TIS/TSM in main thread!!!
2019-02-26 14:03:52.200 chromedriver[1291:357105] pid(1291)/euid(501) is calling TIS/TSM in non-main thread environment, ERROR : This is NOT allowed. Please call TIS/TSM in main thread!!!
2019-02-26 14:03:52.200 chromedriver[1291:357105] pid(1291)/euid(501) is calling TIS/TSM in non-main thread environment, ERROR : This is NOT allowed. Please call TIS/TSM in main thread!!!
2019-02-26 14:03:52.200 chromedriver[1291:357105] pid(1291)/euid(501) is calling TIS/TSM in non-main thread environment, ERROR : This is NOT allowed. Please call TIS/TSM in main thread!!!
2019-02-26 14:03:52.200 chromedriver[1291:357105] pid(1291)/euid(501) is calling TIS/TSM in non-main thread environment, ERROR : This is NOT allowed. Please call TIS/TSM in main thread!!!
2019-02-26 14:03:52.200 chromedriver[1291:357105] pid(1291)/euid(501) is calling TIS/TSM in non-main thread environment, ERROR : This is NOT allowed. Please call TIS/TSM in main thread!!!
2019-02-26 14:03:52.200 chromedriver[1291:357105] pid(1291)/euid(501) is calling TIS/TSM in non-main thread environment, ERROR : This is NOT allowed. Please call TIS/TSM in main thread!!!
2019-02-26 14:03:52.200 chromedriver[1291:357105] pid(1291)/euid(501) is calling TIS/TSM in non-main thread environment, ERROR : This is NOT allowed. Please call TIS/TSM in main thread!!!
2019-02-26 14:03:52.249 chromedriver[1291:357105] pid(1291)/euid(501) is calling TIS/TSM in non-main thread environment, ERROR : This is NOT allowed. Please call TIS/TSM in main thread!!!
2019-02-26 14:03:52.249 chromedriver[1291:357105] pid(1291)/euid(501) is calling TIS/TSM in non-main thread environment, ERROR : This is NOT allowed. Please call TIS/TSM in main thread!!!
2019-02-26 14:03:52.249 chromedriver[1291:357105] pid(1291)/euid(501) is calling TIS/TSM in non-main thread environment, ERROR : This is NOT allowed. Please call TIS/TSM in main thread!!!
2019-02-26 14:03:52.249 chromedriver[1291:357105] pid(1291)/euid(501) is calling TIS/TSM in non-main thread environment, ERROR : This is NOT allowed. Please call TIS/TSM in main thread!!!
2019-02-26 14:03:52.250 chromedriver[1291:357105] pid(1291)/euid(501) is calling TIS/TSM in non-main thread environment, ERROR : This is NOT allowed. Please call TIS/TSM in main thread!!!
2019-02-26 14:03:52.250 chromedriver[1291:357105] pid(1291)/euid(501) is calling TIS/TSM in non-main thread environment, ERROR : This is NOT allowed. Please call TIS/TSM in main thread!!!
2019-02-26 14:03:52.250 chromedriver[1291:357105] pid(1291)/euid(501) is calling TIS/TSM in non-main thread environment, ERROR : This is NOT allowed. Please call TIS/TSM in main thread!!!
2019-02-26 14:03:52.250 chromedriver[1291:357105] pid(1291)/euid(501) is calling TIS/TSM in non-main thread environment, ERROR : This is NOT allowed. Please call TIS/TSM in main thread!!!
2019-02-26 14:03:52.250 chromedriver[1291:357105] pid(1291)/euid(501) is calling TIS/TSM in non-main thread environment, ERROR : This is NOT allowed. Please call TIS/TSM in main thread!!!
2019-02-26 14:03:52.250 chromedriver[1291:357105] pid(1291)/euid(501) is calling TIS/TSM in non-main thread environment, ERROR : This is NOT allowed. Please call TIS/TSM in main thread!!!
2019-02-26 14:03:52.250 chromedriver[1291:357105] pid(1291)/euid(501) is calling TIS/TSM in non-main thread environment, ERROR : This is NOT allowed. Please call TIS/TSM in main thread!!!
2019-02-26 14:03:52.250 chromedriver[1291:357105] pid(1291)/euid(501) is calling TIS/TSM in non-main thread environment, ERROR : This is NOT allowed. Please call TIS/TSM in main thread!!!
2019-02-26 14:03:52.250 chromedriver[1291:357105] pid(1291)/euid(501) is calling TIS/TSM in non-main thread environment, ERROR : This is NOT allowed. Please call TIS/TSM in main thread!!!
2019-02-26 14:03:52.250 chromedriver[1291:357105] pid(1291)/euid(501) is calling TIS/TSM in non-main thread environment, ERROR : This is NOT allowed. Please call TIS/TSM in main thread!!!
2019-02-26 14:03:52.250 chromedriver[1291:357105] pid(1291)/euid(501) is calling TIS/TSM in non-main thread environment, ERROR : This is NOT allowed. Please call TIS/TSM in main thread!!!
2019-02-26 14:03:52.250 chromedriver[1291:357105] pid(1291)/euid(501) is calling TIS/TSM in non-main thread environment, ERROR : This is NOT allowed. Please call TIS/TSM in main thread!!!
2019-02-26 14:03:52.250 chromedriver[1291:357105] pid(1291)/euid(501) is calling TIS/TSM in non-main thread environment, ERROR : This is NOT allowed. Please call TIS/TSM in main thread!!!
2019-02-26 14:03:52.250 chromedriver[1291:357105] pid(1291)/euid(501) is calling TIS/TSM in non-main thread environment, ERROR : This is NOT allowed. Please call TIS/TSM in main thread!!!
2019-02-26 14:03:52.250 chromedriver[1291:357105] pid(1291)/euid(501) is calling TIS/TSM in non-main thread environment, ERROR : This is NOT allowed. Please call TIS/TSM in main thread!!!
2019-02-26 14:03:52.250 chromedriver[1291:357105] pid(1291)/euid(501) is calling TIS/TSM in non-main thread environment, ERROR : This is NOT allowed. Please call TIS/TSM in main thread!!!
2019-02-26 14:03:52.250 chromedriver[1291:357105] pid(1291)/euid(501) is calling TIS/TSM in non-main thread environment, ERROR : This is NOT allowed. Please call TIS/TSM in main thread!!!
2019-02-26 14:03:52.250 chromedriver[1291:357105] pid(1291)/euid(501) is calling TIS/TSM in non-main thread environment, ERROR : This is NOT allowed. Please call TIS/TSM in main thread!!!
2019-02-26 14:03:52.250 chromedriver[1291:357105] pid(1291)/euid(501) is calling TIS/TSM in non-main thread environment, ERROR : This is NOT allowed. Please call TIS/TSM in main thread!!!
2019-02-26 14:03:52.250 chromedriver[1291:357105] pid(1291)/euid(501) is calling TIS/TSM in non-main thread environment, ERROR : This is NOT allowed. Please call TIS/TSM in main thread!!!
2019-02-26 14:03:52.250 chromedriver[1291:357105] pid(1291)/euid(501) is calling TIS/TSM in non-main thread environment, ERROR : This is NOT allowed. Please call TIS/TSM in main thread!!!
2019-02-26 14:03:52.250 chromedriver[1291:357105] pid(1291)/euid(501) is calling TIS/TSM in non-main thread environment, ERROR : This is NOT allowed. Please call TIS/TSM in main thread!!!
2019-02-26 14:03:52.250 chromedriver[1291:357105] pid(1291)/euid(501) is calling TIS/TSM in non-main thread environment, ERROR : This is NOT allowed. Please call TIS/TSM in main thread!!!
2019-02-26 14:03:52.250 chromedriver[1291:357105] pid(1291)/euid(501) is calling TIS/TSM in non-main thread environment, ERROR : This is NOT allowed. Please call TIS/TSM in main thread!!!
2019-02-26 14:03:52.250 chromedriver[1291:357105] pid(1291)/euid(501) is calling TIS/TSM in non-main thread environment, ERROR : This is NOT allowed. Please call TIS/TSM in main thread!!!
2019-02-26 14:03:52.250 chromedriver[1291:357105] pid(1291)/euid(501) is calling TIS/TSM in non-main thread environment, ERROR : This is NOT allowed. Please call TIS/TSM in main thread!!!
2019-02-26 14:03:52.250 chromedriver[1291:357105] pid(1291)/euid(501) is calling TIS/TSM in non-main thread environment, ERROR : This is NOT allowed. Please call TIS/TSM in main thread!!!
2019-02-26 14:03:52.250 chromedriver[1291:357105] pid(1291)/euid(501) is calling TIS/TSM in non-main thread environment, ERROR : This is NOT allowed. Please call TIS/TSM in main thread!!!
2019-02-26 14:03:52.250 chromedriver[1291:357105] pid(1291)/euid(501) is calling TIS/TSM in non-main thread environment, ERROR : This is NOT allowed. Please call TIS/TSM in main thread!!!
2019-02-26 14:03:52.250 chromedriver[1291:357105] pid(1291)/euid(501) is calling TIS/TSM in non-main thread environment, ERROR : This is NOT allowed. Please call TIS/TSM in main thread!!!
2019-02-26 14:03:52.250 chromedriver[1291:357105] pid(1291)/euid(501) is calling TIS/TSM in non-main thread environment, ERROR : This is NOT allowed. Please call TIS/TSM in main thread!!!
2019-02-26 14:03:52.250 chromedriver[1291:357105] pid(1291)/euid(501) is calling TIS/TSM in non-main thread environment, ERROR : This is NOT allowed. Please call TIS/TSM in main thread!!!
2019-02-26 14:03:52.250 chromedriver[1291:357105] pid(1291)/euid(501) is calling TIS/TSM in non-main thread environment, ERROR : This is NOT allowed. Please call TIS/TSM in main thread!!!
2019-02-26 14:03:52.251 chromedriver[1291:357105] pid(1291)/euid(501) is calling TIS/TSM in non-main thread environment, ERROR : This is NOT allowed. Please call TIS/TSM in main thread!!!
2019-02-26 14:03:52.251 chromedriver[1291:357105] pid(1291)/euid(501) is calling TIS/TSM in non-main thread environment, ERROR : This is NOT allowed. Please call TIS/TSM in main thread!!!
2019-02-26 14:03:52.251 chromedriver[1291:357105] pid(1291)/euid(501) is calling TIS/TSM in non-main thread environment, ERROR : This is NOT allowed. Please call TIS/TSM in main thread!!!
2019-02-26 14:03:52.251 chromedriver[1291:357105] pid(1291)/euid(501) is calling TIS/TSM in non-main thread environment, ERROR : This is NOT allowed. Please call TIS/TSM in main thread!!!
2019-02-26 14:03:52.251 chromedriver[1291:357105] pid(1291)/euid(501) is calling TIS/TSM in non-main thread environment, ERROR : This is NOT allowed. Please call TIS/TSM in main thread!!!
2019-02-26 14:03:52.251 chromedriver[1291:357105] pid(1291)/euid(501) is calling TIS/TSM in non-main thread environment, ERROR : This is NOT allowed. Please call TIS/TSM in main thread!!!
2019-02-26 14:03:52.251 chromedriver[1291:357105] pid(1291)/euid(501) is calling TIS/TSM in non-main thread environment, ERROR : This is NOT allowed. Please call TIS/TSM in main thread!!!
2019-02-26 14:03:52.300 chromedriver[1291:357105] pid(1291)/euid(501) is calling TIS/TSM in non-main thread environment, ERROR : This is NOT allowed. Please call TIS/TSM in main thread!!!
2019-02-26 14:03:52.300 chromedriver[1291:357105] pid(1291)/euid(501) is calling TIS/TSM in non-main thread environment, ERROR : This is NOT allowed. Please call TIS/TSM in main thread!!!
2019-02-26 14:03:52.300 chromedriver[1291:357105] pid(1291)/euid(501) is calling TIS/TSM in non-main thread environment, ERROR : This is NOT allowed. Please call TIS/TSM in main thread!!!
2019-02-26 14:03:52.300 chromedriver[1291:357105] pid(1291)/euid(501) is calling TIS/TSM in non-main thread environment, ERROR : This is NOT allowed. Please call TIS/TSM in main thread!!!
2019-02-26 14:03:52.300 chromedriver[1291:357105] pid(1291)/euid(501) is calling TIS/TSM in non-main thread environment, ERROR : This is NOT allowed. Please call TIS/TSM in main thread!!!
2019-02-26 14:03:52.301 chromedriver[1291:357105] pid(1291)/euid(501) is calling TIS/TSM in non-main thread environment, ERROR : This is NOT allowed. Please call TIS/TSM in main thread!!!
2019-02-26 14:03:52.301 chromedriver[1291:357105] pid(1291)/euid(501) is calling TIS/TSM in non-main thread environment, ERROR : This is NOT allowed. Please call TIS/TSM in main thread!!!
2019-02-26 14:03:52.301 chromedriver[1291:357105] pid(1291)/euid(501) is calling TIS/TSM in non-main thread environment, ERROR : This is NOT allowed. Please call TIS/TSM in main thread!!!
2019-02-26 14:03:52.301 chromedriver[1291:357105] pid(1291)/euid(501) is calling TIS/TSM in non-main thread environment, ERROR : This is NOT allowed. Please call TIS/TSM in main thread!!!
2019-02-26 14:03:52.301 chromedriver[1291:357105] pid(1291)/euid(501) is calling TIS/TSM in non-main thread environment, ERROR : This is NOT allowed. Please call TIS/TSM in main thread!!!
2019-02-26 14:03:52.301 chromedriver[1291:357105] pid(1291)/euid(501) is calling TIS/TSM in non-main thread environment, ERROR : This is NOT allowed. Please call TIS/TSM in main thread!!!
2019-02-26 14:03:52.301 chromedriver[1291:357105] pid(1291)/euid(501) is calling TIS/TSM in non-main thread environment, ERROR : This is NOT allowed. Please call TIS/TSM in main thread!!!
2019-02-26 14:03:52.301 chromedriver[1291:357105] pid(1291)/euid(501) is calling TIS/TSM in non-main thread environment, ERROR : This is NOT allowed. Please call TIS/TSM in main thread!!!
2019-02-26 14:03:52.301 chromedriver[1291:357105] pid(1291)/euid(501) is calling TIS/TSM in non-main thread environment, ERROR : This is NOT allowed. Please call TIS/TSM in main thread!!!
2019-02-26 14:03:52.301 chromedriver[1291:357105] pid(1291)/euid(501) is calling TIS/TSM in non-main thread environment, ERROR : This is NOT allowed. Please call TIS/TSM in main thread!!!
2019-02-26 14:03:52.301 chromedriver[1291:357105] pid(1291)/euid(501) is calling TIS/TSM in non-main thread environment, ERROR : This is NOT allowed. Please call TIS/TSM in main thread!!!
2019-02-26 14:03:52.301 chromedriver[1291:357105] pid(1291)/euid(501) is calling TIS/TSM in non-main thread environment, ERROR : This is NOT allowed. Please call TIS/TSM in main thread!!!
2019-02-26 14:03:52.301 chromedriver[1291:357105] pid(1291)/euid(501) is calling TIS/TSM in non-main thread environment, ERROR : This is NOT allowed. Please call TIS/TSM in main thread!!!
2019-02-26 14:03:52.301 chromedriver[1291:357105] pid(1291)/euid(501) is calling TIS/TSM in non-main thread environment, ERROR : This is NOT allowed. Please call TIS/TSM in main thread!!!
2019-02-26 14:03:52.301 chromedriver[1291:357105] pid(1291)/euid(501) is calling TIS/TSM in non-main thread environment, ERROR : This is NOT allowed. Please call TIS/TSM in main thread!!!
2019-02-26 14:03:52.301 chromedriver[1291:357105] pid(1291)/euid(501) is calling TIS/TSM in non-main thread environment, ERROR : This is NOT allowed. Please call TIS/TSM in main thread!!!
2019-02-26 14:03:52.301 chromedriver[1291:357105] pid(1291)/euid(501) is calling TIS/TSM in non-main thread environment, ERROR : This is NOT allowed. Please call TIS/TSM in main thread!!!
2019-02-26 14:03:52.301 chromedriver[1291:357105] pid(1291)/euid(501) is calling TIS/TSM in non-main thread environment, ERROR : This is NOT allowed. Please call TIS/TSM in main thread!!!
2019-02-26 14:03:52.301 chromedriver[1291:357105] pid(1291)/euid(501) is calling TIS/TSM in non-main thread environment, ERROR : This is NOT allowed. Please call TIS/TSM in main thread!!!
2019-02-26 14:03:52.301 chromedriver[1291:357105] pid(1291)/euid(501) is calling TIS/TSM in non-main thread environment, ERROR : This is NOT allowed. Please call TIS/TSM in main thread!!!
2019-02-26 14:03:52.301 chromedriver[1291:357105] pid(1291)/euid(501) is calling TIS/TSM in non-main thread environment, ERROR : This is NOT allowed. Please call TIS/TSM in main thread!!!
2019-02-26 14:03:52.301 chromedriver[1291:357105] pid(1291)/euid(501) is calling TIS/TSM in non-main thread environment, ERROR : This is NOT allowed. Please call TIS/TSM in main thread!!!
2019-02-26 14:03:52.301 chromedriver[1291:357105] pid(1291)/euid(501) is calling TIS/TSM in non-main thread environment, ERROR : This is NOT allowed. Please call TIS/TSM in main thread!!!
2019-02-26 14:03:52.301 chromedriver[1291:357105] pid(1291)/euid(501) is calling TIS/TSM in non-main thread environment, ERROR : This is NOT allowed. Please call TIS/TSM in main thread!!!
2019-02-26 14:03:52.301 chromedriver[1291:357105] pid(1291)/euid(501) is calling TIS/TSM in non-main thread environment, ERROR : This is NOT allowed. Please call TIS/TSM in main thread!!!
2019-02-26 14:03:52.301 chromedriver[1291:357105] pid(1291)/euid(501) is calling TIS/TSM in non-main thread environment, ERROR : This is NOT allowed. Please call TIS/TSM in main thread!!!
2019-02-26 14:03:52.301 chromedriver[1291:357105] pid(1291)/euid(501) is calling TIS/TSM in non-main thread environment, ERROR : This is NOT allowed. Please call TIS/TSM in main thread!!!
2019-02-26 14:03:52.301 chromedriver[1291:357105] pid(1291)/euid(501) is calling TIS/TSM in non-main thread environment, ERROR : This is NOT allowed. Please call TIS/TSM in main thread!!!
2019-02-26 14:03:52.302 chromedriver[1291:357105] pid(1291)/euid(501) is calling TIS/TSM in non-main thread environment, ERROR : This is NOT allowed. Please call TIS/TSM in main thread!!!
2019-02-26 14:03:52.302 chromedriver[1291:357105] pid(1291)/euid(501) is calling TIS/TSM in non-main thread environment, ERROR : This is NOT allowed. Please call TIS/TSM in main thread!!!
2019-02-26 14:03:52.302 chromedriver[1291:357105] pid(1291)/euid(501) is calling TIS/TSM in non-main thread environment, ERROR : This is NOT allowed. Please call TIS/TSM in main thread!!!
2019-02-26 14:03:52.302 chromedriver[1291:357105] pid(1291)/euid(501) is calling TIS/TSM in non-main thread environment, ERROR : This is NOT allowed. Please call TIS/TSM in main thread!!!
2019-02-26 14:03:52.302 chromedriver[1291:357105] pid(1291)/euid(501) is calling TIS/TSM in non-main thread environment, ERROR : This is NOT allowed. Please call TIS/TSM in main thread!!!
2019-02-26 14:03:52.302 chromedriver[1291:357105] pid(1291)/euid(501) is calling TIS/TSM in non-main thread environment, ERROR : This is NOT allowed. Please call TIS/TSM in main thread!!!
2019-02-26 14:03:52.302 chromedriver[1291:357105] pid(1291)/euid(501) is calling TIS/TSM in non-main thread environment, ERROR : This is NOT allowed. Please call TIS/TSM in main thread!!!
2019-02-26 14:03:52.302 chromedriver[1291:357105] pid(1291)/euid(501) is calling TIS/TSM in non-main thread environment, ERROR : This is NOT allowed. Please call TIS/TSM in main thread!!!
2019-02-26 14:03:52.302 chromedriver[1291:357105] pid(1291)/euid(501) is calling TIS/TSM in non-main thread environment, ERROR : This is NOT allowed. Please call TIS/TSM in main thread!!!
2019-02-26 14:03:52.302 chromedriver[1291:357105] pid(1291)/euid(501) is calling TIS/TSM in non-main thread environment, ERROR : This is NOT allowed. Please call TIS/TSM in main thread!!!
2019-02-26 14:03:52.302 chromedriver[1291:357105] pid(1291)/euid(501) is calling TIS/TSM in non-main thread environment, ERROR : This is NOT allowed. Please call TIS/TSM in main thread!!!
2019-02-26 14:03:52.352 chromedriver[1291:357105] pid(1291)/euid(501) is calling TIS/TSM in non-main thread environment, ERROR : This is NOT allowed. Please call TIS/TSM in main thread!!!
2019-02-26 14:03:52.352 chromedriver[1291:357105] pid(1291)/euid(501) is calling TIS/TSM in non-main thread environment, ERROR : This is NOT allowed. Please call TIS/TSM in main thread!!!
2019-02-26 14:03:52.352 chromedriver[1291:357105] pid(1291)/euid(501) is calling TIS/TSM in non-main thread environment, ERROR : This is NOT allowed. Please call TIS/TSM in main thread!!!
2019-02-26 14:03:52.352 chromedriver[1291:357105] pid(1291)/euid(501) is calling TIS/TSM in non-main thread environment, ERROR : This is NOT allowed. Please call TIS/TSM in main thread!!!
2019-02-26 14:03:52.352 chromedriver[1291:357105] pid(1291)/euid(501) is calling TIS/TSM in non-main thread environment, ERROR : This is NOT allowed. Please call TIS/TSM in main thread!!!
2019-02-26 14:03:52.352 chromedriver[1291:357105] pid(1291)/euid(501) is calling TIS/TSM in non-main thread environment, ERROR : This is NOT allowed. Please call TIS/TSM in main thread!!!
2019-02-26 14:03:52.352 chromedriver[1291:357105] pid(1291)/euid(501) is calling TIS/TSM in non-main thread environment, ERROR : This is NOT allowed. Please call TIS/TSM in main thread!!!
2019-02-26 14:03:52.352 chromedriver[1291:357105] pid(1291)/euid(501) is calling TIS/TSM in non-main thread environment, ERROR : This is NOT allowed. Please call TIS/TSM in main thread!!!
2019-02-26 14:03:52.352 chromedriver[1291:357105] pid(1291)/euid(501) is calling TIS/TSM in non-main thread environment, ERROR : This is NOT allowed. Please call TIS/TSM in main thread!!!
2019-02-26 14:03:52.352 chromedriver[1291:357105] pid(1291)/euid(501) is calling TIS/TSM in non-main thread environment, ERROR : This is NOT allowed. Please call TIS/TSM in main thread!!!
2019-02-26 14:03:52.352 chromedriver[1291:357105] pid(1291)/euid(501) is calling TIS/TSM in non-main thread environment, ERROR : This is NOT allowed. Please call TIS/TSM in main thread!!!
2019-02-26 14:03:52.352 chromedriver[1291:357105] pid(1291)/euid(501) is calling TIS/TSM in non-main thread environment, ERROR : This is NOT allowed. Please call TIS/TSM in main thread!!!
2019-02-26 14:03:52.352 chromedriver[1291:357105] pid(1291)/euid(501) is calling TIS/TSM in non-main thread environment, ERROR : This is NOT allowed. Please call TIS/TSM in main thread!!!
2019-02-26 14:03:52.352 chromedriver[1291:357105] pid(1291)/euid(501) is calling TIS/TSM in non-main thread environment, ERROR : This is NOT allowed. Please call TIS/TSM in main thread!!!
2019-02-26 14:03:52.352 chromedriver[1291:357105] pid(1291)/euid(501) is calling TIS/TSM in non-main thread environment, ERROR : This is NOT allowed. Please call TIS/TSM in main thread!!!
2019-02-26 14:03:52.352 chromedriver[1291:357105] pid(1291)/euid(501) is calling TIS/TSM in non-main thread environment, ERROR : This is NOT allowed. Please call TIS/TSM in main thread!!!
2019-02-26 14:03:52.352 chromedriver[1291:357105] pid(1291)/euid(501) is calling TIS/TSM in non-main thread environment, ERROR : This is NOT allowed. Please call TIS/TSM in main thread!!!
2019-02-26 14:03:52.352 chromedriver[1291:357105] pid(1291)/euid(501) is calling TIS/TSM in non-main thread environment, ERROR : This is NOT allowed. Please call TIS/TSM in main thread!!!
2019-02-26 14:03:52.352 chromedriver[1291:357105] pid(1291)/euid(501) is calling TIS/TSM in non-main thread environment, ERROR : This is NOT allowed. Please call TIS/TSM in main thread!!!
2019-02-26 14:03:52.352 chromedriver[1291:357105] pid(1291)/euid(501) is calling TIS/TSM in non-main thread environment, ERROR : This is NOT allowed. Please call TIS/TSM in main thread!!!
2019-02-26 14:03:52.352 chromedriver[1291:357105] pid(1291)/euid(501) is calling TIS/TSM in non-main thread environment, ERROR : This is NOT allowed. Please call TIS/TSM in main thread!!!
2019-02-26 14:03:52.352 chromedriver[1291:357105] pid(1291)/euid(501) is calling TIS/TSM in non-main thread environment, ERROR : This is NOT allowed. Please call TIS/TSM in main thread!!!
2019-02-26 14:03:52.352 chromedriver[1291:357105] pid(1291)/euid(501) is calling TIS/TSM in non-main thread environment, ERROR : This is NOT allowed. Please call TIS/TSM in main thread!!!
2019-02-26 14:03:52.352 chromedriver[1291:357105] pid(1291)/euid(501) is calling TIS/TSM in non-main thread environment, ERROR : This is NOT allowed. Please call TIS/TSM in main thread!!!
2019-02-26 14:03:52.352 chromedriver[1291:357105] pid(1291)/euid(501) is calling TIS/TSM in non-main thread environment, ERROR : This is NOT allowed. Please call TIS/TSM in main thread!!!
2019-02-26 14:03:52.352 chromedriver[1291:357105] pid(1291)/euid(501) is calling TIS/TSM in non-main thread environment, ERROR : This is NOT allowed. Please call TIS/TSM in main thread!!!
2019-02-26 14:03:52.352 chromedriver[1291:357105] pid(1291)/euid(501) is calling TIS/TSM in non-main thread environment, ERROR : This is NOT allowed. Please call TIS/TSM in main thread!!!
2019-02-26 14:03:52.352 chromedriver[1291:357105] pid(1291)/euid(501) is calling TIS/TSM in non-main thread environment, ERROR : This is NOT allowed. Please call TIS/TSM in main thread!!!
2019-02-26 14:03:52.353 chromedriver[1291:357105] pid(1291)/euid(501) is calling TIS/TSM in non-main thread environment, ERROR : This is NOT allowed. Please call TIS/TSM in main thread!!!
2019-02-26 14:03:52.353 chromedriver[1291:357105] pid(1291)/euid(501) is calling TIS/TSM in non-main thread environment, ERROR : This is NOT allowed. Please call TIS/TSM in main thread!!!
2019-02-26 14:03:52.353 chromedriver[1291:357105] pid(1291)/euid(501) is calling TIS/TSM in non-main thread environment, ERROR : This is NOT allowed. Please call TIS/TSM in main thread!!!
2019-02-26 14:03:52.353 chromedriver[1291:357105] pid(1291)/euid(501) is calling TIS/TSM in non-main thread environment, ERROR : This is NOT allowed. Please call TIS/TSM in main thread!!!
2019-02-26 14:03:52.353 chromedriver[1291:357105] pid(1291)/euid(501) is calling TIS/TSM in non-main thread environment, ERROR : This is NOT allowed. Please call TIS/TSM in main thread!!!
2019-02-26 14:03:52.353 chromedriver[1291:357105] pid(1291)/euid(501) is calling TIS/TSM in non-main thread environment, ERROR : This is NOT allowed. Please call TIS/TSM in main thread!!!
2019-02-26 14:03:52.353 chromedriver[1291:357105] pid(1291)/euid(501) is calling TIS/TSM in non-main thread environment, ERROR : This is NOT allowed. Please call TIS/TSM in main thread!!!
2019-02-26 14:03:52.353 chromedriver[1291:357105] pid(1291)/euid(501) is calling TIS/TSM in non-main thread environment, ERROR : This is NOT allowed. Please call TIS/TSM in main thread!!!
2019-02-26 14:03:52.353 chromedriver[1291:357105] pid(1291)/euid(501) is calling TIS/TSM in non-main thread environment, ERROR : This is NOT allowed. Please call TIS/TSM in main thread!!!
2019-02-26 14:03:52.353 chromedriver[1291:357105] pid(1291)/euid(501) is calling TIS/TSM in non-main thread environment, ERROR : This is NOT allowed. Please call TIS/TSM in main thread!!!
2019-02-26 14:03:52.353 chromedriver[1291:357105] pid(1291)/euid(501) is calling TIS/TSM in non-main thread environment, ERROR : This is NOT allowed. Please call TIS/TSM in main thread!!!
2019-02-26 14:03:52.353 chromedriver[1291:357105] pid(1291)/euid(501) is calling TIS/TSM in non-main thread environment, ERROR : This is NOT allowed. Please call TIS/TSM in main thread!!!
2019-02-26 14:03:52.353 chromedriver[1291:357105] pid(1291)/euid(501) is calling TIS/TSM in non-main thread environment, ERROR : This is NOT allowed. Please call TIS/TSM in main thread!!!
2019-02-26 14:03:52.353 chromedriver[1291:357105] pid(1291)/euid(501) is calling TIS/TSM in non-main thread environment, ERROR : This is NOT allowed. Please call TIS/TSM in main thread!!!
2019-02-26 14:03:52.353 chromedriver[1291:357105] pid(1291)/euid(501) is calling TIS/TSM in non-main thread environment, ERROR : This is NOT allowed. Please call TIS/TSM in main thread!!!
2019-02-26 14:03:52.402 chromedriver[1291:357105] pid(1291)/euid(501) is calling TIS/TSM in non-main thread environment, ERROR : This is NOT allowed. Please call TIS/TSM in main thread!!!
2019-02-26 14:03:52.402 chromedriver[1291:357105] pid(1291)/euid(501) is calling TIS/TSM in non-main thread environment, ERROR : This is NOT allowed. Please call TIS/TSM in main thread!!!
2019-02-26 14:03:52.403 chromedriver[1291:357105] pid(1291)/euid(501) is calling TIS/TSM in non-main thread environment, ERROR : This is NOT allowed. Please call TIS/TSM in main thread!!!
2019-02-26 14:03:52.403 chromedriver[1291:357105] pid(1291)/euid(501) is calling TIS/TSM in non-main thread environment, ERROR : This is NOT allowed. Please call TIS/TSM in main thread!!!
2019-02-26 14:03:52.403 chromedriver[1291:357105] pid(1291)/euid(501) is calling TIS/TSM in non-main thread environment, ERROR : This is NOT allowed. Please call TIS/TSM in main thread!!!
2019-02-26 14:03:52.403 chromedriver[1291:357105] pid(1291)/euid(501) is calling TIS/TSM in non-main thread environment, ERROR : This is NOT allowed. Please call TIS/TSM in main thread!!!
2019-02-26 14:03:52.403 chromedriver[1291:357105] pid(1291)/euid(501) is calling TIS/TSM in non-main thread environment, ERROR : This is NOT allowed. Please call TIS/TSM in main thread!!!
2019-02-26 14:03:52.403 chromedriver[1291:357105] pid(1291)/euid(501) is calling TIS/TSM in non-main thread environment, ERROR : This is NOT allowed. Please call TIS/TSM in main thread!!!
2019-02-26 14:03:52.403 chromedriver[1291:357105] pid(1291)/euid(501) is calling TIS/TSM in non-main thread environment, ERROR : This is NOT allowed. Please call TIS/TSM in main thread!!!
2019-02-26 14:03:52.403 chromedriver[1291:357105] pid(1291)/euid(501) is calling TIS/TSM in non-main thread environment, ERROR : This is NOT allowed. Please call TIS/TSM in main thread!!!
2019-02-26 14:03:52.403 chromedriver[1291:357105] pid(1291)/euid(501) is calling TIS/TSM in non-main thread environment, ERROR : This is NOT allowed. Please call TIS/TSM in main thread!!!
2019-02-26 14:03:52.403 chromedriver[1291:357105] pid(1291)/euid(501) is calling TIS/TSM in non-main thread environment, ERROR : This is NOT allowed. Please call TIS/TSM in main thread!!!
2019-02-26 14:03:52.403 chromedriver[1291:357105] pid(1291)/euid(501) is calling TIS/TSM in non-main thread environment, ERROR : This is NOT allowed. Please call TIS/TSM in main thread!!!
2019-02-26 14:03:52.403 chromedriver[1291:357105] pid(1291)/euid(501) is calling TIS/TSM in non-main thread environment, ERROR : This is NOT allowed. Please call TIS/TSM in main thread!!!
2019-02-26 14:03:52.403 chromedriver[1291:357105] pid(1291)/euid(501) is calling TIS/TSM in non-main thread environment, ERROR : This is NOT allowed. Please call TIS/TSM in main thread!!!
2019-02-26 14:03:52.403 chromedriver[1291:357105] pid(1291)/euid(501) is calling TIS/TSM in non-main thread environment, ERROR : This is NOT allowed. Please call TIS/TSM in main thread!!!
2019-02-26 14:03:52.403 chromedriver[1291:357105] pid(1291)/euid(501) is calling TIS/TSM in non-main thread environment, ERROR : This is NOT allowed. Please call TIS/TSM in main thread!!!
2019-02-26 14:03:52.403 chromedriver[1291:357105] pid(1291)/euid(501) is calling TIS/TSM in non-main thread environment, ERROR : This is NOT allowed. Please call TIS/TSM in main thread!!!
2019-02-26 14:03:52.403 chromedriver[1291:357105] pid(1291)/euid(501) is calling TIS/TSM in non-main thread environment, ERROR : This is NOT allowed. Please call TIS/TSM in main thread!!!
2019-02-26 14:03:52.403 chromedriver[1291:357105] pid(1291)/euid(501) is calling TIS/TSM in non-main thread environment, ERROR : This is NOT allowed. Please call TIS/TSM in main thread!!!
2019-02-26 14:03:52.403 chromedriver[1291:357105] pid(1291)/euid(501) is calling TIS/TSM in non-main thread environment, ERROR : This is NOT allowed. Please call TIS/TSM in main thread!!!
2019-02-26 14:03:52.403 chromedriver[1291:357105] pid(1291)/euid(501) is calling TIS/TSM in non-main thread environment, ERROR : This is NOT allowed. Please call TIS/TSM in main thread!!!
2019-02-26 14:03:52.403 chromedriver[1291:357105] pid(1291)/euid(501) is calling TIS/TSM in non-main thread environment, ERROR : This is NOT allowed. Please call TIS/TSM in main thread!!!
2019-02-26 14:03:52.403 chromedriver[1291:357105] pid(1291)/euid(501) is calling TIS/TSM in non-main thread environment, ERROR : This is NOT allowed. Please call TIS/TSM in main thread!!!
2019-02-26 14:03:52.403 chromedriver[1291:357105] pid(1291)/euid(501) is calling TIS/TSM in non-main thread environment, ERROR : This is NOT allowed. Please call TIS/TSM in main thread!!!
2019-02-26 14:03:52.403 chromedriver[1291:357105] pid(1291)/euid(501) is calling TIS/TSM in non-main thread environment, ERROR : This is NOT allowed. Please call TIS/TSM in main thread!!!
2019-02-26 14:03:52.403 chromedriver[1291:357105] pid(1291)/euid(501) is calling TIS/TSM in non-main thread environment, ERROR : This is NOT allowed. Please call TIS/TSM in main thread!!!
2019-02-26 14:03:52.403 chromedriver[1291:357105] pid(1291)/euid(501) is calling TIS/TSM in non-main thread environment, ERROR : This is NOT allowed. Please call TIS/TSM in main thread!!!
2019-02-26 14:03:52.403 chromedriver[1291:357105] pid(1291)/euid(501) is calling TIS/TSM in non-main thread environment, ERROR : This is NOT allowed. Please call TIS/TSM in main thread!!!
2019-02-26 14:03:52.403 chromedriver[1291:357105] pid(1291)/euid(501) is calling TIS/TSM in non-main thread environment, ERROR : This is NOT allowed. Please call TIS/TSM in main thread!!!
2019-02-26 14:03:52.403 chromedriver[1291:357105] pid(1291)/euid(501) is calling TIS/TSM in non-main thread environment, ERROR : This is NOT allowed. Please call TIS/TSM in main thread!!!
2019-02-26 14:03:52.403 chromedriver[1291:357105] pid(1291)/euid(501) is calling TIS/TSM in non-main thread environment, ERROR : This is NOT allowed. Please call TIS/TSM in main thread!!!
2019-02-26 14:03:52.403 chromedriver[1291:357105] pid(1291)/euid(501) is calling TIS/TSM in non-main thread environment, ERROR : This is NOT allowed. Please call TIS/TSM in main thread!!!
2019-02-26 14:03:52.403 chromedriver[1291:357105] pid(1291)/euid(501) is calling TIS/TSM in non-main thread environment, ERROR : This is NOT allowed. Please call TIS/TSM in main thread!!!
2019-02-26 14:03:52.403 chromedriver[1291:357105] pid(1291)/euid(501) is calling TIS/TSM in non-main thread environment, ERROR : This is NOT allowed. Please call TIS/TSM in main thread!!!
2019-02-26 14:03:52.403 chromedriver[1291:357105] pid(1291)/euid(501) is calling TIS/TSM in non-main thread environment, ERROR : This is NOT allowed. Please call TIS/TSM in main thread!!!
2019-02-26 14:03:52.404 chromedriver[1291:357105] pid(1291)/euid(501) is calling TIS/TSM in non-main thread environment, ERROR : This is NOT allowed. Please call TIS/TSM in main thread!!!
2019-02-26 14:03:52.404 chromedriver[1291:357105] pid(1291)/euid(501) is calling TIS/TSM in non-main thread environment, ERROR : This is NOT allowed. Please call TIS/TSM in main thread!!!
2019-02-26 14:03:52.404 chromedriver[1291:357105] pid(1291)/euid(501) is calling TIS/TSM in non-main thread environment, ERROR : This is NOT allowed. Please call TIS/TSM in main thread!!!
2019-02-26 14:03:52.404 chromedriver[1291:357105] pid(1291)/euid(501) is calling TIS/TSM in non-main thread environment, ERROR : This is NOT allowed. Please call TIS/TSM in main thread!!!
2019-02-26 14:03:52.404 chromedriver[1291:357105] pid(1291)/euid(501) is calling TIS/TSM in non-main thread environment, ERROR : This is NOT allowed. Please call TIS/TSM in main thread!!!
2019-02-26 14:03:52.404 chromedriver[1291:357105] pid(1291)/euid(501) is calling TIS/TSM in non-main thread environment, ERROR : This is NOT allowed. Please call TIS/TSM in main thread!!!
2019-02-26 14:03:52.404 chromedriver[1291:357105] pid(1291)/euid(501) is calling TIS/TSM in non-main thread environment, ERROR : This is NOT allowed. Please call TIS/TSM in main thread!!!
2019-02-26 14:03:52.404 chromedriver[1291:357105] pid(1291)/euid(501) is calling TIS/TSM in non-main thread environment, ERROR : This is NOT allowed. Please call TIS/TSM in main thread!!!
2019-02-26 14:03:52.459 chromedriver[1291:357105] pid(1291)/euid(501) is calling TIS/TSM in non-main thread environment, ERROR : This is NOT allowed. Please call TIS/TSM in main thread!!!
2019-02-26 14:03:52.459 chromedriver[1291:357105] pid(1291)/euid(501) is calling TIS/TSM in non-main thread environment, ERROR : This is NOT allowed. Please call TIS/TSM in main thread!!!
2019-02-26 14:03:52.459 chromedriver[1291:357105] pid(1291)/euid(501) is calling TIS/TSM in non-main thread environment, ERROR : This is NOT allowed. Please call TIS/TSM in main thread!!!
2019-02-26 14:03:52.460 chromedriver[1291:357105] pid(1291)/euid(501) is calling TIS/TSM in non-main thread environment, ERROR : This is NOT allowed. Please call TIS/TSM in main thread!!!
2019-02-26 14:03:52.460 chromedriver[1291:357105] pid(1291)/euid(501) is calling TIS/TSM in non-main thread environment, ERROR : This is NOT allowed. Please call TIS/TSM in main thread!!!
2019-02-26 14:03:52.460 chromedriver[1291:357105] pid(1291)/euid(501) is calling TIS/TSM in non-main thread environment, ERROR : This is NOT allowed. Please call TIS/TSM in main thread!!!
2019-02-26 14:03:52.460 chromedriver[1291:357105] pid(1291)/euid(501) is calling TIS/TSM in non-main thread environment, ERROR : This is NOT allowed. Please call TIS/TSM in main thread!!!
2019-02-26 14:03:52.460 chromedriver[1291:357105] pid(1291)/euid(501) is calling TIS/TSM in non-main thread environment, ERROR : This is NOT allowed. Please call TIS/TSM in main thread!!!
2019-02-26 14:03:52.460 chromedriver[1291:357105] pid(1291)/euid(501) is calling TIS/TSM in non-main thread environment, ERROR : This is NOT allowed. Please call TIS/TSM in main thread!!!
2019-02-26 14:03:52.460 chromedriver[1291:357105] pid(1291)/euid(501) is calling TIS/TSM in non-main thread environment, ERROR : This is NOT allowed. Please call TIS/TSM in main thread!!!
2019-02-26 14:03:52.460 chromedriver[1291:357105] pid(1291)/euid(501) is calling TIS/TSM in non-main thread environment, ERROR : This is NOT allowed. Please call TIS/TSM in main thread!!!
2019-02-26 14:03:52.460 chromedriver[1291:357105] pid(1291)/euid(501) is calling TIS/TSM in non-main thread environment, ERROR : This is NOT allowed. Please call TIS/TSM in main thread!!!
2019-02-26 14:03:52.460 chromedriver[1291:357105] pid(1291)/euid(501) is calling TIS/TSM in non-main thread environment, ERROR : This is NOT allowed. Please call TIS/TSM in main thread!!!
2019-02-26 14:03:52.460 chromedriver[1291:357105] pid(1291)/euid(501) is calling TIS/TSM in non-main thread environment, ERROR : This is NOT allowed. Please call TIS/TSM in main thread!!!
2019-02-26 14:03:52.460 chromedriver[1291:357105] pid(1291)/euid(501) is calling TIS/TSM in non-main thread environment, ERROR : This is NOT allowed. Please call TIS/TSM in main thread!!!
2019-02-26 14:03:52.460 chromedriver[1291:357105] pid(1291)/euid(501) is calling TIS/TSM in non-main thread environment, ERROR : This is NOT allowed. Please call TIS/TSM in main thread!!!
2019-02-26 14:03:52.460 chromedriver[1291:357105] pid(1291)/euid(501) is calling TIS/TSM in non-main thread environment, ERROR : This is NOT allowed. Please call TIS/TSM in main thread!!!
2019-02-26 14:03:52.460 chromedriver[1291:357105] pid(1291)/euid(501) is calling TIS/TSM in non-main thread environment, ERROR : This is NOT allowed. Please call TIS/TSM in main thread!!!
2019-02-26 14:03:52.460 chromedriver[1291:357105] pid(1291)/euid(501) is calling TIS/TSM in non-main thread environment, ERROR : This is NOT allowed. Please call TIS/TSM in main thread!!!
2019-02-26 14:03:52.460 chromedriver[1291:357105] pid(1291)/euid(501) is calling TIS/TSM in non-main thread environment, ERROR : This is NOT allowed. Please call TIS/TSM in main thread!!!
2019-02-26 14:03:52.460 chromedriver[1291:357105] pid(1291)/euid(501) is calling TIS/TSM in non-main thread environment, ERROR : This is NOT allowed. Please call TIS/TSM in main thread!!!
2019-02-26 14:03:52.460 chromedriver[1291:357105] pid(1291)/euid(501) is calling TIS/TSM in non-main thread environment, ERROR : This is NOT allowed. Please call TIS/TSM in main thread!!!
2019-02-26 14:03:52.460 chromedriver[1291:357105] pid(1291)/euid(501) is calling TIS/TSM in non-main thread environment, ERROR : This is NOT allowed. Please call TIS/TSM in main thread!!!
2019-02-26 14:03:52.460 chromedriver[1291:357105] pid(1291)/euid(501) is calling TIS/TSM in non-main thread environment, ERROR : This is NOT allowed. Please call TIS/TSM in main thread!!!
2019-02-26 14:03:52.460 chromedriver[1291:357105] pid(1291)/euid(501) is calling TIS/TSM in non-main thread environment, ERROR : This is NOT allowed. Please call TIS/TSM in main thread!!!
2019-02-26 14:03:52.460 chromedriver[1291:357105] pid(1291)/euid(501) is calling TIS/TSM in non-main thread environment, ERROR : This is NOT allowed. Please call TIS/TSM in main thread!!!
2019-02-26 14:03:52.460 chromedriver[1291:357105] pid(1291)/euid(501) is calling TIS/TSM in non-main thread environment, ERROR : This is NOT allowed. Please call TIS/TSM in main thread!!!
2019-02-26 14:03:52.460 chromedriver[1291:357105] pid(1291)/euid(501) is calling TIS/TSM in non-main thread environment, ERROR : This is NOT allowed. Please call TIS/TSM in main thread!!!
2019-02-26 14:03:52.460 chromedriver[1291:357105] pid(1291)/euid(501) is calling TIS/TSM in non-main thread environment, ERROR : This is NOT allowed. Please call TIS/TSM in main thread!!!
2019-02-26 14:03:52.460 chromedriver[1291:357105] pid(1291)/euid(501) is calling TIS/TSM in non-main thread environment, ERROR : This is NOT allowed. Please call TIS/TSM in main thread!!!
2019-02-26 14:03:52.460 chromedriver[1291:357105] pid(1291)/euid(501) is calling TIS/TSM in non-main thread environment, ERROR : This is NOT allowed. Please call TIS/TSM in main thread!!!
2019-02-26 14:03:52.460 chromedriver[1291:357105] pid(1291)/euid(501) is calling TIS/TSM in non-main thread environment, ERROR : This is NOT allowed. Please call TIS/TSM in main thread!!!
2019-02-26 14:03:52.460 chromedriver[1291:357105] pid(1291)/euid(501) is calling TIS/TSM in non-main thread environment, ERROR : This is NOT allowed. Please call TIS/TSM in main thread!!!
2019-02-26 14:03:52.460 chromedriver[1291:357105] pid(1291)/euid(501) is calling TIS/TSM in non-main thread environment, ERROR : This is NOT allowed. Please call TIS/TSM in main thread!!!
2019-02-26 14:03:52.460 chromedriver[1291:357105] pid(1291)/euid(501) is calling TIS/TSM in non-main thread environment, ERROR : This is NOT allowed. Please call TIS/TSM in main thread!!!
2019-02-26 14:03:52.461 chromedriver[1291:357105] pid(1291)/euid(501) is calling TIS/TSM in non-main thread environment, ERROR : This is NOT allowed. Please call TIS/TSM in main thread!!!
2019-02-26 14:03:52.461 chromedriver[1291:357105] pid(1291)/euid(501) is calling TIS/TSM in non-main thread environment, ERROR : This is NOT allowed. Please call TIS/TSM in main thread!!!
2019-02-26 14:03:52.461 chromedriver[1291:357105] pid(1291)/euid(501) is calling TIS/TSM in non-main thread environment, ERROR : This is NOT allowed. Please call TIS/TSM in main thread!!!
2019-02-26 14:03:52.461 chromedriver[1291:357105] pid(1291)/euid(501) is calling TIS/TSM in non-main thread environment, ERROR : This is NOT allowed. Please call TIS/TSM in main thread!!!
2019-02-26 14:03:52.461 chromedriver[1291:357105] pid(1291)/euid(501) is calling TIS/TSM in non-main thread environment, ERROR : This is NOT allowed. Please call TIS/TSM in main thread!!!
2019-02-26 14:03:52.461 chromedriver[1291:357105] pid(1291)/euid(501) is calling TIS/TSM in non-main thread environment, ERROR : This is NOT allowed. Please call TIS/TSM in main thread!!!
2019-02-26 14:03:52.461 chromedriver[1291:357105] pid(1291)/euid(501) is calling TIS/TSM in non-main thread environment, ERROR : This is NOT allowed. Please call TIS/TSM in main thread!!!
2019-02-26 14:03:52.461 chromedriver[1291:357105] pid(1291)/euid(501) is calling TIS/TSM in non-main thread environment, ERROR : This is NOT allowed. Please call TIS/TSM in main thread!!!
]]></system-err>
  </testcase>
  <testcase name="usernamePasswordSpaceAfterwardsLogin[0]" classname="TestLoginLogout" time="23.075"/>
  <testcase name="emptyPasswordLogin[0]" classname="TestLoginLogout" time="16.331"/>
  <testcase name="LoginFunctionalityAndElements[0]" classname="TestLoginLogout" time="7.917"/>
  <testcase name="digitsUsernamePasswordLogin[0]" classname="TestLoginLogout" time="22.546"/>
  <testcase name="emptyFieldsLogin[0]" classname="TestLoginLogout" time="10.615"/>
</testsuite>